
*** Running vivado
    with args -log finn_design_StreamingFIFO_rtl_45_0.vds -m64 -product Vivado -mode batch -messageDb vivado.pb -notrace -source finn_design_StreamingFIFO_rtl_45_0.tcl


****** Vivado v2022.2 (64-bit)
  **** SW Build 3671981 on Fri Oct 14 04:59:54 MDT 2022
  **** IP Build 3669848 on Fri Oct 14 08:30:02 MDT 2022
    ** Copyright 1986-2022 Xilinx, Inc. All Rights Reserved.

source finn_design_StreamingFIFO_rtl_45_0.tcl -notrace
create_project: Time (s): cpu = 00:00:04 ; elapsed = 00:00:07 . Memory (MB): peak = 1318.660 ; gain = 0.023 ; free physical = 4177 ; free virtual = 7451
INFO: [IP_Flow 19-234] Refreshing IP repositories
INFO: [IP_Flow 19-1700] Loaded user IP repository '/home/ug_lab/finn/finn-rtllib/memstream'.
INFO: [IP_Flow 19-1700] Loaded user IP repository '/tmp/finn_dev_ug_lab/code_gen_ipgen_StreamingFIFO_rtl_0_nwarn1of'.
INFO: [IP_Flow 19-1700] Loaded user IP repository '/tmp/finn_dev_ug_lab/code_gen_ipgen_FMPadding_rtl_0_m4tsajpn'.
INFO: [IP_Flow 19-1700] Loaded user IP repository '/tmp/finn_dev_ug_lab/code_gen_ipgen_StreamingFIFO_rtl_1_ce0phr1n'.
INFO: [IP_Flow 19-1700] Loaded user IP repository '/tmp/finn_dev_ug_lab/code_gen_ipgen_StreamingDataWidthConverter_rtl_0_xb56_y14'.
INFO: [IP_Flow 19-1700] Loaded user IP repository '/tmp/finn_dev_ug_lab/code_gen_ipgen_StreamingFIFO_rtl_2_md_geplu'.
INFO: [IP_Flow 19-1700] Loaded user IP repository '/tmp/finn_dev_ug_lab/code_gen_ipgen_ConvolutionInputGenerator_rtl_0__m9uugb_'.
INFO: [IP_Flow 19-1700] Loaded user IP repository '/tmp/finn_dev_ug_lab/code_gen_ipgen_StreamingFIFO_rtl_3_d7gay76z'.
INFO: [IP_Flow 19-1700] Loaded user IP repository '/tmp/finn_dev_ug_lab/code_gen_ipgen_StreamingDataWidthConverter_rtl_1_fegyvytd'.
INFO: [IP_Flow 19-1700] Loaded user IP repository '/tmp/finn_dev_ug_lab/code_gen_ipgen_StreamingFIFO_rtl_4_z2phmwkt'.
INFO: [IP_Flow 19-1700] Loaded user IP repository '/tmp/finn_dev_ug_lab/code_gen_ipgen_MVAU_hls_0_4ucdkcbi/project_MVAU_hls_0/sol1/impl/ip'.
INFO: [IP_Flow 19-1700] Loaded user IP repository '/tmp/finn_dev_ug_lab/code_gen_ipgen_StreamingFIFO_rtl_5_v0u59d5q'.
INFO: [IP_Flow 19-1700] Loaded user IP repository '/tmp/finn_dev_ug_lab/code_gen_ipgen_StreamingDataWidthConverter_rtl_2_2eop8rfu'.
INFO: [IP_Flow 19-1700] Loaded user IP repository '/tmp/finn_dev_ug_lab/code_gen_ipgen_StreamingFIFO_rtl_6_08mvw34m'.
INFO: [IP_Flow 19-1700] Loaded user IP repository '/tmp/finn_dev_ug_lab/code_gen_ipgen_StreamingMaxPool_hls_0_9fxgdm82/project_StreamingMaxPool_hls_0/sol1/impl/ip'.
INFO: [IP_Flow 19-1700] Loaded user IP repository '/tmp/finn_dev_ug_lab/code_gen_ipgen_StreamingFIFO_rtl_7_cc_qe40p'.
INFO: [IP_Flow 19-1700] Loaded user IP repository '/tmp/finn_dev_ug_lab/code_gen_ipgen_FMPadding_rtl_1_zfv65kux'.
INFO: [IP_Flow 19-1700] Loaded user IP repository '/tmp/finn_dev_ug_lab/code_gen_ipgen_StreamingFIFO_rtl_8_i8h3cc93'.
INFO: [IP_Flow 19-1700] Loaded user IP repository '/tmp/finn_dev_ug_lab/code_gen_ipgen_StreamingDataWidthConverter_rtl_3_exbgsvmw'.
INFO: [IP_Flow 19-1700] Loaded user IP repository '/tmp/finn_dev_ug_lab/code_gen_ipgen_StreamingFIFO_rtl_9_g39pvxnr'.
INFO: [IP_Flow 19-1700] Loaded user IP repository '/tmp/finn_dev_ug_lab/code_gen_ipgen_ConvolutionInputGenerator_rtl_1_93_d4s_i'.
INFO: [IP_Flow 19-1700] Loaded user IP repository '/tmp/finn_dev_ug_lab/code_gen_ipgen_StreamingFIFO_rtl_10_v_an4hwg'.
INFO: [IP_Flow 19-1700] Loaded user IP repository '/tmp/finn_dev_ug_lab/code_gen_ipgen_StreamingDataWidthConverter_rtl_4_uq_dcmmv'.
INFO: [IP_Flow 19-1700] Loaded user IP repository '/tmp/finn_dev_ug_lab/code_gen_ipgen_StreamingFIFO_rtl_11_n9hqx_9q'.
INFO: [IP_Flow 19-1700] Loaded user IP repository '/tmp/finn_dev_ug_lab/code_gen_ipgen_MVAU_hls_1_4z9tob4g/project_MVAU_hls_1/sol1/impl/ip'.
INFO: [IP_Flow 19-1700] Loaded user IP repository '/tmp/finn_dev_ug_lab/code_gen_ipgen_StreamingFIFO_rtl_12_3bg1zlmb'.
INFO: [IP_Flow 19-1700] Loaded user IP repository '/tmp/finn_dev_ug_lab/code_gen_ipgen_StreamingDataWidthConverter_rtl_5_gxxih1y7'.
INFO: [IP_Flow 19-1700] Loaded user IP repository '/tmp/finn_dev_ug_lab/code_gen_ipgen_StreamingFIFO_rtl_13_ysxez98f'.
INFO: [IP_Flow 19-1700] Loaded user IP repository '/tmp/finn_dev_ug_lab/code_gen_ipgen_StreamingMaxPool_hls_1_5u5657md/project_StreamingMaxPool_hls_1/sol1/impl/ip'.
INFO: [IP_Flow 19-1700] Loaded user IP repository '/tmp/finn_dev_ug_lab/code_gen_ipgen_StreamingFIFO_rtl_14_v1tc3b4o'.
INFO: [IP_Flow 19-1700] Loaded user IP repository '/tmp/finn_dev_ug_lab/code_gen_ipgen_FMPadding_rtl_2_l3u0ieyj'.
INFO: [IP_Flow 19-1700] Loaded user IP repository '/tmp/finn_dev_ug_lab/code_gen_ipgen_StreamingFIFO_rtl_15_n066kz74'.
INFO: [IP_Flow 19-1700] Loaded user IP repository '/tmp/finn_dev_ug_lab/code_gen_ipgen_StreamingDataWidthConverter_rtl_6_rmh661_y'.
INFO: [IP_Flow 19-1700] Loaded user IP repository '/tmp/finn_dev_ug_lab/code_gen_ipgen_StreamingFIFO_rtl_16_tq29gxt1'.
INFO: [IP_Flow 19-1700] Loaded user IP repository '/tmp/finn_dev_ug_lab/code_gen_ipgen_ConvolutionInputGenerator_rtl_2_zj9rsa76'.
INFO: [IP_Flow 19-1700] Loaded user IP repository '/tmp/finn_dev_ug_lab/code_gen_ipgen_StreamingFIFO_rtl_17_0r5o755y'.
INFO: [IP_Flow 19-1700] Loaded user IP repository '/tmp/finn_dev_ug_lab/code_gen_ipgen_StreamingDataWidthConverter_rtl_7_v8az255t'.
INFO: [IP_Flow 19-1700] Loaded user IP repository '/tmp/finn_dev_ug_lab/code_gen_ipgen_StreamingFIFO_rtl_18_0p7kylb4'.
INFO: [IP_Flow 19-1700] Loaded user IP repository '/tmp/finn_dev_ug_lab/code_gen_ipgen_MVAU_hls_2_f4g_g298/project_MVAU_hls_2/sol1/impl/ip'.
INFO: [IP_Flow 19-1700] Loaded user IP repository '/tmp/finn_dev_ug_lab/code_gen_ipgen_StreamingFIFO_rtl_19_3mz5jxq9'.
INFO: [IP_Flow 19-1700] Loaded user IP repository '/tmp/finn_dev_ug_lab/code_gen_ipgen_StreamingDataWidthConverter_rtl_8_arjoxkaz'.
INFO: [IP_Flow 19-1700] Loaded user IP repository '/tmp/finn_dev_ug_lab/code_gen_ipgen_StreamingFIFO_rtl_20_sjken06n'.
INFO: [IP_Flow 19-1700] Loaded user IP repository '/tmp/finn_dev_ug_lab/code_gen_ipgen_StreamingMaxPool_hls_2_ma79cjy7/project_StreamingMaxPool_hls_2/sol1/impl/ip'.
INFO: [IP_Flow 19-1700] Loaded user IP repository '/tmp/finn_dev_ug_lab/code_gen_ipgen_StreamingFIFO_rtl_21_fk_wu8kg'.
INFO: [IP_Flow 19-1700] Loaded user IP repository '/tmp/finn_dev_ug_lab/code_gen_ipgen_FMPadding_rtl_3_awquvonm'.
INFO: [IP_Flow 19-1700] Loaded user IP repository '/tmp/finn_dev_ug_lab/code_gen_ipgen_StreamingFIFO_rtl_22_s1qyqruq'.
INFO: [IP_Flow 19-1700] Loaded user IP repository '/tmp/finn_dev_ug_lab/code_gen_ipgen_StreamingDataWidthConverter_rtl_9_1ak4tvi0'.
INFO: [IP_Flow 19-1700] Loaded user IP repository '/tmp/finn_dev_ug_lab/code_gen_ipgen_StreamingFIFO_rtl_23_sar4u60w'.
INFO: [IP_Flow 19-1700] Loaded user IP repository '/tmp/finn_dev_ug_lab/code_gen_ipgen_ConvolutionInputGenerator_rtl_3_kgxam4t7'.
INFO: [IP_Flow 19-1700] Loaded user IP repository '/tmp/finn_dev_ug_lab/code_gen_ipgen_StreamingFIFO_rtl_24_t5ax6bpu'.
INFO: [IP_Flow 19-1700] Loaded user IP repository '/tmp/finn_dev_ug_lab/code_gen_ipgen_StreamingDataWidthConverter_rtl_10_q6chrc9m'.
INFO: [IP_Flow 19-1700] Loaded user IP repository '/tmp/finn_dev_ug_lab/code_gen_ipgen_StreamingFIFO_rtl_25_9iwrc41r'.
INFO: [IP_Flow 19-1700] Loaded user IP repository '/tmp/finn_dev_ug_lab/code_gen_ipgen_MVAU_hls_3_3x5e4_l0/project_MVAU_hls_3/sol1/impl/ip'.
INFO: [IP_Flow 19-1700] Loaded user IP repository '/tmp/finn_dev_ug_lab/code_gen_ipgen_StreamingFIFO_rtl_26_i1thacc5'.
INFO: [IP_Flow 19-1700] Loaded user IP repository '/tmp/finn_dev_ug_lab/code_gen_ipgen_StreamingDataWidthConverter_rtl_11_5g7eb0n5'.
INFO: [IP_Flow 19-1700] Loaded user IP repository '/tmp/finn_dev_ug_lab/code_gen_ipgen_StreamingFIFO_rtl_27_a4j1sl04'.
INFO: [IP_Flow 19-1700] Loaded user IP repository '/tmp/finn_dev_ug_lab/code_gen_ipgen_StreamingMaxPool_hls_3_t0395dtr/project_StreamingMaxPool_hls_3/sol1/impl/ip'.
INFO: [IP_Flow 19-1700] Loaded user IP repository '/tmp/finn_dev_ug_lab/code_gen_ipgen_StreamingFIFO_rtl_28_68ew_70i'.
INFO: [IP_Flow 19-1700] Loaded user IP repository '/tmp/finn_dev_ug_lab/code_gen_ipgen_FMPadding_rtl_4_qwowe7as'.
INFO: [IP_Flow 19-1700] Loaded user IP repository '/tmp/finn_dev_ug_lab/code_gen_ipgen_StreamingFIFO_rtl_29_movoptca'.
INFO: [IP_Flow 19-1700] Loaded user IP repository '/tmp/finn_dev_ug_lab/code_gen_ipgen_StreamingDataWidthConverter_rtl_12_emcgwqz8'.
INFO: [IP_Flow 19-1700] Loaded user IP repository '/tmp/finn_dev_ug_lab/code_gen_ipgen_StreamingFIFO_rtl_30_mbzs867v'.
INFO: [IP_Flow 19-1700] Loaded user IP repository '/tmp/finn_dev_ug_lab/code_gen_ipgen_ConvolutionInputGenerator_rtl_4_bj9ztzhu'.
INFO: [IP_Flow 19-1700] Loaded user IP repository '/tmp/finn_dev_ug_lab/code_gen_ipgen_StreamingFIFO_rtl_31_do5uzo8p'.
INFO: [IP_Flow 19-1700] Loaded user IP repository '/tmp/finn_dev_ug_lab/code_gen_ipgen_StreamingDataWidthConverter_rtl_13_rcbhwr8r'.
INFO: [IP_Flow 19-1700] Loaded user IP repository '/tmp/finn_dev_ug_lab/code_gen_ipgen_StreamingFIFO_rtl_32_9simff0k'.
INFO: [IP_Flow 19-1700] Loaded user IP repository '/tmp/finn_dev_ug_lab/code_gen_ipgen_MVAU_hls_4_bf8hvydk/project_MVAU_hls_4/sol1/impl/ip'.
INFO: [IP_Flow 19-1700] Loaded user IP repository '/tmp/finn_dev_ug_lab/code_gen_ipgen_StreamingFIFO_rtl_33_wzqr9_0f'.
INFO: [IP_Flow 19-1700] Loaded user IP repository '/tmp/finn_dev_ug_lab/code_gen_ipgen_StreamingDataWidthConverter_rtl_14_ujar58mh'.
INFO: [IP_Flow 19-1700] Loaded user IP repository '/tmp/finn_dev_ug_lab/code_gen_ipgen_StreamingFIFO_rtl_34_v4q_8w0b'.
INFO: [IP_Flow 19-1700] Loaded user IP repository '/tmp/finn_dev_ug_lab/code_gen_ipgen_StreamingMaxPool_hls_4_wjfji4l7/project_StreamingMaxPool_hls_4/sol1/impl/ip'.
INFO: [IP_Flow 19-1700] Loaded user IP repository '/tmp/finn_dev_ug_lab/code_gen_ipgen_StreamingFIFO_rtl_35_rm7qjnsx'.
INFO: [IP_Flow 19-1700] Loaded user IP repository '/tmp/finn_dev_ug_lab/code_gen_ipgen_FMPadding_rtl_5_fe9ourd6'.
INFO: [IP_Flow 19-1700] Loaded user IP repository '/tmp/finn_dev_ug_lab/code_gen_ipgen_StreamingFIFO_rtl_36_xnwbg58o'.
INFO: [IP_Flow 19-1700] Loaded user IP repository '/tmp/finn_dev_ug_lab/code_gen_ipgen_StreamingDataWidthConverter_rtl_15_fh06umud'.
INFO: [IP_Flow 19-1700] Loaded user IP repository '/tmp/finn_dev_ug_lab/code_gen_ipgen_StreamingFIFO_rtl_37_b9s3au7x'.
INFO: [IP_Flow 19-1700] Loaded user IP repository '/tmp/finn_dev_ug_lab/code_gen_ipgen_ConvolutionInputGenerator_rtl_5_ojizvlo5'.
INFO: [IP_Flow 19-1700] Loaded user IP repository '/tmp/finn_dev_ug_lab/code_gen_ipgen_StreamingFIFO_rtl_38_exe95kjt'.
INFO: [IP_Flow 19-1700] Loaded user IP repository '/tmp/finn_dev_ug_lab/code_gen_ipgen_StreamingDataWidthConverter_rtl_16_jlddzc49'.
INFO: [IP_Flow 19-1700] Loaded user IP repository '/tmp/finn_dev_ug_lab/code_gen_ipgen_StreamingFIFO_rtl_39_iobks8ch'.
INFO: [IP_Flow 19-1700] Loaded user IP repository '/tmp/finn_dev_ug_lab/code_gen_ipgen_MVAU_hls_5_z_abwm0r/project_MVAU_hls_5/sol1/impl/ip'.
INFO: [IP_Flow 19-1700] Loaded user IP repository '/tmp/finn_dev_ug_lab/code_gen_ipgen_StreamingFIFO_rtl_40_o2rinf8o'.
INFO: [IP_Flow 19-1700] Loaded user IP repository '/tmp/finn_dev_ug_lab/code_gen_ipgen_StreamingDataWidthConverter_rtl_17_uwet2jtm'.
INFO: [IP_Flow 19-1700] Loaded user IP repository '/tmp/finn_dev_ug_lab/code_gen_ipgen_StreamingFIFO_rtl_41_bg5j4_on'.
INFO: [IP_Flow 19-1700] Loaded user IP repository '/tmp/finn_dev_ug_lab/code_gen_ipgen_FMPadding_rtl_6_0n5o4tx5'.
INFO: [IP_Flow 19-1700] Loaded user IP repository '/tmp/finn_dev_ug_lab/code_gen_ipgen_StreamingFIFO_rtl_42_aei_pg0x'.
INFO: [IP_Flow 19-1700] Loaded user IP repository '/tmp/finn_dev_ug_lab/code_gen_ipgen_StreamingDataWidthConverter_rtl_18_kdka0bt_'.
INFO: [IP_Flow 19-1700] Loaded user IP repository '/tmp/finn_dev_ug_lab/code_gen_ipgen_StreamingFIFO_rtl_43_3nonuy78'.
INFO: [IP_Flow 19-1700] Loaded user IP repository '/tmp/finn_dev_ug_lab/code_gen_ipgen_ConvolutionInputGenerator_rtl_6_ipt78yet'.
INFO: [IP_Flow 19-1700] Loaded user IP repository '/tmp/finn_dev_ug_lab/code_gen_ipgen_StreamingFIFO_rtl_44_yw00fymr'.
INFO: [IP_Flow 19-1700] Loaded user IP repository '/tmp/finn_dev_ug_lab/code_gen_ipgen_StreamingDataWidthConverter_rtl_19_cel8waiz'.
INFO: [IP_Flow 19-1700] Loaded user IP repository '/tmp/finn_dev_ug_lab/code_gen_ipgen_StreamingFIFO_rtl_45_lh8rqd51'.
INFO: [IP_Flow 19-1700] Loaded user IP repository '/tmp/finn_dev_ug_lab/code_gen_ipgen_MVAU_hls_6_4xmley2e/project_MVAU_hls_6/sol1/impl/ip'.
INFO: [IP_Flow 19-1700] Loaded user IP repository '/tmp/finn_dev_ug_lab/code_gen_ipgen_StreamingFIFO_rtl_46_j235m_9j'.
INFO: [IP_Flow 19-1700] Loaded user IP repository '/tmp/finn_dev_ug_lab/code_gen_ipgen_MVAU_hls_7_qsx_7bko/project_MVAU_hls_7/sol1/impl/ip'.
INFO: [IP_Flow 19-1700] Loaded user IP repository '/tmp/finn_dev_ug_lab/code_gen_ipgen_StreamingFIFO_rtl_47__66qt0z7'.
INFO: [IP_Flow 19-1700] Loaded user IP repository '/tmp/finn_dev_ug_lab/code_gen_ipgen_StreamingDataWidthConverter_rtl_20_liukhrfo'.
INFO: [IP_Flow 19-1700] Loaded user IP repository '/tmp/finn_dev_ug_lab/code_gen_ipgen_StreamingFIFO_rtl_48_fbubumj8'.
INFO: [IP_Flow 19-1700] Loaded user IP repository '/tmp/finn_dev_ug_lab/code_gen_ipgen_FMPadding_rtl_7_kvaz2c7r'.
INFO: [IP_Flow 19-1700] Loaded user IP repository '/tmp/finn_dev_ug_lab/code_gen_ipgen_StreamingFIFO_rtl_49_e1jambqq'.
INFO: [Common 17-14] Message 'IP_Flow 19-1700' appears 100 times and further instances of the messages will be disabled. Use the Tcl command set_msg_config to change the current settings.
INFO: [IP_Flow 19-2313] Loaded Vivado IP repository '/opt/Xilinx/Vivado/2022.2/data/ip'.
INFO: [IP_Flow 19-6924] IPCACHE: Running cache check for IP inst: finn_design_StreamingFIFO_rtl_45_0
Command: synth_design -top finn_design_StreamingFIFO_rtl_45_0 -part xc7z020clg400-1 -incremental_mode off -mode out_of_context
Starting synth_design
Attempting to get a license for feature 'Synthesis' and/or device 'xc7z020'
INFO: [Common 17-349] Got license for feature 'Synthesis' and/or device 'xc7z020'
INFO: [Designutils 20-5008] Incremental synthesis strategy off
INFO: [Synth 8-7079] Multithreading enabled for synth_design using a maximum of 4 processes.
INFO: [Synth 8-7078] Launching helper process for spawning children vivado processes
INFO: [Synth 8-7075] Helper process launched with PID 775363
INFO: [Synth 8-11241] undeclared symbol 'REGCCE', assumed default net type 'wire' [/opt/Xilinx/Vivado/2022.2/data/verilog/src/unimacro/BRAM_SINGLE_MACRO.v:2170]
---------------------------------------------------------------------------------
Starting Synthesize : Time (s): cpu = 00:00:04 ; elapsed = 00:00:05 . Memory (MB): peak = 1648.492 ; gain = 329.832 ; free physical = 2642 ; free virtual = 5955
Synthesis current peak Physical Memory [PSS] (MB): peak = 844.469; parent = 719.376; children = 125.093
Synthesis current peak Virtual Memory [VSS] (MB): peak = 2662.426; parent = 1648.496; children = 1013.930
---------------------------------------------------------------------------------
INFO: [Synth 8-6157] synthesizing module 'finn_design_StreamingFIFO_rtl_45_0' [/home/ug_lab/finn/notebooks/pls5/output/stitched_ip/finn_vivado_stitch_proj.gen/sources_1/bd/finn_design/ip/finn_design_StreamingFIFO_rtl_45_0/synth/finn_design_StreamingFIFO_rtl_45_0.v:53]
INFO: [Synth 8-6157] synthesizing module 'StreamingFIFO_rtl_45' [/tmp/finn_dev_ug_lab/code_gen_ipgen_StreamingFIFO_rtl_45_lh8rqd51/StreamingFIFO_rtl_45.v:32]
INFO: [Synth 8-6157] synthesizing module 'Q_srl' [/tmp/finn_dev_ug_lab/code_gen_ipgen_StreamingFIFO_rtl_0_nwarn1of/Q_srl.v:72]
INFO: [Synth 8-6155] done synthesizing module 'Q_srl' (0#1) [/tmp/finn_dev_ug_lab/code_gen_ipgen_StreamingFIFO_rtl_0_nwarn1of/Q_srl.v:72]
INFO: [Synth 8-6155] done synthesizing module 'StreamingFIFO_rtl_45' (0#1) [/tmp/finn_dev_ug_lab/code_gen_ipgen_StreamingFIFO_rtl_45_lh8rqd51/StreamingFIFO_rtl_45.v:32]
INFO: [Synth 8-6155] done synthesizing module 'finn_design_StreamingFIFO_rtl_45_0' (0#1) [/home/ug_lab/finn/notebooks/pls5/output/stitched_ip/finn_vivado_stitch_proj.gen/sources_1/bd/finn_design/ip/finn_design_StreamingFIFO_rtl_45_0/synth/finn_design_StreamingFIFO_rtl_45_0.v:53]
WARNING: [Synth 8-6014] Unused sequential element addr_full_reg was removed.  [/tmp/finn_dev_ug_lab/code_gen_ipgen_StreamingFIFO_rtl_0_nwarn1of/Q_srl.v:144]
---------------------------------------------------------------------------------
Finished Synthesize : Time (s): cpu = 00:00:05 ; elapsed = 00:00:07 . Memory (MB): peak = 1716.461 ; gain = 397.801 ; free physical = 2553 ; free virtual = 5867
Synthesis current peak Physical Memory [PSS] (MB): peak = 844.469; parent = 719.376; children = 126.161
Synthesis current peak Virtual Memory [VSS] (MB): peak = 2730.395; parent = 1716.465; children = 1013.930
---------------------------------------------------------------------------------
---------------------------------------------------------------------------------
Finished Constraint Validation : Time (s): cpu = 00:00:05 ; elapsed = 00:00:08 . Memory (MB): peak = 1731.305 ; gain = 412.645 ; free physical = 2412 ; free virtual = 5725
Synthesis current peak Physical Memory [PSS] (MB): peak = 844.469; parent = 719.376; children = 126.172
Synthesis current peak Virtual Memory [VSS] (MB): peak = 2745.238; parent = 1731.309; children = 1013.930
---------------------------------------------------------------------------------
---------------------------------------------------------------------------------
Start Loading Part and Timing Information
---------------------------------------------------------------------------------
Loading part: xc7z020clg400-1
---------------------------------------------------------------------------------
Finished Loading Part and Timing Information : Time (s): cpu = 00:00:05 ; elapsed = 00:00:08 . Memory (MB): peak = 1739.309 ; gain = 420.648 ; free physical = 2409 ; free virtual = 5722
INFO: [Device 21-403] Loading part xc7z020clg400-1
Synthesis current peak Physical Memory [PSS] (MB): peak = 844.469; parent = 719.376; children = 126.172
Synthesis current peak Virtual Memory [VSS] (MB): peak = 2753.242; parent = 1739.312; children = 1013.930
---------------------------------------------------------------------------------
INFO: [Synth 8-802] inferred FSM for state register 'state_reg' in module 'Q_srl'
---------------------------------------------------------------------------------------------------
                   State |                     New Encoding |                Previous Encoding 
---------------------------------------------------------------------------------------------------
             state_empty |                               00 |                               00
               state_one |                               01 |                               01
              state_more |                               10 |                               10
---------------------------------------------------------------------------------------------------
INFO: [Synth 8-3354] encoded FSM with state register 'state_reg' using encoding 'sequential' in module 'Q_srl'
---------------------------------------------------------------------------------
Finished RTL Optimization Phase 2 : Time (s): cpu = 00:00:05 ; elapsed = 00:00:08 . Memory (MB): peak = 1748.215 ; gain = 429.555 ; free physical = 2310 ; free virtual = 5619
Synthesis current peak Physical Memory [PSS] (MB): peak = 844.469; parent = 719.376; children = 126.172
Synthesis current peak Virtual Memory [VSS] (MB): peak = 2762.148; parent = 1748.219; children = 1013.930
---------------------------------------------------------------------------------
No constraint files found.
---------------------------------------------------------------------------------
Start RTL Component Statistics 
---------------------------------------------------------------------------------
Detailed RTL Component Info : 
+---Adders : 
	   2 Input    1 Bit       Adders := 1     
+---Registers : 
	               24 Bit    Registers := 2     
	                2 Bit    Registers := 1     
	                1 Bit    Registers := 3     
+---Muxes : 
	   3 Input   24 Bit        Muxes := 1     
	   2 Input    2 Bit        Muxes := 8     
	   3 Input    2 Bit        Muxes := 6     
	   2 Input    1 Bit        Muxes := 6     
	   3 Input    1 Bit        Muxes := 3     
---------------------------------------------------------------------------------
Finished RTL Component Statistics 
---------------------------------------------------------------------------------
---------------------------------------------------------------------------------
Start Part Resource Summary
---------------------------------------------------------------------------------
Part Resources:
DSPs: 220 (col length:60)
BRAMs: 280 (col length: RAMB18 60 RAMB36 30)
---------------------------------------------------------------------------------
Finished Part Resource Summary
---------------------------------------------------------------------------------
No constraint files found.
---------------------------------------------------------------------------------
Start Cross Boundary and Area Optimization
---------------------------------------------------------------------------------
WARNING: [Synth 8-7080] Parallel synthesis criteria is not met
---------------------------------------------------------------------------------
Finished Cross Boundary and Area Optimization : Time (s): cpu = 00:00:09 ; elapsed = 00:00:12 . Memory (MB): peak = 1891.309 ; gain = 572.648 ; free physical = 2444 ; free virtual = 5746
Synthesis current peak Physical Memory [PSS] (MB): peak = 1077.250; parent = 950.444; children = 127.048
Synthesis current peak Virtual Memory [VSS] (MB): peak = 2905.242; parent = 1891.312; children = 1013.930
---------------------------------------------------------------------------------
No constraint files found.
---------------------------------------------------------------------------------
Start Timing Optimization
---------------------------------------------------------------------------------
---------------------------------------------------------------------------------
Finished Timing Optimization : Time (s): cpu = 00:00:09 ; elapsed = 00:00:13 . Memory (MB): peak = 1891.309 ; gain = 572.648 ; free physical = 2349 ; free virtual = 5651
Synthesis current peak Physical Memory [PSS] (MB): peak = 1080.287; parent = 953.509; children = 127.048
Synthesis current peak Virtual Memory [VSS] (MB): peak = 2905.242; parent = 1891.312; children = 1013.930
---------------------------------------------------------------------------------
---------------------------------------------------------------------------------
Start Technology Mapping
---------------------------------------------------------------------------------
---------------------------------------------------------------------------------
Finished Technology Mapping : Time (s): cpu = 00:00:09 ; elapsed = 00:00:13 . Memory (MB): peak = 1899.316 ; gain = 580.656 ; free physical = 2341 ; free virtual = 5644
Synthesis current peak Physical Memory [PSS] (MB): peak = 1080.555; parent = 953.808; children = 127.048
Synthesis current peak Virtual Memory [VSS] (MB): peak = 2913.250; parent = 1899.320; children = 1013.930
---------------------------------------------------------------------------------
---------------------------------------------------------------------------------
Start IO Insertion
---------------------------------------------------------------------------------
---------------------------------------------------------------------------------
Start Flattening Before IO Insertion
---------------------------------------------------------------------------------
---------------------------------------------------------------------------------
Finished Flattening Before IO Insertion
---------------------------------------------------------------------------------
---------------------------------------------------------------------------------
Start Final Netlist Cleanup
---------------------------------------------------------------------------------
---------------------------------------------------------------------------------
Finished Final Netlist Cleanup
---------------------------------------------------------------------------------
---------------------------------------------------------------------------------
Finished IO Insertion : Time (s): cpu = 00:00:11 ; elapsed = 00:00:15 . Memory (MB): peak = 1899.316 ; gain = 580.656 ; free physical = 6153 ; free virtual = 9477
Synthesis current peak Physical Memory [PSS] (MB): peak = 1089.353; parent = 959.555; children = 129.798
Synthesis current peak Virtual Memory [VSS] (MB): peak = 2913.250; parent = 1899.320; children = 1013.930
---------------------------------------------------------------------------------
---------------------------------------------------------------------------------
Start Renaming Generated Instances
---------------------------------------------------------------------------------
---------------------------------------------------------------------------------
Finished Renaming Generated Instances : Time (s): cpu = 00:00:11 ; elapsed = 00:00:15 . Memory (MB): peak = 1899.316 ; gain = 580.656 ; free physical = 6104 ; free virtual = 9427
Synthesis current peak Physical Memory [PSS] (MB): peak = 1089.353; parent = 959.555; children = 129.798
Synthesis current peak Virtual Memory [VSS] (MB): peak = 2913.250; parent = 1899.320; children = 1013.930
---------------------------------------------------------------------------------
---------------------------------------------------------------------------------
Start Rebuilding User Hierarchy
---------------------------------------------------------------------------------
---------------------------------------------------------------------------------
Finished Rebuilding User Hierarchy : Time (s): cpu = 00:00:11 ; elapsed = 00:00:15 . Memory (MB): peak = 1899.316 ; gain = 580.656 ; free physical = 6145 ; free virtual = 9469
Synthesis current peak Physical Memory [PSS] (MB): peak = 1089.353; parent = 959.555; children = 129.798
Synthesis current peak Virtual Memory [VSS] (MB): peak = 2913.250; parent = 1899.320; children = 1013.930
---------------------------------------------------------------------------------
---------------------------------------------------------------------------------
Start Renaming Generated Ports
---------------------------------------------------------------------------------
---------------------------------------------------------------------------------
Finished Renaming Generated Ports : Time (s): cpu = 00:00:11 ; elapsed = 00:00:15 . Memory (MB): peak = 1899.316 ; gain = 580.656 ; free physical = 6137 ; free virtual = 9461
Synthesis current peak Physical Memory [PSS] (MB): peak = 1089.353; parent = 959.555; children = 129.798
Synthesis current peak Virtual Memory [VSS] (MB): peak = 2913.250; parent = 1899.320; children = 1013.930
---------------------------------------------------------------------------------
---------------------------------------------------------------------------------
Start Handling Custom Attributes
---------------------------------------------------------------------------------
---------------------------------------------------------------------------------
Finished Handling Custom Attributes : Time (s): cpu = 00:00:11 ; elapsed = 00:00:15 . Memory (MB): peak = 1899.316 ; gain = 580.656 ; free physical = 6135 ; free virtual = 9458
Synthesis current peak Physical Memory [PSS] (MB): peak = 1089.353; parent = 959.555; children = 129.798
Synthesis current peak Virtual Memory [VSS] (MB): peak = 2913.250; parent = 1899.320; children = 1013.930
---------------------------------------------------------------------------------
---------------------------------------------------------------------------------
Start Renaming Generated Nets
---------------------------------------------------------------------------------
---------------------------------------------------------------------------------
Finished Renaming Generated Nets : Time (s): cpu = 00:00:11 ; elapsed = 00:00:16 . Memory (MB): peak = 1899.316 ; gain = 580.656 ; free physical = 6115 ; free virtual = 9439
Synthesis current peak Physical Memory [PSS] (MB): peak = 1089.353; parent = 959.555; children = 129.798
Synthesis current peak Virtual Memory [VSS] (MB): peak = 2913.250; parent = 1899.320; children = 1013.930
---------------------------------------------------------------------------------
---------------------------------------------------------------------------------
Start Writing Synthesis Report
---------------------------------------------------------------------------------

Report BlackBoxes: 
+-+--------------+----------+
| |BlackBox name |Instances |
+-+--------------+----------+
+-+--------------+----------+

Report Cell Usage: 
+------+-----+------+
|      |Cell |Count |
+------+-----+------+
|1     |LUT1 |     1|
|2     |LUT2 |     3|
|3     |LUT3 |     1|
|4     |LUT4 |    30|
|5     |FDRE |    53|
|6     |FDSE |     1|
+------+-----+------+

Report Instance Areas: 
+------+---------+---------------------+------+
|      |Instance |Module               |Cells |
+------+---------+---------------------+------+
|1     |top      |                     |    89|
|2     |  inst   |StreamingFIFO_rtl_45 |    89|
|3     |    impl |Q_srl                |    89|
+------+---------+---------------------+------+
---------------------------------------------------------------------------------
Finished Writing Synthesis Report : Time (s): cpu = 00:00:11 ; elapsed = 00:00:16 . Memory (MB): peak = 1899.316 ; gain = 580.656 ; free physical = 6095 ; free virtual = 9403
Synthesis current peak Physical Memory [PSS] (MB): peak = 1089.353; parent = 959.555; children = 129.798
Synthesis current peak Virtual Memory [VSS] (MB): peak = 2913.250; parent = 1899.320; children = 1013.930
---------------------------------------------------------------------------------
Synthesis finished with 0 errors, 0 critical warnings and 2 warnings.
Synthesis Optimization Runtime : Time (s): cpu = 00:00:11 ; elapsed = 00:00:16 . Memory (MB): peak = 1899.316 ; gain = 580.656 ; free physical = 6106 ; free virtual = 9415
Synthesis Optimization Complete : Time (s): cpu = 00:00:11 ; elapsed = 00:00:16 . Memory (MB): peak = 1899.324 ; gain = 580.656 ; free physical = 6102 ; free virtual = 9411
INFO: [Project 1-571] Translating synthesized netlist
Netlist sorting complete. Time (s): cpu = 00:00:00 ; elapsed = 00:00:00 . Memory (MB): peak = 1907.254 ; gain = 0.000 ; free physical = 6151 ; free virtual = 9460
INFO: [Project 1-570] Preparing netlist for logic optimization
INFO: [Opt 31-138] Pushed 0 inverter(s) to 0 load pin(s).
Netlist sorting complete. Time (s): cpu = 00:00:00 ; elapsed = 00:00:00 . Memory (MB): peak = 2043.902 ; gain = 0.000 ; free physical = 5614 ; free virtual = 8921
INFO: [Project 1-111] Unisim Transformation Summary:
No Unisim elements were transformed.

Synth Design complete, checksum: 2705fabb
INFO: [Common 17-83] Releasing license: Synthesis
124 Infos, 2 Warnings, 0 Critical Warnings and 0 Errors encountered.
synth_design completed successfully
synth_design: Time (s): cpu = 00:00:14 ; elapsed = 00:00:17 . Memory (MB): peak = 2043.902 ; gain = 725.242 ; free physical = 5762 ; free virtual = 9069
INFO: [Timing 38-35] Done setting XDC timing constraints.
INFO: [Common 17-1381] The checkpoint '/home/ug_lab/finn/notebooks/pls5/output/stitched_ip/finn_vivado_stitch_proj.runs/finn_design_StreamingFIFO_rtl_45_0_synth_1/finn_design_StreamingFIFO_rtl_45_0.dcp' has been generated.
write_checkpoint: Time (s): cpu = 00:00:04 ; elapsed = 00:00:06 . Memory (MB): peak = 2405.887 ; gain = 361.984 ; free physical = 8096 ; free virtual = 11414
INFO: [Coretcl 2-1648] Added synthesis output to IP cache for IP finn_design_StreamingFIFO_rtl_45_0, cache-ID = 8e6d8baca659fb72
INFO: [Coretcl 2-1174] Renamed 2 cell refs.
INFO: [Common 17-1381] The checkpoint '/home/ug_lab/finn/notebooks/pls5/output/stitched_ip/finn_vivado_stitch_proj.runs/finn_design_StreamingFIFO_rtl_45_0_synth_1/finn_design_StreamingFIFO_rtl_45_0.dcp' has been generated.
INFO: [runtcl-4] Executing : report_utilization -file finn_design_StreamingFIFO_rtl_45_0_utilization_synth.rpt -pb finn_design_StreamingFIFO_rtl_45_0_utilization_synth.pb
INFO: [Common 17-206] Exiting Vivado at Mon Feb 16 18:40:10 2026...
