
*** Running vivado
    with args -log finn_design_StreamingFIFO_rtl_56_0.vds -m64 -product Vivado -mode batch -messageDb vivado.pb -notrace -source finn_design_StreamingFIFO_rtl_56_0.tcl


****** Vivado v2022.2 (64-bit)
  **** SW Build 3671981 on Fri Oct 14 04:59:54 MDT 2022
  **** IP Build 3669848 on Fri Oct 14 08:30:02 MDT 2022
    ** Copyright 1986-2022 Xilinx, Inc. All Rights Reserved.

source finn_design_StreamingFIFO_rtl_56_0.tcl -notrace
create_project: Time (s): cpu = 00:00:04 ; elapsed = 00:00:06 . Memory (MB): peak = 1317.625 ; gain = 0.023 ; free physical = 4819 ; free virtual = 8335
INFO: [IP_Flow 19-234] Refreshing IP repositories
INFO: [IP_Flow 19-1700] Loaded user IP repository '/home/ug_lab/finn/finn-rtllib/memstream'.
INFO: [IP_Flow 19-1700] Loaded user IP repository '/tmp/finn_dev_ug_lab/code_gen_ipgen_StreamingFIFO_rtl_0_nwarn1of'.
INFO: [IP_Flow 19-1700] Loaded user IP repository '/tmp/finn_dev_ug_lab/code_gen_ipgen_FMPadding_rtl_0_m4tsajpn'.
INFO: [IP_Flow 19-1700] Loaded user IP repository '/tmp/finn_dev_ug_lab/code_gen_ipgen_StreamingFIFO_rtl_1_ce0phr1n'.
INFO: [IP_Flow 19-1700] Loaded user IP repository '/tmp/finn_dev_ug_lab/code_gen_ipgen_StreamingDataWidthConverter_rtl_0_xb56_y14'.
INFO: [IP_Flow 19-1700] Loaded user IP repository '/tmp/finn_dev_ug_lab/code_gen_ipgen_StreamingFIFO_rtl_2_md_geplu'.
INFO: [IP_Flow 19-1700] Loaded user IP repository '/tmp/finn_dev_ug_lab/code_gen_ipgen_ConvolutionInputGenerator_rtl_0__m9uugb_'.
INFO: [IP_Flow 19-1700] Loaded user IP repository '/tmp/finn_dev_ug_lab/code_gen_ipgen_StreamingFIFO_rtl_3_d7gay76z'.
INFO: [IP_Flow 19-1700] Loaded user IP repository '/tmp/finn_dev_ug_lab/code_gen_ipgen_StreamingDataWidthConverter_rtl_1_fegyvytd'.
INFO: [IP_Flow 19-1700] Loaded user IP repository '/tmp/finn_dev_ug_lab/code_gen_ipgen_StreamingFIFO_rtl_4_z2phmwkt'.
INFO: [IP_Flow 19-1700] Loaded user IP repository '/tmp/finn_dev_ug_lab/code_gen_ipgen_MVAU_hls_0_4ucdkcbi/project_MVAU_hls_0/sol1/impl/ip'.
INFO: [IP_Flow 19-1700] Loaded user IP repository '/tmp/finn_dev_ug_lab/code_gen_ipgen_StreamingFIFO_rtl_5_v0u59d5q'.
INFO: [IP_Flow 19-1700] Loaded user IP repository '/tmp/finn_dev_ug_lab/code_gen_ipgen_StreamingDataWidthConverter_rtl_2_2eop8rfu'.
INFO: [IP_Flow 19-1700] Loaded user IP repository '/tmp/finn_dev_ug_lab/code_gen_ipgen_StreamingFIFO_rtl_6_08mvw34m'.
INFO: [IP_Flow 19-1700] Loaded user IP repository '/tmp/finn_dev_ug_lab/code_gen_ipgen_StreamingMaxPool_hls_0_9fxgdm82/project_StreamingMaxPool_hls_0/sol1/impl/ip'.
INFO: [IP_Flow 19-1700] Loaded user IP repository '/tmp/finn_dev_ug_lab/code_gen_ipgen_StreamingFIFO_rtl_7_cc_qe40p'.
INFO: [IP_Flow 19-1700] Loaded user IP repository '/tmp/finn_dev_ug_lab/code_gen_ipgen_FMPadding_rtl_1_zfv65kux'.
INFO: [IP_Flow 19-1700] Loaded user IP repository '/tmp/finn_dev_ug_lab/code_gen_ipgen_StreamingFIFO_rtl_8_i8h3cc93'.
INFO: [IP_Flow 19-1700] Loaded user IP repository '/tmp/finn_dev_ug_lab/code_gen_ipgen_StreamingDataWidthConverter_rtl_3_exbgsvmw'.
INFO: [IP_Flow 19-1700] Loaded user IP repository '/tmp/finn_dev_ug_lab/code_gen_ipgen_StreamingFIFO_rtl_9_g39pvxnr'.
INFO: [IP_Flow 19-1700] Loaded user IP repository '/tmp/finn_dev_ug_lab/code_gen_ipgen_ConvolutionInputGenerator_rtl_1_93_d4s_i'.
INFO: [IP_Flow 19-1700] Loaded user IP repository '/tmp/finn_dev_ug_lab/code_gen_ipgen_StreamingFIFO_rtl_10_v_an4hwg'.
INFO: [IP_Flow 19-1700] Loaded user IP repository '/tmp/finn_dev_ug_lab/code_gen_ipgen_StreamingDataWidthConverter_rtl_4_uq_dcmmv'.
INFO: [IP_Flow 19-1700] Loaded user IP repository '/tmp/finn_dev_ug_lab/code_gen_ipgen_StreamingFIFO_rtl_11_n9hqx_9q'.
INFO: [IP_Flow 19-1700] Loaded user IP repository '/tmp/finn_dev_ug_lab/code_gen_ipgen_MVAU_hls_1_4z9tob4g/project_MVAU_hls_1/sol1/impl/ip'.
INFO: [IP_Flow 19-1700] Loaded user IP repository '/tmp/finn_dev_ug_lab/code_gen_ipgen_StreamingFIFO_rtl_12_3bg1zlmb'.
INFO: [IP_Flow 19-1700] Loaded user IP repository '/tmp/finn_dev_ug_lab/code_gen_ipgen_StreamingDataWidthConverter_rtl_5_gxxih1y7'.
INFO: [IP_Flow 19-1700] Loaded user IP repository '/tmp/finn_dev_ug_lab/code_gen_ipgen_StreamingFIFO_rtl_13_ysxez98f'.
INFO: [IP_Flow 19-1700] Loaded user IP repository '/tmp/finn_dev_ug_lab/code_gen_ipgen_StreamingMaxPool_hls_1_5u5657md/project_StreamingMaxPool_hls_1/sol1/impl/ip'.
INFO: [IP_Flow 19-1700] Loaded user IP repository '/tmp/finn_dev_ug_lab/code_gen_ipgen_StreamingFIFO_rtl_14_v1tc3b4o'.
INFO: [IP_Flow 19-1700] Loaded user IP repository '/tmp/finn_dev_ug_lab/code_gen_ipgen_FMPadding_rtl_2_l3u0ieyj'.
INFO: [IP_Flow 19-1700] Loaded user IP repository '/tmp/finn_dev_ug_lab/code_gen_ipgen_StreamingFIFO_rtl_15_n066kz74'.
INFO: [IP_Flow 19-1700] Loaded user IP repository '/tmp/finn_dev_ug_lab/code_gen_ipgen_StreamingDataWidthConverter_rtl_6_rmh661_y'.
INFO: [IP_Flow 19-1700] Loaded user IP repository '/tmp/finn_dev_ug_lab/code_gen_ipgen_StreamingFIFO_rtl_16_tq29gxt1'.
INFO: [IP_Flow 19-1700] Loaded user IP repository '/tmp/finn_dev_ug_lab/code_gen_ipgen_ConvolutionInputGenerator_rtl_2_zj9rsa76'.
INFO: [IP_Flow 19-1700] Loaded user IP repository '/tmp/finn_dev_ug_lab/code_gen_ipgen_StreamingFIFO_rtl_17_0r5o755y'.
INFO: [IP_Flow 19-1700] Loaded user IP repository '/tmp/finn_dev_ug_lab/code_gen_ipgen_StreamingDataWidthConverter_rtl_7_v8az255t'.
INFO: [IP_Flow 19-1700] Loaded user IP repository '/tmp/finn_dev_ug_lab/code_gen_ipgen_StreamingFIFO_rtl_18_0p7kylb4'.
INFO: [IP_Flow 19-1700] Loaded user IP repository '/tmp/finn_dev_ug_lab/code_gen_ipgen_MVAU_hls_2_f4g_g298/project_MVAU_hls_2/sol1/impl/ip'.
INFO: [IP_Flow 19-1700] Loaded user IP repository '/tmp/finn_dev_ug_lab/code_gen_ipgen_StreamingFIFO_rtl_19_3mz5jxq9'.
INFO: [IP_Flow 19-1700] Loaded user IP repository '/tmp/finn_dev_ug_lab/code_gen_ipgen_StreamingDataWidthConverter_rtl_8_arjoxkaz'.
INFO: [IP_Flow 19-1700] Loaded user IP repository '/tmp/finn_dev_ug_lab/code_gen_ipgen_StreamingFIFO_rtl_20_sjken06n'.
INFO: [IP_Flow 19-1700] Loaded user IP repository '/tmp/finn_dev_ug_lab/code_gen_ipgen_StreamingMaxPool_hls_2_ma79cjy7/project_StreamingMaxPool_hls_2/sol1/impl/ip'.
INFO: [IP_Flow 19-1700] Loaded user IP repository '/tmp/finn_dev_ug_lab/code_gen_ipgen_StreamingFIFO_rtl_21_fk_wu8kg'.
INFO: [IP_Flow 19-1700] Loaded user IP repository '/tmp/finn_dev_ug_lab/code_gen_ipgen_FMPadding_rtl_3_awquvonm'.
INFO: [IP_Flow 19-1700] Loaded user IP repository '/tmp/finn_dev_ug_lab/code_gen_ipgen_StreamingFIFO_rtl_22_s1qyqruq'.
INFO: [IP_Flow 19-1700] Loaded user IP repository '/tmp/finn_dev_ug_lab/code_gen_ipgen_StreamingDataWidthConverter_rtl_9_1ak4tvi0'.
INFO: [IP_Flow 19-1700] Loaded user IP repository '/tmp/finn_dev_ug_lab/code_gen_ipgen_StreamingFIFO_rtl_23_sar4u60w'.
INFO: [IP_Flow 19-1700] Loaded user IP repository '/tmp/finn_dev_ug_lab/code_gen_ipgen_ConvolutionInputGenerator_rtl_3_kgxam4t7'.
INFO: [IP_Flow 19-1700] Loaded user IP repository '/tmp/finn_dev_ug_lab/code_gen_ipgen_StreamingFIFO_rtl_24_t5ax6bpu'.
INFO: [IP_Flow 19-1700] Loaded user IP repository '/tmp/finn_dev_ug_lab/code_gen_ipgen_StreamingDataWidthConverter_rtl_10_q6chrc9m'.
INFO: [IP_Flow 19-1700] Loaded user IP repository '/tmp/finn_dev_ug_lab/code_gen_ipgen_StreamingFIFO_rtl_25_9iwrc41r'.
INFO: [IP_Flow 19-1700] Loaded user IP repository '/tmp/finn_dev_ug_lab/code_gen_ipgen_MVAU_hls_3_3x5e4_l0/project_MVAU_hls_3/sol1/impl/ip'.
INFO: [IP_Flow 19-1700] Loaded user IP repository '/tmp/finn_dev_ug_lab/code_gen_ipgen_StreamingFIFO_rtl_26_i1thacc5'.
INFO: [IP_Flow 19-1700] Loaded user IP repository '/tmp/finn_dev_ug_lab/code_gen_ipgen_StreamingDataWidthConverter_rtl_11_5g7eb0n5'.
INFO: [IP_Flow 19-1700] Loaded user IP repository '/tmp/finn_dev_ug_lab/code_gen_ipgen_StreamingFIFO_rtl_27_a4j1sl04'.
INFO: [IP_Flow 19-1700] Loaded user IP repository '/tmp/finn_dev_ug_lab/code_gen_ipgen_StreamingMaxPool_hls_3_t0395dtr/project_StreamingMaxPool_hls_3/sol1/impl/ip'.
INFO: [IP_Flow 19-1700] Loaded user IP repository '/tmp/finn_dev_ug_lab/code_gen_ipgen_StreamingFIFO_rtl_28_68ew_70i'.
INFO: [IP_Flow 19-1700] Loaded user IP repository '/tmp/finn_dev_ug_lab/code_gen_ipgen_FMPadding_rtl_4_qwowe7as'.
INFO: [IP_Flow 19-1700] Loaded user IP repository '/tmp/finn_dev_ug_lab/code_gen_ipgen_StreamingFIFO_rtl_29_movoptca'.
INFO: [IP_Flow 19-1700] Loaded user IP repository '/tmp/finn_dev_ug_lab/code_gen_ipgen_StreamingDataWidthConverter_rtl_12_emcgwqz8'.
INFO: [IP_Flow 19-1700] Loaded user IP repository '/tmp/finn_dev_ug_lab/code_gen_ipgen_StreamingFIFO_rtl_30_mbzs867v'.
INFO: [IP_Flow 19-1700] Loaded user IP repository '/tmp/finn_dev_ug_lab/code_gen_ipgen_ConvolutionInputGenerator_rtl_4_bj9ztzhu'.
INFO: [IP_Flow 19-1700] Loaded user IP repository '/tmp/finn_dev_ug_lab/code_gen_ipgen_StreamingFIFO_rtl_31_do5uzo8p'.
INFO: [IP_Flow 19-1700] Loaded user IP repository '/tmp/finn_dev_ug_lab/code_gen_ipgen_StreamingDataWidthConverter_rtl_13_rcbhwr8r'.
INFO: [IP_Flow 19-1700] Loaded user IP repository '/tmp/finn_dev_ug_lab/code_gen_ipgen_StreamingFIFO_rtl_32_9simff0k'.
INFO: [IP_Flow 19-1700] Loaded user IP repository '/tmp/finn_dev_ug_lab/code_gen_ipgen_MVAU_hls_4_bf8hvydk/project_MVAU_hls_4/sol1/impl/ip'.
INFO: [IP_Flow 19-1700] Loaded user IP repository '/tmp/finn_dev_ug_lab/code_gen_ipgen_StreamingFIFO_rtl_33_wzqr9_0f'.
INFO: [IP_Flow 19-1700] Loaded user IP repository '/tmp/finn_dev_ug_lab/code_gen_ipgen_StreamingDataWidthConverter_rtl_14_ujar58mh'.
INFO: [IP_Flow 19-1700] Loaded user IP repository '/tmp/finn_dev_ug_lab/code_gen_ipgen_StreamingFIFO_rtl_34_v4q_8w0b'.
INFO: [IP_Flow 19-1700] Loaded user IP repository '/tmp/finn_dev_ug_lab/code_gen_ipgen_StreamingMaxPool_hls_4_wjfji4l7/project_StreamingMaxPool_hls_4/sol1/impl/ip'.
INFO: [IP_Flow 19-1700] Loaded user IP repository '/tmp/finn_dev_ug_lab/code_gen_ipgen_StreamingFIFO_rtl_35_rm7qjnsx'.
INFO: [IP_Flow 19-1700] Loaded user IP repository '/tmp/finn_dev_ug_lab/code_gen_ipgen_FMPadding_rtl_5_fe9ourd6'.
INFO: [IP_Flow 19-1700] Loaded user IP repository '/tmp/finn_dev_ug_lab/code_gen_ipgen_StreamingFIFO_rtl_36_xnwbg58o'.
INFO: [IP_Flow 19-1700] Loaded user IP repository '/tmp/finn_dev_ug_lab/code_gen_ipgen_StreamingDataWidthConverter_rtl_15_fh06umud'.
INFO: [IP_Flow 19-1700] Loaded user IP repository '/tmp/finn_dev_ug_lab/code_gen_ipgen_StreamingFIFO_rtl_37_b9s3au7x'.
INFO: [IP_Flow 19-1700] Loaded user IP repository '/tmp/finn_dev_ug_lab/code_gen_ipgen_ConvolutionInputGenerator_rtl_5_ojizvlo5'.
INFO: [IP_Flow 19-1700] Loaded user IP repository '/tmp/finn_dev_ug_lab/code_gen_ipgen_StreamingFIFO_rtl_38_exe95kjt'.
INFO: [IP_Flow 19-1700] Loaded user IP repository '/tmp/finn_dev_ug_lab/code_gen_ipgen_StreamingDataWidthConverter_rtl_16_jlddzc49'.
INFO: [IP_Flow 19-1700] Loaded user IP repository '/tmp/finn_dev_ug_lab/code_gen_ipgen_StreamingFIFO_rtl_39_iobks8ch'.
INFO: [IP_Flow 19-1700] Loaded user IP repository '/tmp/finn_dev_ug_lab/code_gen_ipgen_MVAU_hls_5_z_abwm0r/project_MVAU_hls_5/sol1/impl/ip'.
INFO: [IP_Flow 19-1700] Loaded user IP repository '/tmp/finn_dev_ug_lab/code_gen_ipgen_StreamingFIFO_rtl_40_o2rinf8o'.
INFO: [IP_Flow 19-1700] Loaded user IP repository '/tmp/finn_dev_ug_lab/code_gen_ipgen_StreamingDataWidthConverter_rtl_17_uwet2jtm'.
INFO: [IP_Flow 19-1700] Loaded user IP repository '/tmp/finn_dev_ug_lab/code_gen_ipgen_StreamingFIFO_rtl_41_bg5j4_on'.
INFO: [IP_Flow 19-1700] Loaded user IP repository '/tmp/finn_dev_ug_lab/code_gen_ipgen_FMPadding_rtl_6_0n5o4tx5'.
INFO: [IP_Flow 19-1700] Loaded user IP repository '/tmp/finn_dev_ug_lab/code_gen_ipgen_StreamingFIFO_rtl_42_aei_pg0x'.
INFO: [IP_Flow 19-1700] Loaded user IP repository '/tmp/finn_dev_ug_lab/code_gen_ipgen_StreamingDataWidthConverter_rtl_18_kdka0bt_'.
INFO: [IP_Flow 19-1700] Loaded user IP repository '/tmp/finn_dev_ug_lab/code_gen_ipgen_StreamingFIFO_rtl_43_3nonuy78'.
INFO: [IP_Flow 19-1700] Loaded user IP repository '/tmp/finn_dev_ug_lab/code_gen_ipgen_ConvolutionInputGenerator_rtl_6_ipt78yet'.
INFO: [IP_Flow 19-1700] Loaded user IP repository '/tmp/finn_dev_ug_lab/code_gen_ipgen_StreamingFIFO_rtl_44_yw00fymr'.
INFO: [IP_Flow 19-1700] Loaded user IP repository '/tmp/finn_dev_ug_lab/code_gen_ipgen_StreamingDataWidthConverter_rtl_19_cel8waiz'.
INFO: [IP_Flow 19-1700] Loaded user IP repository '/tmp/finn_dev_ug_lab/code_gen_ipgen_StreamingFIFO_rtl_45_lh8rqd51'.
INFO: [IP_Flow 19-1700] Loaded user IP repository '/tmp/finn_dev_ug_lab/code_gen_ipgen_MVAU_hls_6_4xmley2e/project_MVAU_hls_6/sol1/impl/ip'.
INFO: [IP_Flow 19-1700] Loaded user IP repository '/tmp/finn_dev_ug_lab/code_gen_ipgen_StreamingFIFO_rtl_46_j235m_9j'.
INFO: [IP_Flow 19-1700] Loaded user IP repository '/tmp/finn_dev_ug_lab/code_gen_ipgen_MVAU_hls_7_qsx_7bko/project_MVAU_hls_7/sol1/impl/ip'.
INFO: [IP_Flow 19-1700] Loaded user IP repository '/tmp/finn_dev_ug_lab/code_gen_ipgen_StreamingFIFO_rtl_47__66qt0z7'.
INFO: [IP_Flow 19-1700] Loaded user IP repository '/tmp/finn_dev_ug_lab/code_gen_ipgen_StreamingDataWidthConverter_rtl_20_liukhrfo'.
INFO: [IP_Flow 19-1700] Loaded user IP repository '/tmp/finn_dev_ug_lab/code_gen_ipgen_StreamingFIFO_rtl_48_fbubumj8'.
INFO: [IP_Flow 19-1700] Loaded user IP repository '/tmp/finn_dev_ug_lab/code_gen_ipgen_FMPadding_rtl_7_kvaz2c7r'.
INFO: [IP_Flow 19-1700] Loaded user IP repository '/tmp/finn_dev_ug_lab/code_gen_ipgen_StreamingFIFO_rtl_49_e1jambqq'.
INFO: [Common 17-14] Message 'IP_Flow 19-1700' appears 100 times and further instances of the messages will be disabled. Use the Tcl command set_msg_config to change the current settings.
INFO: [IP_Flow 19-2313] Loaded Vivado IP repository '/opt/Xilinx/Vivado/2022.2/data/ip'.
INFO: [IP_Flow 19-6924] IPCACHE: Running cache check for IP inst: finn_design_StreamingFIFO_rtl_56_0
Command: synth_design -top finn_design_StreamingFIFO_rtl_56_0 -part xc7z020clg400-1 -incremental_mode off -mode out_of_context
Starting synth_design
Attempting to get a license for feature 'Synthesis' and/or device 'xc7z020'
INFO: [Common 17-349] Got license for feature 'Synthesis' and/or device 'xc7z020'
INFO: [Designutils 20-5008] Incremental synthesis strategy off
INFO: [Synth 8-7079] Multithreading enabled for synth_design using a maximum of 4 processes.
INFO: [Synth 8-7078] Launching helper process for spawning children vivado processes
INFO: [Synth 8-7075] Helper process launched with PID 788017
INFO: [Synth 8-11241] undeclared symbol 'REGCCE', assumed default net type 'wire' [/opt/Xilinx/Vivado/2022.2/data/verilog/src/unimacro/BRAM_SINGLE_MACRO.v:2170]
---------------------------------------------------------------------------------
Starting Synthesize : Time (s): cpu = 00:00:04 ; elapsed = 00:00:05 . Memory (MB): peak = 1648.457 ; gain = 330.832 ; free physical = 3858 ; free virtual = 7375
Synthesis current peak Physical Memory [PSS] (MB): peak = 844.708; parent = 719.269; children = 125.439
Synthesis current peak Virtual Memory [VSS] (MB): peak = 2647.824; parent = 1651.430; children = 996.395
---------------------------------------------------------------------------------
INFO: [Synth 8-6157] synthesizing module 'finn_design_StreamingFIFO_rtl_56_0' [/home/ug_lab/finn/notebooks/pls5/output/stitched_ip/finn_vivado_stitch_proj.gen/sources_1/bd/finn_design/ip/finn_design_StreamingFIFO_rtl_56_0/synth/finn_design_StreamingFIFO_rtl_56_0.v:53]
INFO: [Synth 8-6157] synthesizing module 'StreamingFIFO_rtl_56' [/tmp/finn_dev_ug_lab/code_gen_ipgen_StreamingFIFO_rtl_56_vg0dbjju/StreamingFIFO_rtl_56.v:32]
INFO: [Synth 8-6157] synthesizing module 'Q_srl' [/tmp/finn_dev_ug_lab/code_gen_ipgen_StreamingFIFO_rtl_0_nwarn1of/Q_srl.v:72]
INFO: [Synth 8-6155] done synthesizing module 'Q_srl' (0#1) [/tmp/finn_dev_ug_lab/code_gen_ipgen_StreamingFIFO_rtl_0_nwarn1of/Q_srl.v:72]
INFO: [Synth 8-6155] done synthesizing module 'StreamingFIFO_rtl_56' (0#1) [/tmp/finn_dev_ug_lab/code_gen_ipgen_StreamingFIFO_rtl_56_vg0dbjju/StreamingFIFO_rtl_56.v:32]
INFO: [Synth 8-6155] done synthesizing module 'finn_design_StreamingFIFO_rtl_56_0' (0#1) [/home/ug_lab/finn/notebooks/pls5/output/stitched_ip/finn_vivado_stitch_proj.gen/sources_1/bd/finn_design/ip/finn_design_StreamingFIFO_rtl_56_0/synth/finn_design_StreamingFIFO_rtl_56_0.v:53]
WARNING: [Synth 8-6014] Unused sequential element addr_full_reg was removed.  [/tmp/finn_dev_ug_lab/code_gen_ipgen_StreamingFIFO_rtl_0_nwarn1of/Q_srl.v:144]
---------------------------------------------------------------------------------
Finished Synthesize : Time (s): cpu = 00:00:05 ; elapsed = 00:00:07 . Memory (MB): peak = 1716.395 ; gain = 398.770 ; free physical = 4508 ; free virtual = 8000
Synthesis current peak Physical Memory [PSS] (MB): peak = 844.708; parent = 719.269; children = 126.099
Synthesis current peak Virtual Memory [VSS] (MB): peak = 2712.793; parent = 1716.398; children = 996.395
---------------------------------------------------------------------------------
---------------------------------------------------------------------------------
Finished Constraint Validation : Time (s): cpu = 00:00:05 ; elapsed = 00:00:08 . Memory (MB): peak = 1731.238 ; gain = 413.613 ; free physical = 4468 ; free virtual = 7964
Synthesis current peak Physical Memory [PSS] (MB): peak = 844.708; parent = 719.269; children = 126.099
Synthesis current peak Virtual Memory [VSS] (MB): peak = 2727.637; parent = 1731.242; children = 996.395
---------------------------------------------------------------------------------
---------------------------------------------------------------------------------
Start Loading Part and Timing Information
---------------------------------------------------------------------------------
Loading part: xc7z020clg400-1
---------------------------------------------------------------------------------
Finished Loading Part and Timing Information : Time (s): cpu = 00:00:05 ; elapsed = 00:00:08 . Memory (MB): peak = 1739.242 ; gain = 421.617 ; free physical = 4458 ; free virtual = 7953
INFO: [Device 21-403] Loading part xc7z020clg400-1
Synthesis current peak Physical Memory [PSS] (MB): peak = 844.708; parent = 719.269; children = 126.099
Synthesis current peak Virtual Memory [VSS] (MB): peak = 2735.641; parent = 1739.246; children = 996.395
---------------------------------------------------------------------------------
INFO: [Synth 8-802] inferred FSM for state register 'state_reg' in module 'Q_srl'
---------------------------------------------------------------------------------------------------
                   State |                     New Encoding |                Previous Encoding 
---------------------------------------------------------------------------------------------------
             state_empty |                               00 |                               00
               state_one |                               01 |                               01
              state_more |                               10 |                               10
---------------------------------------------------------------------------------------------------
INFO: [Synth 8-3354] encoded FSM with state register 'state_reg' using encoding 'sequential' in module 'Q_srl'
---------------------------------------------------------------------------------
Finished RTL Optimization Phase 2 : Time (s): cpu = 00:00:05 ; elapsed = 00:00:08 . Memory (MB): peak = 1748.148 ; gain = 430.523 ; free physical = 4418 ; free virtual = 7914
Synthesis current peak Physical Memory [PSS] (MB): peak = 844.708; parent = 719.269; children = 126.112
Synthesis current peak Virtual Memory [VSS] (MB): peak = 2744.547; parent = 1748.152; children = 996.395
---------------------------------------------------------------------------------
No constraint files found.
---------------------------------------------------------------------------------
Start RTL Component Statistics 
---------------------------------------------------------------------------------
Detailed RTL Component Info : 
+---Adders : 
	   2 Input    1 Bit       Adders := 1     
+---Registers : 
	                8 Bit    Registers := 2     
	                2 Bit    Registers := 1     
	                1 Bit    Registers := 3     
+---Muxes : 
	   3 Input    8 Bit        Muxes := 1     
	   2 Input    2 Bit        Muxes := 8     
	   3 Input    2 Bit        Muxes := 6     
	   2 Input    1 Bit        Muxes := 6     
	   3 Input    1 Bit        Muxes := 3     
---------------------------------------------------------------------------------
Finished RTL Component Statistics 
---------------------------------------------------------------------------------
---------------------------------------------------------------------------------
Start Part Resource Summary
---------------------------------------------------------------------------------
Part Resources:
DSPs: 220 (col length:60)
BRAMs: 280 (col length: RAMB18 60 RAMB36 30)
---------------------------------------------------------------------------------
Finished Part Resource Summary
---------------------------------------------------------------------------------
No constraint files found.
---------------------------------------------------------------------------------
Start Cross Boundary and Area Optimization
---------------------------------------------------------------------------------
WARNING: [Synth 8-7080] Parallel synthesis criteria is not met
---------------------------------------------------------------------------------
Finished Cross Boundary and Area Optimization : Time (s): cpu = 00:00:08 ; elapsed = 00:00:12 . Memory (MB): peak = 1893.211 ; gain = 575.586 ; free physical = 2950 ; free virtual = 6451
Synthesis current peak Physical Memory [PSS] (MB): peak = 1079.316; parent = 952.630; children = 126.687
Synthesis current peak Virtual Memory [VSS] (MB): peak = 2889.609; parent = 1893.215; children = 996.395
---------------------------------------------------------------------------------
No constraint files found.
---------------------------------------------------------------------------------
Start Timing Optimization
---------------------------------------------------------------------------------
---------------------------------------------------------------------------------
Finished Timing Optimization : Time (s): cpu = 00:00:08 ; elapsed = 00:00:12 . Memory (MB): peak = 1893.211 ; gain = 575.586 ; free physical = 3193 ; free virtual = 6694
Synthesis current peak Physical Memory [PSS] (MB): peak = 1082.376; parent = 955.709; children = 126.687
Synthesis current peak Virtual Memory [VSS] (MB): peak = 2889.609; parent = 1893.215; children = 996.395
---------------------------------------------------------------------------------
---------------------------------------------------------------------------------
Start Technology Mapping
---------------------------------------------------------------------------------
---------------------------------------------------------------------------------
Finished Technology Mapping : Time (s): cpu = 00:00:09 ; elapsed = 00:00:12 . Memory (MB): peak = 1901.219 ; gain = 583.594 ; free physical = 3373 ; free virtual = 6874
Synthesis current peak Physical Memory [PSS] (MB): peak = 1082.570; parent = 955.907; children = 126.687
Synthesis current peak Virtual Memory [VSS] (MB): peak = 2897.617; parent = 1901.223; children = 996.395
---------------------------------------------------------------------------------
---------------------------------------------------------------------------------
Start IO Insertion
---------------------------------------------------------------------------------
---------------------------------------------------------------------------------
Start Flattening Before IO Insertion
---------------------------------------------------------------------------------
---------------------------------------------------------------------------------
Finished Flattening Before IO Insertion
---------------------------------------------------------------------------------
---------------------------------------------------------------------------------
Start Final Netlist Cleanup
---------------------------------------------------------------------------------
---------------------------------------------------------------------------------
Finished Final Netlist Cleanup
---------------------------------------------------------------------------------
---------------------------------------------------------------------------------
Finished IO Insertion : Time (s): cpu = 00:00:11 ; elapsed = 00:00:15 . Memory (MB): peak = 1901.219 ; gain = 583.594 ; free physical = 6301 ; free virtual = 9824
Synthesis current peak Physical Memory [PSS] (MB): peak = 1092.940; parent = 962.969; children = 129.972
Synthesis current peak Virtual Memory [VSS] (MB): peak = 2897.617; parent = 1901.223; children = 996.395
---------------------------------------------------------------------------------
---------------------------------------------------------------------------------
Start Renaming Generated Instances
---------------------------------------------------------------------------------
---------------------------------------------------------------------------------
Finished Renaming Generated Instances : Time (s): cpu = 00:00:11 ; elapsed = 00:00:15 . Memory (MB): peak = 1901.219 ; gain = 583.594 ; free physical = 6318 ; free virtual = 9841
Synthesis current peak Physical Memory [PSS] (MB): peak = 1092.940; parent = 962.969; children = 129.972
Synthesis current peak Virtual Memory [VSS] (MB): peak = 2897.617; parent = 1901.223; children = 996.395
---------------------------------------------------------------------------------
---------------------------------------------------------------------------------
Start Rebuilding User Hierarchy
---------------------------------------------------------------------------------
---------------------------------------------------------------------------------
Finished Rebuilding User Hierarchy : Time (s): cpu = 00:00:11 ; elapsed = 00:00:16 . Memory (MB): peak = 1901.219 ; gain = 583.594 ; free physical = 6328 ; free virtual = 9851
Synthesis current peak Physical Memory [PSS] (MB): peak = 1093.022; parent = 962.973; children = 130.050
Synthesis current peak Virtual Memory [VSS] (MB): peak = 2897.617; parent = 1901.223; children = 996.395
---------------------------------------------------------------------------------
---------------------------------------------------------------------------------
Start Renaming Generated Ports
---------------------------------------------------------------------------------
---------------------------------------------------------------------------------
Finished Renaming Generated Ports : Time (s): cpu = 00:00:11 ; elapsed = 00:00:16 . Memory (MB): peak = 1901.219 ; gain = 583.594 ; free physical = 6354 ; free virtual = 9879
Synthesis current peak Physical Memory [PSS] (MB): peak = 1093.169; parent = 963.117; children = 130.052
Synthesis current peak Virtual Memory [VSS] (MB): peak = 2897.617; parent = 1901.223; children = 996.395
---------------------------------------------------------------------------------
---------------------------------------------------------------------------------
Start Handling Custom Attributes
---------------------------------------------------------------------------------
---------------------------------------------------------------------------------
Finished Handling Custom Attributes : Time (s): cpu = 00:00:11 ; elapsed = 00:00:16 . Memory (MB): peak = 1901.219 ; gain = 583.594 ; free physical = 6350 ; free virtual = 9874
Synthesis current peak Physical Memory [PSS] (MB): peak = 1093.169; parent = 963.117; children = 130.052
Synthesis current peak Virtual Memory [VSS] (MB): peak = 2897.617; parent = 1901.223; children = 996.395
---------------------------------------------------------------------------------
---------------------------------------------------------------------------------
Start Renaming Generated Nets
---------------------------------------------------------------------------------
---------------------------------------------------------------------------------
Finished Renaming Generated Nets : Time (s): cpu = 00:00:11 ; elapsed = 00:00:16 . Memory (MB): peak = 1901.219 ; gain = 583.594 ; free physical = 6347 ; free virtual = 9867
Synthesis current peak Physical Memory [PSS] (MB): peak = 1093.169; parent = 963.117; children = 130.052
Synthesis current peak Virtual Memory [VSS] (MB): peak = 2897.617; parent = 1901.223; children = 996.395
---------------------------------------------------------------------------------
---------------------------------------------------------------------------------
Start Writing Synthesis Report
---------------------------------------------------------------------------------

Report BlackBoxes: 
+-+--------------+----------+
| |BlackBox name |Instances |
+-+--------------+----------+
+-+--------------+----------+

Report Cell Usage: 
+------+-----+------+
|      |Cell |Count |
+------+-----+------+
|1     |LUT1 |     1|
|2     |LUT2 |     3|
|3     |LUT3 |     1|
|4     |LUT4 |    14|
|5     |FDRE |    21|
|6     |FDSE |     1|
+------+-----+------+

Report Instance Areas: 
+------+---------+---------------------+------+
|      |Instance |Module               |Cells |
+------+---------+---------------------+------+
|1     |top      |                     |    41|
|2     |  inst   |StreamingFIFO_rtl_56 |    41|
|3     |    impl |Q_srl                |    41|
+------+---------+---------------------+------+
---------------------------------------------------------------------------------
Finished Writing Synthesis Report : Time (s): cpu = 00:00:11 ; elapsed = 00:00:16 . Memory (MB): peak = 1901.219 ; gain = 583.594 ; free physical = 6345 ; free virtual = 9859
Synthesis current peak Physical Memory [PSS] (MB): peak = 1093.169; parent = 963.117; children = 130.052
Synthesis current peak Virtual Memory [VSS] (MB): peak = 2897.617; parent = 1901.223; children = 996.395
---------------------------------------------------------------------------------
Synthesis finished with 0 errors, 0 critical warnings and 2 warnings.
Synthesis Optimization Runtime : Time (s): cpu = 00:00:11 ; elapsed = 00:00:16 . Memory (MB): peak = 1901.219 ; gain = 583.594 ; free physical = 6324 ; free virtual = 9838
Synthesis Optimization Complete : Time (s): cpu = 00:00:11 ; elapsed = 00:00:16 . Memory (MB): peak = 1901.227 ; gain = 583.594 ; free physical = 6324 ; free virtual = 9838
INFO: [Project 1-571] Translating synthesized netlist
Netlist sorting complete. Time (s): cpu = 00:00:00 ; elapsed = 00:00:00 . Memory (MB): peak = 1908.156 ; gain = 0.000 ; free physical = 6362 ; free virtual = 9877
INFO: [Project 1-570] Preparing netlist for logic optimization
INFO: [Opt 31-138] Pushed 0 inverter(s) to 0 load pin(s).
Netlist sorting complete. Time (s): cpu = 00:00:00 ; elapsed = 00:00:00 . Memory (MB): peak = 2043.773 ; gain = 0.000 ; free physical = 6917 ; free virtual = 10437
INFO: [Project 1-111] Unisim Transformation Summary:
No Unisim elements were transformed.

Synth Design complete, checksum: caf900eb
INFO: [Common 17-83] Releasing license: Synthesis
124 Infos, 2 Warnings, 0 Critical Warnings and 0 Errors encountered.
synth_design completed successfully
synth_design: Time (s): cpu = 00:00:14 ; elapsed = 00:00:18 . Memory (MB): peak = 2043.773 ; gain = 726.148 ; free physical = 7044 ; free virtual = 10564
INFO: [Timing 38-35] Done setting XDC timing constraints.
INFO: [Common 17-1381] The checkpoint '/home/ug_lab/finn/notebooks/pls5/output/stitched_ip/finn_vivado_stitch_proj.runs/finn_design_StreamingFIFO_rtl_56_0_synth_1/finn_design_StreamingFIFO_rtl_56_0.dcp' has been generated.
write_checkpoint: Time (s): cpu = 00:00:05 ; elapsed = 00:00:07 . Memory (MB): peak = 2389.750 ; gain = 345.977 ; free physical = 10386 ; free virtual = 13883
INFO: [Coretcl 2-1648] Added synthesis output to IP cache for IP finn_design_StreamingFIFO_rtl_56_0, cache-ID = 548665fd0138853f
INFO: [Coretcl 2-1174] Renamed 2 cell refs.
INFO: [Common 17-1381] The checkpoint '/home/ug_lab/finn/notebooks/pls5/output/stitched_ip/finn_vivado_stitch_proj.runs/finn_design_StreamingFIFO_rtl_56_0_synth_1/finn_design_StreamingFIFO_rtl_56_0.dcp' has been generated.
INFO: [runtcl-4] Executing : report_utilization -file finn_design_StreamingFIFO_rtl_56_0_utilization_synth.rpt -pb finn_design_StreamingFIFO_rtl_56_0_utilization_synth.pb
INFO: [Common 17-206] Exiting Vivado at Mon Feb 16 18:43:08 2026...
