
*** Running vivado
    with args -log finn_design_ConvolutionInputGenerator_rtl_5_0.vds -m64 -product Vivado -mode batch -messageDb vivado.pb -notrace -source finn_design_ConvolutionInputGenerator_rtl_5_0.tcl


****** Vivado v2022.2 (64-bit)
  **** SW Build 3671981 on Fri Oct 14 04:59:54 MDT 2022
  **** IP Build 3669848 on Fri Oct 14 08:30:02 MDT 2022
    ** Copyright 1986-2022 Xilinx, Inc. All Rights Reserved.

source finn_design_ConvolutionInputGenerator_rtl_5_0.tcl -notrace
INFO: [IP_Flow 19-234] Refreshing IP repositories
INFO: [IP_Flow 19-1700] Loaded user IP repository '/home/ug_lab/finn/finn-rtllib/memstream'.
INFO: [IP_Flow 19-1700] Loaded user IP repository '/tmp/finn_dev_ug_lab/code_gen_ipgen_StreamingFIFO_rtl_0_nwarn1of'.
INFO: [IP_Flow 19-1700] Loaded user IP repository '/tmp/finn_dev_ug_lab/code_gen_ipgen_FMPadding_rtl_0_m4tsajpn'.
INFO: [IP_Flow 19-1700] Loaded user IP repository '/tmp/finn_dev_ug_lab/code_gen_ipgen_StreamingFIFO_rtl_1_ce0phr1n'.
INFO: [IP_Flow 19-1700] Loaded user IP repository '/tmp/finn_dev_ug_lab/code_gen_ipgen_StreamingDataWidthConverter_rtl_0_xb56_y14'.
INFO: [IP_Flow 19-1700] Loaded user IP repository '/tmp/finn_dev_ug_lab/code_gen_ipgen_StreamingFIFO_rtl_2_md_geplu'.
INFO: [IP_Flow 19-1700] Loaded user IP repository '/tmp/finn_dev_ug_lab/code_gen_ipgen_ConvolutionInputGenerator_rtl_0__m9uugb_'.
INFO: [IP_Flow 19-1700] Loaded user IP repository '/tmp/finn_dev_ug_lab/code_gen_ipgen_StreamingFIFO_rtl_3_d7gay76z'.
INFO: [IP_Flow 19-1700] Loaded user IP repository '/tmp/finn_dev_ug_lab/code_gen_ipgen_StreamingDataWidthConverter_rtl_1_fegyvytd'.
INFO: [IP_Flow 19-1700] Loaded user IP repository '/tmp/finn_dev_ug_lab/code_gen_ipgen_StreamingFIFO_rtl_4_z2phmwkt'.
INFO: [IP_Flow 19-1700] Loaded user IP repository '/tmp/finn_dev_ug_lab/code_gen_ipgen_MVAU_hls_0_4ucdkcbi/project_MVAU_hls_0/sol1/impl/ip'.
INFO: [IP_Flow 19-1700] Loaded user IP repository '/tmp/finn_dev_ug_lab/code_gen_ipgen_StreamingFIFO_rtl_5_v0u59d5q'.
INFO: [IP_Flow 19-1700] Loaded user IP repository '/tmp/finn_dev_ug_lab/code_gen_ipgen_StreamingDataWidthConverter_rtl_2_2eop8rfu'.
INFO: [IP_Flow 19-1700] Loaded user IP repository '/tmp/finn_dev_ug_lab/code_gen_ipgen_StreamingFIFO_rtl_6_08mvw34m'.
INFO: [IP_Flow 19-1700] Loaded user IP repository '/tmp/finn_dev_ug_lab/code_gen_ipgen_StreamingMaxPool_hls_0_9fxgdm82/project_StreamingMaxPool_hls_0/sol1/impl/ip'.
INFO: [IP_Flow 19-1700] Loaded user IP repository '/tmp/finn_dev_ug_lab/code_gen_ipgen_StreamingFIFO_rtl_7_cc_qe40p'.
INFO: [IP_Flow 19-1700] Loaded user IP repository '/tmp/finn_dev_ug_lab/code_gen_ipgen_FMPadding_rtl_1_zfv65kux'.
INFO: [IP_Flow 19-1700] Loaded user IP repository '/tmp/finn_dev_ug_lab/code_gen_ipgen_StreamingFIFO_rtl_8_i8h3cc93'.
INFO: [IP_Flow 19-1700] Loaded user IP repository '/tmp/finn_dev_ug_lab/code_gen_ipgen_StreamingDataWidthConverter_rtl_3_exbgsvmw'.
INFO: [IP_Flow 19-1700] Loaded user IP repository '/tmp/finn_dev_ug_lab/code_gen_ipgen_StreamingFIFO_rtl_9_g39pvxnr'.
INFO: [IP_Flow 19-1700] Loaded user IP repository '/tmp/finn_dev_ug_lab/code_gen_ipgen_ConvolutionInputGenerator_rtl_1_93_d4s_i'.
INFO: [IP_Flow 19-1700] Loaded user IP repository '/tmp/finn_dev_ug_lab/code_gen_ipgen_StreamingFIFO_rtl_10_v_an4hwg'.
INFO: [IP_Flow 19-1700] Loaded user IP repository '/tmp/finn_dev_ug_lab/code_gen_ipgen_StreamingDataWidthConverter_rtl_4_uq_dcmmv'.
INFO: [IP_Flow 19-1700] Loaded user IP repository '/tmp/finn_dev_ug_lab/code_gen_ipgen_StreamingFIFO_rtl_11_n9hqx_9q'.
INFO: [IP_Flow 19-1700] Loaded user IP repository '/tmp/finn_dev_ug_lab/code_gen_ipgen_MVAU_hls_1_4z9tob4g/project_MVAU_hls_1/sol1/impl/ip'.
INFO: [IP_Flow 19-1700] Loaded user IP repository '/tmp/finn_dev_ug_lab/code_gen_ipgen_StreamingFIFO_rtl_12_3bg1zlmb'.
INFO: [IP_Flow 19-1700] Loaded user IP repository '/tmp/finn_dev_ug_lab/code_gen_ipgen_StreamingDataWidthConverter_rtl_5_gxxih1y7'.
INFO: [IP_Flow 19-1700] Loaded user IP repository '/tmp/finn_dev_ug_lab/code_gen_ipgen_StreamingFIFO_rtl_13_ysxez98f'.
INFO: [IP_Flow 19-1700] Loaded user IP repository '/tmp/finn_dev_ug_lab/code_gen_ipgen_StreamingMaxPool_hls_1_5u5657md/project_StreamingMaxPool_hls_1/sol1/impl/ip'.
INFO: [IP_Flow 19-1700] Loaded user IP repository '/tmp/finn_dev_ug_lab/code_gen_ipgen_StreamingFIFO_rtl_14_v1tc3b4o'.
INFO: [IP_Flow 19-1700] Loaded user IP repository '/tmp/finn_dev_ug_lab/code_gen_ipgen_FMPadding_rtl_2_l3u0ieyj'.
INFO: [IP_Flow 19-1700] Loaded user IP repository '/tmp/finn_dev_ug_lab/code_gen_ipgen_StreamingFIFO_rtl_15_n066kz74'.
INFO: [IP_Flow 19-1700] Loaded user IP repository '/tmp/finn_dev_ug_lab/code_gen_ipgen_StreamingDataWidthConverter_rtl_6_rmh661_y'.
INFO: [IP_Flow 19-1700] Loaded user IP repository '/tmp/finn_dev_ug_lab/code_gen_ipgen_StreamingFIFO_rtl_16_tq29gxt1'.
INFO: [IP_Flow 19-1700] Loaded user IP repository '/tmp/finn_dev_ug_lab/code_gen_ipgen_ConvolutionInputGenerator_rtl_2_zj9rsa76'.
INFO: [IP_Flow 19-1700] Loaded user IP repository '/tmp/finn_dev_ug_lab/code_gen_ipgen_StreamingFIFO_rtl_17_0r5o755y'.
INFO: [IP_Flow 19-1700] Loaded user IP repository '/tmp/finn_dev_ug_lab/code_gen_ipgen_StreamingDataWidthConverter_rtl_7_v8az255t'.
INFO: [IP_Flow 19-1700] Loaded user IP repository '/tmp/finn_dev_ug_lab/code_gen_ipgen_StreamingFIFO_rtl_18_0p7kylb4'.
INFO: [IP_Flow 19-1700] Loaded user IP repository '/tmp/finn_dev_ug_lab/code_gen_ipgen_MVAU_hls_2_f4g_g298/project_MVAU_hls_2/sol1/impl/ip'.
INFO: [IP_Flow 19-1700] Loaded user IP repository '/tmp/finn_dev_ug_lab/code_gen_ipgen_StreamingFIFO_rtl_19_3mz5jxq9'.
INFO: [IP_Flow 19-1700] Loaded user IP repository '/tmp/finn_dev_ug_lab/code_gen_ipgen_StreamingDataWidthConverter_rtl_8_arjoxkaz'.
INFO: [IP_Flow 19-1700] Loaded user IP repository '/tmp/finn_dev_ug_lab/code_gen_ipgen_StreamingFIFO_rtl_20_sjken06n'.
INFO: [IP_Flow 19-1700] Loaded user IP repository '/tmp/finn_dev_ug_lab/code_gen_ipgen_StreamingMaxPool_hls_2_ma79cjy7/project_StreamingMaxPool_hls_2/sol1/impl/ip'.
INFO: [IP_Flow 19-1700] Loaded user IP repository '/tmp/finn_dev_ug_lab/code_gen_ipgen_StreamingFIFO_rtl_21_fk_wu8kg'.
INFO: [IP_Flow 19-1700] Loaded user IP repository '/tmp/finn_dev_ug_lab/code_gen_ipgen_FMPadding_rtl_3_awquvonm'.
INFO: [IP_Flow 19-1700] Loaded user IP repository '/tmp/finn_dev_ug_lab/code_gen_ipgen_StreamingFIFO_rtl_22_s1qyqruq'.
INFO: [IP_Flow 19-1700] Loaded user IP repository '/tmp/finn_dev_ug_lab/code_gen_ipgen_StreamingDataWidthConverter_rtl_9_1ak4tvi0'.
INFO: [IP_Flow 19-1700] Loaded user IP repository '/tmp/finn_dev_ug_lab/code_gen_ipgen_StreamingFIFO_rtl_23_sar4u60w'.
INFO: [IP_Flow 19-1700] Loaded user IP repository '/tmp/finn_dev_ug_lab/code_gen_ipgen_ConvolutionInputGenerator_rtl_3_kgxam4t7'.
INFO: [IP_Flow 19-1700] Loaded user IP repository '/tmp/finn_dev_ug_lab/code_gen_ipgen_StreamingFIFO_rtl_24_t5ax6bpu'.
INFO: [IP_Flow 19-1700] Loaded user IP repository '/tmp/finn_dev_ug_lab/code_gen_ipgen_StreamingDataWidthConverter_rtl_10_q6chrc9m'.
INFO: [IP_Flow 19-1700] Loaded user IP repository '/tmp/finn_dev_ug_lab/code_gen_ipgen_StreamingFIFO_rtl_25_9iwrc41r'.
INFO: [IP_Flow 19-1700] Loaded user IP repository '/tmp/finn_dev_ug_lab/code_gen_ipgen_MVAU_hls_3_3x5e4_l0/project_MVAU_hls_3/sol1/impl/ip'.
INFO: [IP_Flow 19-1700] Loaded user IP repository '/tmp/finn_dev_ug_lab/code_gen_ipgen_StreamingFIFO_rtl_26_i1thacc5'.
INFO: [IP_Flow 19-1700] Loaded user IP repository '/tmp/finn_dev_ug_lab/code_gen_ipgen_StreamingDataWidthConverter_rtl_11_5g7eb0n5'.
INFO: [IP_Flow 19-1700] Loaded user IP repository '/tmp/finn_dev_ug_lab/code_gen_ipgen_StreamingFIFO_rtl_27_a4j1sl04'.
INFO: [IP_Flow 19-1700] Loaded user IP repository '/tmp/finn_dev_ug_lab/code_gen_ipgen_StreamingMaxPool_hls_3_t0395dtr/project_StreamingMaxPool_hls_3/sol1/impl/ip'.
INFO: [IP_Flow 19-1700] Loaded user IP repository '/tmp/finn_dev_ug_lab/code_gen_ipgen_StreamingFIFO_rtl_28_68ew_70i'.
INFO: [IP_Flow 19-1700] Loaded user IP repository '/tmp/finn_dev_ug_lab/code_gen_ipgen_FMPadding_rtl_4_qwowe7as'.
INFO: [IP_Flow 19-1700] Loaded user IP repository '/tmp/finn_dev_ug_lab/code_gen_ipgen_StreamingFIFO_rtl_29_movoptca'.
INFO: [IP_Flow 19-1700] Loaded user IP repository '/tmp/finn_dev_ug_lab/code_gen_ipgen_StreamingDataWidthConverter_rtl_12_emcgwqz8'.
INFO: [IP_Flow 19-1700] Loaded user IP repository '/tmp/finn_dev_ug_lab/code_gen_ipgen_StreamingFIFO_rtl_30_mbzs867v'.
INFO: [IP_Flow 19-1700] Loaded user IP repository '/tmp/finn_dev_ug_lab/code_gen_ipgen_ConvolutionInputGenerator_rtl_4_bj9ztzhu'.
INFO: [IP_Flow 19-1700] Loaded user IP repository '/tmp/finn_dev_ug_lab/code_gen_ipgen_StreamingFIFO_rtl_31_do5uzo8p'.
INFO: [IP_Flow 19-1700] Loaded user IP repository '/tmp/finn_dev_ug_lab/code_gen_ipgen_StreamingDataWidthConverter_rtl_13_rcbhwr8r'.
INFO: [IP_Flow 19-1700] Loaded user IP repository '/tmp/finn_dev_ug_lab/code_gen_ipgen_StreamingFIFO_rtl_32_9simff0k'.
INFO: [IP_Flow 19-1700] Loaded user IP repository '/tmp/finn_dev_ug_lab/code_gen_ipgen_MVAU_hls_4_bf8hvydk/project_MVAU_hls_4/sol1/impl/ip'.
INFO: [IP_Flow 19-1700] Loaded user IP repository '/tmp/finn_dev_ug_lab/code_gen_ipgen_StreamingFIFO_rtl_33_wzqr9_0f'.
INFO: [IP_Flow 19-1700] Loaded user IP repository '/tmp/finn_dev_ug_lab/code_gen_ipgen_StreamingDataWidthConverter_rtl_14_ujar58mh'.
INFO: [IP_Flow 19-1700] Loaded user IP repository '/tmp/finn_dev_ug_lab/code_gen_ipgen_StreamingFIFO_rtl_34_v4q_8w0b'.
INFO: [IP_Flow 19-1700] Loaded user IP repository '/tmp/finn_dev_ug_lab/code_gen_ipgen_StreamingMaxPool_hls_4_wjfji4l7/project_StreamingMaxPool_hls_4/sol1/impl/ip'.
INFO: [IP_Flow 19-1700] Loaded user IP repository '/tmp/finn_dev_ug_lab/code_gen_ipgen_StreamingFIFO_rtl_35_rm7qjnsx'.
INFO: [IP_Flow 19-1700] Loaded user IP repository '/tmp/finn_dev_ug_lab/code_gen_ipgen_FMPadding_rtl_5_fe9ourd6'.
INFO: [IP_Flow 19-1700] Loaded user IP repository '/tmp/finn_dev_ug_lab/code_gen_ipgen_StreamingFIFO_rtl_36_xnwbg58o'.
INFO: [IP_Flow 19-1700] Loaded user IP repository '/tmp/finn_dev_ug_lab/code_gen_ipgen_StreamingDataWidthConverter_rtl_15_fh06umud'.
INFO: [IP_Flow 19-1700] Loaded user IP repository '/tmp/finn_dev_ug_lab/code_gen_ipgen_StreamingFIFO_rtl_37_b9s3au7x'.
INFO: [IP_Flow 19-1700] Loaded user IP repository '/tmp/finn_dev_ug_lab/code_gen_ipgen_ConvolutionInputGenerator_rtl_5_ojizvlo5'.
INFO: [IP_Flow 19-1700] Loaded user IP repository '/tmp/finn_dev_ug_lab/code_gen_ipgen_StreamingFIFO_rtl_38_exe95kjt'.
INFO: [IP_Flow 19-1700] Loaded user IP repository '/tmp/finn_dev_ug_lab/code_gen_ipgen_StreamingDataWidthConverter_rtl_16_jlddzc49'.
INFO: [IP_Flow 19-1700] Loaded user IP repository '/tmp/finn_dev_ug_lab/code_gen_ipgen_StreamingFIFO_rtl_39_iobks8ch'.
INFO: [IP_Flow 19-1700] Loaded user IP repository '/tmp/finn_dev_ug_lab/code_gen_ipgen_MVAU_hls_5_z_abwm0r/project_MVAU_hls_5/sol1/impl/ip'.
INFO: [IP_Flow 19-1700] Loaded user IP repository '/tmp/finn_dev_ug_lab/code_gen_ipgen_StreamingFIFO_rtl_40_o2rinf8o'.
INFO: [IP_Flow 19-1700] Loaded user IP repository '/tmp/finn_dev_ug_lab/code_gen_ipgen_StreamingDataWidthConverter_rtl_17_uwet2jtm'.
INFO: [IP_Flow 19-1700] Loaded user IP repository '/tmp/finn_dev_ug_lab/code_gen_ipgen_StreamingFIFO_rtl_41_bg5j4_on'.
INFO: [IP_Flow 19-1700] Loaded user IP repository '/tmp/finn_dev_ug_lab/code_gen_ipgen_FMPadding_rtl_6_0n5o4tx5'.
INFO: [IP_Flow 19-1700] Loaded user IP repository '/tmp/finn_dev_ug_lab/code_gen_ipgen_StreamingFIFO_rtl_42_aei_pg0x'.
INFO: [IP_Flow 19-1700] Loaded user IP repository '/tmp/finn_dev_ug_lab/code_gen_ipgen_StreamingDataWidthConverter_rtl_18_kdka0bt_'.
INFO: [IP_Flow 19-1700] Loaded user IP repository '/tmp/finn_dev_ug_lab/code_gen_ipgen_StreamingFIFO_rtl_43_3nonuy78'.
INFO: [IP_Flow 19-1700] Loaded user IP repository '/tmp/finn_dev_ug_lab/code_gen_ipgen_ConvolutionInputGenerator_rtl_6_ipt78yet'.
INFO: [IP_Flow 19-1700] Loaded user IP repository '/tmp/finn_dev_ug_lab/code_gen_ipgen_StreamingFIFO_rtl_44_yw00fymr'.
INFO: [IP_Flow 19-1700] Loaded user IP repository '/tmp/finn_dev_ug_lab/code_gen_ipgen_StreamingDataWidthConverter_rtl_19_cel8waiz'.
INFO: [IP_Flow 19-1700] Loaded user IP repository '/tmp/finn_dev_ug_lab/code_gen_ipgen_StreamingFIFO_rtl_45_lh8rqd51'.
INFO: [IP_Flow 19-1700] Loaded user IP repository '/tmp/finn_dev_ug_lab/code_gen_ipgen_MVAU_hls_6_4xmley2e/project_MVAU_hls_6/sol1/impl/ip'.
INFO: [IP_Flow 19-1700] Loaded user IP repository '/tmp/finn_dev_ug_lab/code_gen_ipgen_StreamingFIFO_rtl_46_j235m_9j'.
INFO: [IP_Flow 19-1700] Loaded user IP repository '/tmp/finn_dev_ug_lab/code_gen_ipgen_MVAU_hls_7_qsx_7bko/project_MVAU_hls_7/sol1/impl/ip'.
INFO: [IP_Flow 19-1700] Loaded user IP repository '/tmp/finn_dev_ug_lab/code_gen_ipgen_StreamingFIFO_rtl_47__66qt0z7'.
INFO: [IP_Flow 19-1700] Loaded user IP repository '/tmp/finn_dev_ug_lab/code_gen_ipgen_StreamingDataWidthConverter_rtl_20_liukhrfo'.
INFO: [IP_Flow 19-1700] Loaded user IP repository '/tmp/finn_dev_ug_lab/code_gen_ipgen_StreamingFIFO_rtl_48_fbubumj8'.
INFO: [IP_Flow 19-1700] Loaded user IP repository '/tmp/finn_dev_ug_lab/code_gen_ipgen_FMPadding_rtl_7_kvaz2c7r'.
INFO: [IP_Flow 19-1700] Loaded user IP repository '/tmp/finn_dev_ug_lab/code_gen_ipgen_StreamingFIFO_rtl_49_e1jambqq'.
INFO: [Common 17-14] Message 'IP_Flow 19-1700' appears 100 times and further instances of the messages will be disabled. Use the Tcl command set_msg_config to change the current settings.
INFO: [IP_Flow 19-2313] Loaded Vivado IP repository '/opt/Xilinx/Vivado/2022.2/data/ip'.
INFO: [IP_Flow 19-6924] IPCACHE: Running cache check for IP inst: finn_design_ConvolutionInputGenerator_rtl_5_0
Command: synth_design -top finn_design_ConvolutionInputGenerator_rtl_5_0 -part xc7z020clg400-1 -incremental_mode off -mode out_of_context
Starting synth_design
Attempting to get a license for feature 'Synthesis' and/or device 'xc7z020'
INFO: [Common 17-349] Got license for feature 'Synthesis' and/or device 'xc7z020'
INFO: [Designutils 20-5008] Incremental synthesis strategy off
INFO: [Synth 8-7079] Multithreading enabled for synth_design using a maximum of 4 processes.
INFO: [Synth 8-7078] Launching helper process for spawning children vivado processes
INFO: [Synth 8-7075] Helper process launched with PID 771604
INFO: [Synth 8-11241] undeclared symbol 'REGCCE', assumed default net type 'wire' [/opt/Xilinx/Vivado/2022.2/data/verilog/src/unimacro/BRAM_SINGLE_MACRO.v:2170]
CRITICAL WARNING: [Synth 8-10644] design element 'swg' is previously defined; ignoring this definition [/tmp/finn_dev_ug_lab/code_gen_ipgen_ConvolutionInputGenerator_rtl_1_93_d4s_i/swg_pkg.sv:41]
INFO: [Synth 8-9937] previous definition of design element 'swg' is here [/tmp/finn_dev_ug_lab/code_gen_ipgen_ConvolutionInputGenerator_rtl_0__m9uugb_/swg_pkg.sv:41]
CRITICAL WARNING: [Synth 8-10644] design element 'swg' is previously defined; ignoring this definition [/tmp/finn_dev_ug_lab/code_gen_ipgen_ConvolutionInputGenerator_rtl_2_zj9rsa76/swg_pkg.sv:41]
INFO: [Synth 8-9937] previous definition of design element 'swg' is here [/tmp/finn_dev_ug_lab/code_gen_ipgen_ConvolutionInputGenerator_rtl_0__m9uugb_/swg_pkg.sv:41]
CRITICAL WARNING: [Synth 8-10644] design element 'swg' is previously defined; ignoring this definition [/tmp/finn_dev_ug_lab/code_gen_ipgen_ConvolutionInputGenerator_rtl_3_kgxam4t7/swg_pkg.sv:41]
INFO: [Synth 8-9937] previous definition of design element 'swg' is here [/tmp/finn_dev_ug_lab/code_gen_ipgen_ConvolutionInputGenerator_rtl_0__m9uugb_/swg_pkg.sv:41]
CRITICAL WARNING: [Synth 8-10644] design element 'swg' is previously defined; ignoring this definition [/tmp/finn_dev_ug_lab/code_gen_ipgen_ConvolutionInputGenerator_rtl_4_bj9ztzhu/swg_pkg.sv:41]
INFO: [Synth 8-9937] previous definition of design element 'swg' is here [/tmp/finn_dev_ug_lab/code_gen_ipgen_ConvolutionInputGenerator_rtl_0__m9uugb_/swg_pkg.sv:41]
CRITICAL WARNING: [Synth 8-10644] design element 'swg' is previously defined; ignoring this definition [/tmp/finn_dev_ug_lab/code_gen_ipgen_ConvolutionInputGenerator_rtl_5_ojizvlo5/swg_pkg.sv:41]
INFO: [Synth 8-9937] previous definition of design element 'swg' is here [/tmp/finn_dev_ug_lab/code_gen_ipgen_ConvolutionInputGenerator_rtl_0__m9uugb_/swg_pkg.sv:41]
CRITICAL WARNING: [Synth 8-10644] design element 'swg' is previously defined; ignoring this definition [/tmp/finn_dev_ug_lab/code_gen_ipgen_ConvolutionInputGenerator_rtl_6_ipt78yet/swg_pkg.sv:41]
INFO: [Synth 8-9937] previous definition of design element 'swg' is here [/tmp/finn_dev_ug_lab/code_gen_ipgen_ConvolutionInputGenerator_rtl_0__m9uugb_/swg_pkg.sv:41]
CRITICAL WARNING: [Synth 8-10644] design element 'swg' is previously defined; ignoring this definition [/tmp/finn_dev_ug_lab/code_gen_ipgen_ConvolutionInputGenerator_rtl_7_hq9z6h4u/swg_pkg.sv:41]
INFO: [Synth 8-9937] previous definition of design element 'swg' is here [/tmp/finn_dev_ug_lab/code_gen_ipgen_ConvolutionInputGenerator_rtl_0__m9uugb_/swg_pkg.sv:41]
CRITICAL WARNING: [Synth 8-10644] design element 'swg' is previously defined; ignoring this definition [/tmp/finn_dev_ug_lab/code_gen_ipgen_ConvolutionInputGenerator_rtl_8_gr3e9239/swg_pkg.sv:41]
INFO: [Synth 8-9937] previous definition of design element 'swg' is here [/tmp/finn_dev_ug_lab/code_gen_ipgen_ConvolutionInputGenerator_rtl_0__m9uugb_/swg_pkg.sv:41]
WARNING: [Synth 8-9661] initial value of parameter 'BIT_WIDTH' is omitted [/tmp/finn_dev_ug_lab/code_gen_ipgen_ConvolutionInputGenerator_rtl_5_ojizvlo5/ConvolutionInputGenerator_rtl_5_impl.sv:32]
WARNING: [Synth 8-9661] initial value of parameter 'SIMD' is omitted [/tmp/finn_dev_ug_lab/code_gen_ipgen_ConvolutionInputGenerator_rtl_5_ojizvlo5/ConvolutionInputGenerator_rtl_5_impl.sv:33]
WARNING: [Synth 8-9661] initial value of parameter 'MMV_IN' is omitted [/tmp/finn_dev_ug_lab/code_gen_ipgen_ConvolutionInputGenerator_rtl_5_ojizvlo5/ConvolutionInputGenerator_rtl_5_impl.sv:34]
WARNING: [Synth 8-9661] initial value of parameter 'MMV_OUT' is omitted [/tmp/finn_dev_ug_lab/code_gen_ipgen_ConvolutionInputGenerator_rtl_5_ojizvlo5/ConvolutionInputGenerator_rtl_5_impl.sv:35]
WARNING: [Synth 8-9661] initial value of parameter 'LOOP_H_ITERATIONS' is omitted [/tmp/finn_dev_ug_lab/code_gen_ipgen_ConvolutionInputGenerator_rtl_8_gr3e9239/swg_common.sv:36]
WARNING: [Synth 8-9661] initial value of parameter 'LOOP_W_ITERATIONS' is omitted [/tmp/finn_dev_ug_lab/code_gen_ipgen_ConvolutionInputGenerator_rtl_8_gr3e9239/swg_common.sv:37]
WARNING: [Synth 8-9661] initial value of parameter 'LOOP_KH_ITERATIONS' is omitted [/tmp/finn_dev_ug_lab/code_gen_ipgen_ConvolutionInputGenerator_rtl_8_gr3e9239/swg_common.sv:38]
WARNING: [Synth 8-9661] initial value of parameter 'LOOP_KW_ITERATIONS' is omitted [/tmp/finn_dev_ug_lab/code_gen_ipgen_ConvolutionInputGenerator_rtl_8_gr3e9239/swg_common.sv:39]
WARNING: [Synth 8-9661] initial value of parameter 'LOOP_SIMD_ITERATIONS' is omitted [/tmp/finn_dev_ug_lab/code_gen_ipgen_ConvolutionInputGenerator_rtl_8_gr3e9239/swg_common.sv:40]
WARNING: [Synth 8-9661] initial value of parameter 'INCR_BITWIDTH' is omitted [/tmp/finn_dev_ug_lab/code_gen_ipgen_ConvolutionInputGenerator_rtl_8_gr3e9239/swg_common.sv:42]
WARNING: [Synth 8-9661] initial value of parameter 'IS_DEPTHWISE' is omitted [/tmp/finn_dev_ug_lab/code_gen_ipgen_ConvolutionInputGenerator_rtl_8_gr3e9239/swg_common.sv:44]
WARNING: [Synth 8-9661] initial value of parameter 'HEAD_INCR_SIMD' is omitted [/tmp/finn_dev_ug_lab/code_gen_ipgen_ConvolutionInputGenerator_rtl_8_gr3e9239/swg_common.sv:46]
WARNING: [Synth 8-9661] initial value of parameter 'HEAD_INCR_KW' is omitted [/tmp/finn_dev_ug_lab/code_gen_ipgen_ConvolutionInputGenerator_rtl_8_gr3e9239/swg_common.sv:47]
WARNING: [Synth 8-9661] initial value of parameter 'HEAD_INCR_KH' is omitted [/tmp/finn_dev_ug_lab/code_gen_ipgen_ConvolutionInputGenerator_rtl_8_gr3e9239/swg_common.sv:48]
WARNING: [Synth 8-9661] initial value of parameter 'HEAD_INCR_W' is omitted [/tmp/finn_dev_ug_lab/code_gen_ipgen_ConvolutionInputGenerator_rtl_8_gr3e9239/swg_common.sv:49]
WARNING: [Synth 8-9661] initial value of parameter 'HEAD_INCR_H' is omitted [/tmp/finn_dev_ug_lab/code_gen_ipgen_ConvolutionInputGenerator_rtl_8_gr3e9239/swg_common.sv:50]
WARNING: [Synth 8-9661] initial value of parameter 'TAIL_INCR_W' is omitted [/tmp/finn_dev_ug_lab/code_gen_ipgen_ConvolutionInputGenerator_rtl_8_gr3e9239/swg_common.sv:51]
WARNING: [Synth 8-9661] initial value of parameter 'TAIL_INCR_H' is omitted [/tmp/finn_dev_ug_lab/code_gen_ipgen_ConvolutionInputGenerator_rtl_8_gr3e9239/swg_common.sv:52]
WARNING: [Synth 8-9661] initial value of parameter 'TAIL_INCR_LAST' is omitted [/tmp/finn_dev_ug_lab/code_gen_ipgen_ConvolutionInputGenerator_rtl_8_gr3e9239/swg_common.sv:53]
WARNING: [Synth 8-9661] initial value of parameter 'INNERMOST_STATE' is omitted [/tmp/finn_dev_ug_lab/code_gen_ipgen_ConvolutionInputGenerator_rtl_8_gr3e9239/swg_common.sv:55]
WARNING: [Synth 8-9661] initial value of parameter 'WIDTH' is omitted [/tmp/finn_dev_ug_lab/code_gen_ipgen_ConvolutionInputGenerator_rtl_8_gr3e9239/swg_common.sv:150]
WARNING: [Synth 8-9661] initial value of parameter 'DEPTH' is omitted [/tmp/finn_dev_ug_lab/code_gen_ipgen_ConvolutionInputGenerator_rtl_8_gr3e9239/swg_common.sv:151]
WARNING: [Synth 8-9661] initial value of parameter 'WIDTH' is omitted [/tmp/finn_dev_ug_lab/code_gen_ipgen_ConvolutionInputGenerator_rtl_8_gr3e9239/swg_common.sv:207]
WARNING: [Synth 8-9661] initial value of parameter 'DEPTH' is omitted [/tmp/finn_dev_ug_lab/code_gen_ipgen_ConvolutionInputGenerator_rtl_8_gr3e9239/swg_common.sv:208]
WARNING: [Synth 8-6901] identifier 'IN_WIDTH_PADDED' is used before its declaration [/tmp/finn_dev_ug_lab/code_gen_ipgen_ConvolutionInputGenerator_rtl_5_ojizvlo5/ConvolutionInputGenerator_rtl_5_wrapper.v:38]
WARNING: [Synth 8-6901] identifier 'OUT_WIDTH_PADDED' is used before its declaration [/tmp/finn_dev_ug_lab/code_gen_ipgen_ConvolutionInputGenerator_rtl_5_ojizvlo5/ConvolutionInputGenerator_rtl_5_wrapper.v:41]
WARNING: [Synth 8-10592] closing label :ConvolutionInputGenerator_rtl_5 is only allowed in SystemVerilog mode [/tmp/finn_dev_ug_lab/code_gen_ipgen_ConvolutionInputGenerator_rtl_5_ojizvlo5/ConvolutionInputGenerator_rtl_5_wrapper.v:74]
WARNING: [Synth 8-10592] closing label :ConvolutionInputGenerator_rtl_5 is only allowed in SystemVerilog mode [/tmp/finn_dev_ug_lab/code_gen_ipgen_ConvolutionInputGenerator_rtl_5_ojizvlo5/ConvolutionInputGenerator_rtl_5_wrapper.v:74]
---------------------------------------------------------------------------------
Starting Synthesize : Time (s): cpu = 00:00:03 ; elapsed = 00:00:05 . Memory (MB): peak = 1648.754 ; gain = 377.738 ; free physical = 5052 ; free virtual = 8243
Synthesis current peak Physical Memory [PSS] (MB): peak = 840.943; parent = 717.987; children = 122.956
Synthesis current peak Virtual Memory [VSS] (MB): peak = 2640.652; parent = 1648.758; children = 991.895
---------------------------------------------------------------------------------
INFO: [Synth 8-6157] synthesizing module 'finn_design_ConvolutionInputGenerator_rtl_5_0' [/home/ug_lab/finn/notebooks/pls5/output/stitched_ip/finn_vivado_stitch_proj.gen/sources_1/bd/finn_design/ip/finn_design_ConvolutionInputGenerator_rtl_5_0/synth/finn_design_ConvolutionInputGenerator_rtl_5_0.v:53]
INFO: [Synth 8-6157] synthesizing module 'ConvolutionInputGenerator_rtl_5' [/tmp/finn_dev_ug_lab/code_gen_ipgen_ConvolutionInputGenerator_rtl_5_ojizvlo5/ConvolutionInputGenerator_rtl_5_wrapper.v:32]
INFO: [Synth 8-6157] synthesizing module 'ConvolutionInputGenerator_rtl_5_impl' [/tmp/finn_dev_ug_lab/code_gen_ipgen_ConvolutionInputGenerator_rtl_5_ojizvlo5/ConvolutionInputGenerator_rtl_5_impl.sv:31]
INFO: [Synth 8-6157] synthesizing module 'swg_cyclic_buffer_addressable' [/tmp/finn_dev_ug_lab/code_gen_ipgen_ConvolutionInputGenerator_rtl_8_gr3e9239/swg_common.sv:149]
INFO: [Synth 8-6155] done synthesizing module 'swg_cyclic_buffer_addressable' (0#1) [/tmp/finn_dev_ug_lab/code_gen_ipgen_ConvolutionInputGenerator_rtl_8_gr3e9239/swg_common.sv:149]
INFO: [Synth 8-6157] synthesizing module 'swg_controller' [/tmp/finn_dev_ug_lab/code_gen_ipgen_ConvolutionInputGenerator_rtl_8_gr3e9239/swg_common.sv:34]
INFO: [Synth 8-294] found qualifier unique on case statement: implementing as parallel_case [/tmp/finn_dev_ug_lab/code_gen_ipgen_ConvolutionInputGenerator_rtl_8_gr3e9239/swg_common.sv:77]
INFO: [Synth 8-6155] done synthesizing module 'swg_controller' (0#1) [/tmp/finn_dev_ug_lab/code_gen_ipgen_ConvolutionInputGenerator_rtl_8_gr3e9239/swg_common.sv:34]
INFO: [Synth 8-6155] done synthesizing module 'ConvolutionInputGenerator_rtl_5_impl' (0#1) [/tmp/finn_dev_ug_lab/code_gen_ipgen_ConvolutionInputGenerator_rtl_5_ojizvlo5/ConvolutionInputGenerator_rtl_5_impl.sv:31]
INFO: [Synth 8-6155] done synthesizing module 'ConvolutionInputGenerator_rtl_5' (0#1) [/tmp/finn_dev_ug_lab/code_gen_ipgen_ConvolutionInputGenerator_rtl_5_ojizvlo5/ConvolutionInputGenerator_rtl_5_wrapper.v:32]
INFO: [Synth 8-6155] done synthesizing module 'finn_design_ConvolutionInputGenerator_rtl_5_0' (0#1) [/home/ug_lab/finn/notebooks/pls5/output/stitched_ip/finn_vivado_stitch_proj.gen/sources_1/bd/finn_design/ip/finn_design_ConvolutionInputGenerator_rtl_5_0/synth/finn_design_ConvolutionInputGenerator_rtl_5_0.v:53]
WARNING: [Synth 8-7129] Port out_V_TDATA[7] in module ConvolutionInputGenerator_rtl_5 is either unconnected or has no load
WARNING: [Synth 8-7129] Port out_V_TDATA[6] in module ConvolutionInputGenerator_rtl_5 is either unconnected or has no load
WARNING: [Synth 8-7129] Port out_V_TDATA[5] in module ConvolutionInputGenerator_rtl_5 is either unconnected or has no load
WARNING: [Synth 8-7129] Port out_V_TDATA[4] in module ConvolutionInputGenerator_rtl_5 is either unconnected or has no load
WARNING: [Synth 8-7129] Port out_V_TDATA[3] in module ConvolutionInputGenerator_rtl_5 is either unconnected or has no load
WARNING: [Synth 8-7129] Port in0_V_TDATA[7] in module ConvolutionInputGenerator_rtl_5 is either unconnected or has no load
WARNING: [Synth 8-7129] Port in0_V_TDATA[6] in module ConvolutionInputGenerator_rtl_5 is either unconnected or has no load
WARNING: [Synth 8-7129] Port in0_V_TDATA[5] in module ConvolutionInputGenerator_rtl_5 is either unconnected or has no load
WARNING: [Synth 8-7129] Port in0_V_TDATA[4] in module ConvolutionInputGenerator_rtl_5 is either unconnected or has no load
WARNING: [Synth 8-7129] Port in0_V_TDATA[3] in module ConvolutionInputGenerator_rtl_5 is either unconnected or has no load
---------------------------------------------------------------------------------
Finished Synthesize : Time (s): cpu = 00:00:04 ; elapsed = 00:00:07 . Memory (MB): peak = 1718.723 ; gain = 447.707 ; free physical = 4362 ; free virtual = 7601
Synthesis current peak Physical Memory [PSS] (MB): peak = 840.943; parent = 717.987; children = 122.956
Synthesis current peak Virtual Memory [VSS] (MB): peak = 2710.621; parent = 1718.727; children = 991.895
---------------------------------------------------------------------------------
---------------------------------------------------------------------------------
Finished Constraint Validation : Time (s): cpu = 00:00:04 ; elapsed = 00:00:08 . Memory (MB): peak = 1736.535 ; gain = 465.520 ; free physical = 3876 ; free virtual = 7126
Synthesis current peak Physical Memory [PSS] (MB): peak = 840.943; parent = 717.987; children = 123.073
Synthesis current peak Virtual Memory [VSS] (MB): peak = 2728.434; parent = 1736.539; children = 991.895
---------------------------------------------------------------------------------
---------------------------------------------------------------------------------
Start Loading Part and Timing Information
---------------------------------------------------------------------------------
Loading part: xc7z020clg400-1
---------------------------------------------------------------------------------
Finished Loading Part and Timing Information : Time (s): cpu = 00:00:04 ; elapsed = 00:00:08 . Memory (MB): peak = 1744.539 ; gain = 473.523 ; free physical = 3823 ; free virtual = 7075
INFO: [Device 21-403] Loading part xc7z020clg400-1
Synthesis current peak Physical Memory [PSS] (MB): peak = 840.943; parent = 717.987; children = 123.094
Synthesis current peak Virtual Memory [VSS] (MB): peak = 2736.438; parent = 1744.543; children = 991.895
---------------------------------------------------------------------------------
---------------------------------------------------------------------------------
Finished RTL Optimization Phase 2 : Time (s): cpu = 00:00:05 ; elapsed = 00:00:08 . Memory (MB): peak = 1758.484 ; gain = 487.469 ; free physical = 3584 ; free virtual = 6837
Synthesis current peak Physical Memory [PSS] (MB): peak = 840.943; parent = 717.987; children = 123.094
Synthesis current peak Virtual Memory [VSS] (MB): peak = 2750.383; parent = 1758.488; children = 991.895
---------------------------------------------------------------------------------
No constraint files found.
---------------------------------------------------------------------------------
Start RTL Component Statistics 
---------------------------------------------------------------------------------
Detailed RTL Component Info : 
+---Adders : 
	   2 Input   16 Bit       Adders := 1     
	   2 Input   15 Bit       Adders := 2     
	   2 Input   13 Bit       Adders := 1     
	   2 Input   11 Bit       Adders := 1     
	   2 Input    9 Bit       Adders := 1     
	   2 Input    7 Bit       Adders := 1     
	   2 Input    5 Bit       Adders := 2     
	   2 Input    3 Bit       Adders := 2     
+---Registers : 
	               15 Bit    Registers := 2     
	               12 Bit    Registers := 1     
	               11 Bit    Registers := 1     
	                9 Bit    Registers := 1     
	                7 Bit    Registers := 1     
	                5 Bit    Registers := 2     
	                3 Bit    Registers := 4     
	                1 Bit    Registers := 3     
+---Muxes : 
	   2 Input   15 Bit        Muxes := 3     
	   7 Input   12 Bit        Muxes := 1     
	   3 Input   12 Bit        Muxes := 1     
	   3 Input   11 Bit        Muxes := 1     
	   2 Input   11 Bit        Muxes := 1     
	   7 Input    3 Bit        Muxes := 1     
	   5 Input    3 Bit        Muxes := 1     
	   2 Input    1 Bit        Muxes := 25    
---------------------------------------------------------------------------------
Finished RTL Component Statistics 
---------------------------------------------------------------------------------
---------------------------------------------------------------------------------
Start Part Resource Summary
---------------------------------------------------------------------------------
Part Resources:
DSPs: 220 (col length:60)
BRAMs: 280 (col length: RAMB18 60 RAMB36 30)
---------------------------------------------------------------------------------
Finished Part Resource Summary
---------------------------------------------------------------------------------
No constraint files found.
---------------------------------------------------------------------------------
Start Cross Boundary and Area Optimization
---------------------------------------------------------------------------------
WARNING: [Synth 8-7080] Parallel synthesis criteria is not met
WARNING: [Synth 8-7129] Port out_V_TDATA[7] in module finn_design_ConvolutionInputGenerator_rtl_5_0 is either unconnected or has no load
WARNING: [Synth 8-7129] Port out_V_TDATA[6] in module finn_design_ConvolutionInputGenerator_rtl_5_0 is either unconnected or has no load
WARNING: [Synth 8-7129] Port out_V_TDATA[5] in module finn_design_ConvolutionInputGenerator_rtl_5_0 is either unconnected or has no load
WARNING: [Synth 8-7129] Port out_V_TDATA[4] in module finn_design_ConvolutionInputGenerator_rtl_5_0 is either unconnected or has no load
WARNING: [Synth 8-7129] Port out_V_TDATA[3] in module finn_design_ConvolutionInputGenerator_rtl_5_0 is either unconnected or has no load
WARNING: [Synth 8-7129] Port in0_V_TDATA[7] in module finn_design_ConvolutionInputGenerator_rtl_5_0 is either unconnected or has no load
WARNING: [Synth 8-7129] Port in0_V_TDATA[6] in module finn_design_ConvolutionInputGenerator_rtl_5_0 is either unconnected or has no load
WARNING: [Synth 8-7129] Port in0_V_TDATA[5] in module finn_design_ConvolutionInputGenerator_rtl_5_0 is either unconnected or has no load
WARNING: [Synth 8-7129] Port in0_V_TDATA[4] in module finn_design_ConvolutionInputGenerator_rtl_5_0 is either unconnected or has no load
WARNING: [Synth 8-7129] Port in0_V_TDATA[3] in module finn_design_ConvolutionInputGenerator_rtl_5_0 is either unconnected or has no load
---------------------------------------------------------------------------------
Finished Cross Boundary and Area Optimization : Time (s): cpu = 00:00:08 ; elapsed = 00:00:15 . Memory (MB): peak = 1917.664 ; gain = 646.648 ; free physical = 2145 ; free virtual = 5387
Synthesis current peak Physical Memory [PSS] (MB): peak = 1083.778; parent = 959.362; children = 124.416
Synthesis current peak Virtual Memory [VSS] (MB): peak = 2909.562; parent = 1917.668; children = 991.895
---------------------------------------------------------------------------------
---------------------------------------------------------------------------------
Start ROM, RAM, DSP, Shift Register and Retiming Reporting
---------------------------------------------------------------------------------

Distributed RAM: Preliminary Mapping Report (see note below)
+----------------------------------------------+--------------------------------------+----------------+----------------------+--------------+
|Module Name                                   | RTL Object                           | Inference      | Size (Depth x Width) | Primitives   | 
+----------------------------------------------+--------------------------------------+----------------+----------------------+--------------+
|finn_design_ConvolutionInputGenerator_rtl_5_0 | inst/impl/window_buffer_inst/Ram_reg | User Attribute | 2 K x 3              | RAM64M x 29  | 
+----------------------------------------------+--------------------------------------+----------------+----------------------+--------------+

Note: The table above is a preliminary report that shows the Distributed RAMs at the current stage of the synthesis flow. Some Distributed RAMs may be reimplemented as non Distributed RAM primitives later in the synthesis flow. Multiple instantiated RAMs are reported only once.
---------------------------------------------------------------------------------
Finished ROM, RAM, DSP, Shift Register and Retiming Reporting
---------------------------------------------------------------------------------
No constraint files found.
---------------------------------------------------------------------------------
Start Timing Optimization
---------------------------------------------------------------------------------
---------------------------------------------------------------------------------
Finished Timing Optimization : Time (s): cpu = 00:00:09 ; elapsed = 00:00:15 . Memory (MB): peak = 1917.664 ; gain = 646.648 ; free physical = 2069 ; free virtual = 5312
Synthesis current peak Physical Memory [PSS] (MB): peak = 1085.167; parent = 960.324; children = 124.843
Synthesis current peak Virtual Memory [VSS] (MB): peak = 2909.562; parent = 1917.668; children = 991.895
---------------------------------------------------------------------------------
---------------------------------------------------------------------------------
Start ROM, RAM, DSP, Shift Register and Retiming Reporting
---------------------------------------------------------------------------------

Distributed RAM: Final Mapping Report
+----------------------------------------------+--------------------------------------+----------------+----------------------+--------------+
|Module Name                                   | RTL Object                           | Inference      | Size (Depth x Width) | Primitives   | 
+----------------------------------------------+--------------------------------------+----------------+----------------------+--------------+
|finn_design_ConvolutionInputGenerator_rtl_5_0 | inst/impl/window_buffer_inst/Ram_reg | User Attribute | 2 K x 3              | RAM64M x 29  | 
+----------------------------------------------+--------------------------------------+----------------+----------------------+--------------+

---------------------------------------------------------------------------------
Finished ROM, RAM, DSP, Shift Register and Retiming Reporting
---------------------------------------------------------------------------------
---------------------------------------------------------------------------------
Start Technology Mapping
---------------------------------------------------------------------------------
---------------------------------------------------------------------------------
Finished Technology Mapping : Time (s): cpu = 00:00:09 ; elapsed = 00:00:16 . Memory (MB): peak = 1917.664 ; gain = 646.648 ; free physical = 1915 ; free virtual = 5158
Synthesis current peak Physical Memory [PSS] (MB): peak = 1085.987; parent = 961.107; children = 124.880
Synthesis current peak Virtual Memory [VSS] (MB): peak = 2909.562; parent = 1917.668; children = 991.895
---------------------------------------------------------------------------------
---------------------------------------------------------------------------------
Start IO Insertion
---------------------------------------------------------------------------------
---------------------------------------------------------------------------------
Start Flattening Before IO Insertion
---------------------------------------------------------------------------------
---------------------------------------------------------------------------------
Finished Flattening Before IO Insertion
---------------------------------------------------------------------------------
---------------------------------------------------------------------------------
Start Final Netlist Cleanup
---------------------------------------------------------------------------------
---------------------------------------------------------------------------------
Finished Final Netlist Cleanup
---------------------------------------------------------------------------------
---------------------------------------------------------------------------------
Finished IO Insertion : Time (s): cpu = 00:00:11 ; elapsed = 00:00:18 . Memory (MB): peak = 1917.664 ; gain = 646.648 ; free physical = 2110 ; free virtual = 5349
Synthesis current peak Physical Memory [PSS] (MB): peak = 1086.424; parent = 961.290; children = 125.134
Synthesis current peak Virtual Memory [VSS] (MB): peak = 2909.562; parent = 1917.668; children = 991.895
---------------------------------------------------------------------------------
---------------------------------------------------------------------------------
Start Renaming Generated Instances
---------------------------------------------------------------------------------
---------------------------------------------------------------------------------
Finished Renaming Generated Instances : Time (s): cpu = 00:00:11 ; elapsed = 00:00:19 . Memory (MB): peak = 1917.664 ; gain = 646.648 ; free physical = 2094 ; free virtual = 5332
Synthesis current peak Physical Memory [PSS] (MB): peak = 1086.433; parent = 961.305; children = 125.134
Synthesis current peak Virtual Memory [VSS] (MB): peak = 2909.562; parent = 1917.668; children = 991.895
---------------------------------------------------------------------------------
---------------------------------------------------------------------------------
Start Rebuilding User Hierarchy
---------------------------------------------------------------------------------
---------------------------------------------------------------------------------
Finished Rebuilding User Hierarchy : Time (s): cpu = 00:00:11 ; elapsed = 00:00:19 . Memory (MB): peak = 1917.664 ; gain = 646.648 ; free physical = 2066 ; free virtual = 5304
Synthesis current peak Physical Memory [PSS] (MB): peak = 1086.536; parent = 961.431; children = 125.134
Synthesis current peak Virtual Memory [VSS] (MB): peak = 2909.562; parent = 1917.668; children = 991.895
---------------------------------------------------------------------------------
---------------------------------------------------------------------------------
Start Renaming Generated Ports
---------------------------------------------------------------------------------
---------------------------------------------------------------------------------
Finished Renaming Generated Ports : Time (s): cpu = 00:00:11 ; elapsed = 00:00:19 . Memory (MB): peak = 1917.664 ; gain = 646.648 ; free physical = 2036 ; free virtual = 5274
Synthesis current peak Physical Memory [PSS] (MB): peak = 1086.536; parent = 961.431; children = 125.134
Synthesis current peak Virtual Memory [VSS] (MB): peak = 2909.562; parent = 1917.668; children = 991.895
---------------------------------------------------------------------------------
---------------------------------------------------------------------------------
Start Handling Custom Attributes
---------------------------------------------------------------------------------
---------------------------------------------------------------------------------
Finished Handling Custom Attributes : Time (s): cpu = 00:00:11 ; elapsed = 00:00:19 . Memory (MB): peak = 1917.664 ; gain = 646.648 ; free physical = 2014 ; free virtual = 5253
Synthesis current peak Physical Memory [PSS] (MB): peak = 1086.536; parent = 961.431; children = 125.134
Synthesis current peak Virtual Memory [VSS] (MB): peak = 2909.562; parent = 1917.668; children = 991.895
---------------------------------------------------------------------------------
---------------------------------------------------------------------------------
Start Renaming Generated Nets
---------------------------------------------------------------------------------
---------------------------------------------------------------------------------
Finished Renaming Generated Nets : Time (s): cpu = 00:00:11 ; elapsed = 00:00:19 . Memory (MB): peak = 1917.664 ; gain = 646.648 ; free physical = 1970 ; free virtual = 5208
Synthesis current peak Physical Memory [PSS] (MB): peak = 1086.536; parent = 961.431; children = 125.134
Synthesis current peak Virtual Memory [VSS] (MB): peak = 2909.562; parent = 1917.668; children = 991.895
---------------------------------------------------------------------------------
---------------------------------------------------------------------------------
Start Writing Synthesis Report
---------------------------------------------------------------------------------

Report BlackBoxes: 
+-+--------------+----------+
| |BlackBox name |Instances |
+-+--------------+----------+
+-+--------------+----------+

Report Cell Usage: 
+------+-------+------+
|      |Cell   |Count |
+------+-------+------+
|1     |CARRY4 |    31|
|2     |LUT1   |    16|
|3     |LUT2   |    49|
|4     |LUT3   |    33|
|5     |LUT4   |    71|
|6     |LUT5   |    33|
|7     |LUT6   |   115|
|8     |MUXF7  |     9|
|9     |RAM64M |    29|
|10    |FDRE   |    84|
|11    |FDSE   |    25|
+------+-------+------+

Report Instance Areas: 
+------+-------------------------+-------------------------------------+------+
|      |Instance                 |Module                               |Cells |
+------+-------------------------+-------------------------------------+------+
|1     |top                      |                                     |   495|
|2     |  inst                   |ConvolutionInputGenerator_rtl_5      |   495|
|3     |    impl                 |ConvolutionInputGenerator_rtl_5_impl |   495|
|4     |      controller_inst    |swg_controller                       |   123|
|5     |      window_buffer_inst |swg_cyclic_buffer_addressable        |   122|
+------+-------------------------+-------------------------------------+------+
---------------------------------------------------------------------------------
Finished Writing Synthesis Report : Time (s): cpu = 00:00:11 ; elapsed = 00:00:19 . Memory (MB): peak = 1917.664 ; gain = 646.648 ; free physical = 1886 ; free virtual = 5124
Synthesis current peak Physical Memory [PSS] (MB): peak = 1086.536; parent = 961.465; children = 125.134
Synthesis current peak Virtual Memory [VSS] (MB): peak = 2909.562; parent = 1917.668; children = 991.895
---------------------------------------------------------------------------------
Synthesis finished with 0 errors, 8 critical warnings and 49 warnings.
Synthesis Optimization Runtime : Time (s): cpu = 00:00:11 ; elapsed = 00:00:19 . Memory (MB): peak = 1917.664 ; gain = 646.648 ; free physical = 1813 ; free virtual = 5052
Synthesis Optimization Complete : Time (s): cpu = 00:00:11 ; elapsed = 00:00:19 . Memory (MB): peak = 1917.672 ; gain = 646.648 ; free physical = 1831 ; free virtual = 5070
INFO: [Project 1-571] Translating synthesized netlist
Netlist sorting complete. Time (s): cpu = 00:00:00 ; elapsed = 00:00:00 . Memory (MB): peak = 1917.672 ; gain = 0.000 ; free physical = 1763 ; free virtual = 5001
INFO: [Netlist 29-17] Analyzing 69 Unisim elements for replacement
INFO: [Netlist 29-28] Unisim Transformation completed in 0 CPU seconds
INFO: [Project 1-570] Preparing netlist for logic optimization
INFO: [Opt 31-138] Pushed 0 inverter(s) to 0 load pin(s).
Netlist sorting complete. Time (s): cpu = 00:00:00 ; elapsed = 00:00:00 . Memory (MB): peak = 2043.344 ; gain = 0.000 ; free physical = 3059 ; free virtual = 6306
INFO: [Project 1-111] Unisim Transformation Summary:
  A total of 29 instances were transformed.
  RAM64M => RAM64M (RAMD64E(x4)): 29 instances

Synth Design complete, checksum: ddeeb9ab
INFO: [Common 17-83] Releasing license: Synthesis
137 Infos, 49 Warnings, 8 Critical Warnings and 0 Errors encountered.
synth_design completed successfully
synth_design: Time (s): cpu = 00:00:15 ; elapsed = 00:00:21 . Memory (MB): peak = 2043.344 ; gain = 775.297 ; free physical = 3053 ; free virtual = 6300
INFO: [Timing 38-35] Done setting XDC timing constraints.
INFO: [Common 17-1381] The checkpoint '/home/ug_lab/finn/notebooks/pls5/output/stitched_ip/finn_vivado_stitch_proj.runs/finn_design_ConvolutionInputGenerator_rtl_5_0_synth_1/finn_design_ConvolutionInputGenerator_rtl_5_0.dcp' has been generated.
write_checkpoint: Time (s): cpu = 00:00:05 ; elapsed = 00:00:06 . Memory (MB): peak = 2396.324 ; gain = 352.980 ; free physical = 6938 ; free virtual = 10182
INFO: [runtcl-6] Synthesis results are not added to the cache due to CRITICAL_WARNING
INFO: [Coretcl 2-1174] Renamed 4 cell refs.
INFO: [Common 17-1381] The checkpoint '/home/ug_lab/finn/notebooks/pls5/output/stitched_ip/finn_vivado_stitch_proj.runs/finn_design_ConvolutionInputGenerator_rtl_5_0_synth_1/finn_design_ConvolutionInputGenerator_rtl_5_0.dcp' has been generated.
INFO: [runtcl-4] Executing : report_utilization -file finn_design_ConvolutionInputGenerator_rtl_5_0_utilization_synth.rpt -pb finn_design_ConvolutionInputGenerator_rtl_5_0_utilization_synth.pb
INFO: [Common 17-206] Exiting Vivado at Mon Feb 16 18:39:20 2026...
