
*** Running vivado
    with args -log finn_design_FMPadding_rtl_7_0.vds -m64 -product Vivado -mode batch -messageDb vivado.pb -notrace -source finn_design_FMPadding_rtl_7_0.tcl


****** Vivado v2022.2 (64-bit)
  **** SW Build 3671981 on Fri Oct 14 04:59:54 MDT 2022
  **** IP Build 3669848 on Fri Oct 14 08:30:02 MDT 2022
    ** Copyright 1986-2022 Xilinx, Inc. All Rights Reserved.

source finn_design_FMPadding_rtl_7_0.tcl -notrace
create_project: Time (s): cpu = 00:00:04 ; elapsed = 00:00:06 . Memory (MB): peak = 1327.566 ; gain = 0.023 ; free physical = 4835 ; free virtual = 8028
INFO: [IP_Flow 19-234] Refreshing IP repositories
INFO: [IP_Flow 19-1700] Loaded user IP repository '/home/ug_lab/finn/finn-rtllib/memstream'.
INFO: [IP_Flow 19-1700] Loaded user IP repository '/tmp/finn_dev_ug_lab/code_gen_ipgen_StreamingFIFO_rtl_0_nwarn1of'.
INFO: [IP_Flow 19-1700] Loaded user IP repository '/tmp/finn_dev_ug_lab/code_gen_ipgen_FMPadding_rtl_0_m4tsajpn'.
INFO: [IP_Flow 19-1700] Loaded user IP repository '/tmp/finn_dev_ug_lab/code_gen_ipgen_StreamingFIFO_rtl_1_ce0phr1n'.
INFO: [IP_Flow 19-1700] Loaded user IP repository '/tmp/finn_dev_ug_lab/code_gen_ipgen_StreamingDataWidthConverter_rtl_0_xb56_y14'.
INFO: [IP_Flow 19-1700] Loaded user IP repository '/tmp/finn_dev_ug_lab/code_gen_ipgen_StreamingFIFO_rtl_2_md_geplu'.
INFO: [IP_Flow 19-1700] Loaded user IP repository '/tmp/finn_dev_ug_lab/code_gen_ipgen_ConvolutionInputGenerator_rtl_0__m9uugb_'.
INFO: [IP_Flow 19-1700] Loaded user IP repository '/tmp/finn_dev_ug_lab/code_gen_ipgen_StreamingFIFO_rtl_3_d7gay76z'.
INFO: [IP_Flow 19-1700] Loaded user IP repository '/tmp/finn_dev_ug_lab/code_gen_ipgen_StreamingDataWidthConverter_rtl_1_fegyvytd'.
INFO: [IP_Flow 19-1700] Loaded user IP repository '/tmp/finn_dev_ug_lab/code_gen_ipgen_StreamingFIFO_rtl_4_z2phmwkt'.
INFO: [IP_Flow 19-1700] Loaded user IP repository '/tmp/finn_dev_ug_lab/code_gen_ipgen_MVAU_hls_0_4ucdkcbi/project_MVAU_hls_0/sol1/impl/ip'.
INFO: [IP_Flow 19-1700] Loaded user IP repository '/tmp/finn_dev_ug_lab/code_gen_ipgen_StreamingFIFO_rtl_5_v0u59d5q'.
INFO: [IP_Flow 19-1700] Loaded user IP repository '/tmp/finn_dev_ug_lab/code_gen_ipgen_StreamingDataWidthConverter_rtl_2_2eop8rfu'.
INFO: [IP_Flow 19-1700] Loaded user IP repository '/tmp/finn_dev_ug_lab/code_gen_ipgen_StreamingFIFO_rtl_6_08mvw34m'.
INFO: [IP_Flow 19-1700] Loaded user IP repository '/tmp/finn_dev_ug_lab/code_gen_ipgen_StreamingMaxPool_hls_0_9fxgdm82/project_StreamingMaxPool_hls_0/sol1/impl/ip'.
INFO: [IP_Flow 19-1700] Loaded user IP repository '/tmp/finn_dev_ug_lab/code_gen_ipgen_StreamingFIFO_rtl_7_cc_qe40p'.
INFO: [IP_Flow 19-1700] Loaded user IP repository '/tmp/finn_dev_ug_lab/code_gen_ipgen_FMPadding_rtl_1_zfv65kux'.
INFO: [IP_Flow 19-1700] Loaded user IP repository '/tmp/finn_dev_ug_lab/code_gen_ipgen_StreamingFIFO_rtl_8_i8h3cc93'.
INFO: [IP_Flow 19-1700] Loaded user IP repository '/tmp/finn_dev_ug_lab/code_gen_ipgen_StreamingDataWidthConverter_rtl_3_exbgsvmw'.
INFO: [IP_Flow 19-1700] Loaded user IP repository '/tmp/finn_dev_ug_lab/code_gen_ipgen_StreamingFIFO_rtl_9_g39pvxnr'.
INFO: [IP_Flow 19-1700] Loaded user IP repository '/tmp/finn_dev_ug_lab/code_gen_ipgen_ConvolutionInputGenerator_rtl_1_93_d4s_i'.
INFO: [IP_Flow 19-1700] Loaded user IP repository '/tmp/finn_dev_ug_lab/code_gen_ipgen_StreamingFIFO_rtl_10_v_an4hwg'.
INFO: [IP_Flow 19-1700] Loaded user IP repository '/tmp/finn_dev_ug_lab/code_gen_ipgen_StreamingDataWidthConverter_rtl_4_uq_dcmmv'.
INFO: [IP_Flow 19-1700] Loaded user IP repository '/tmp/finn_dev_ug_lab/code_gen_ipgen_StreamingFIFO_rtl_11_n9hqx_9q'.
INFO: [IP_Flow 19-1700] Loaded user IP repository '/tmp/finn_dev_ug_lab/code_gen_ipgen_MVAU_hls_1_4z9tob4g/project_MVAU_hls_1/sol1/impl/ip'.
INFO: [IP_Flow 19-1700] Loaded user IP repository '/tmp/finn_dev_ug_lab/code_gen_ipgen_StreamingFIFO_rtl_12_3bg1zlmb'.
INFO: [IP_Flow 19-1700] Loaded user IP repository '/tmp/finn_dev_ug_lab/code_gen_ipgen_StreamingDataWidthConverter_rtl_5_gxxih1y7'.
INFO: [IP_Flow 19-1700] Loaded user IP repository '/tmp/finn_dev_ug_lab/code_gen_ipgen_StreamingFIFO_rtl_13_ysxez98f'.
INFO: [IP_Flow 19-1700] Loaded user IP repository '/tmp/finn_dev_ug_lab/code_gen_ipgen_StreamingMaxPool_hls_1_5u5657md/project_StreamingMaxPool_hls_1/sol1/impl/ip'.
INFO: [IP_Flow 19-1700] Loaded user IP repository '/tmp/finn_dev_ug_lab/code_gen_ipgen_StreamingFIFO_rtl_14_v1tc3b4o'.
INFO: [IP_Flow 19-1700] Loaded user IP repository '/tmp/finn_dev_ug_lab/code_gen_ipgen_FMPadding_rtl_2_l3u0ieyj'.
INFO: [IP_Flow 19-1700] Loaded user IP repository '/tmp/finn_dev_ug_lab/code_gen_ipgen_StreamingFIFO_rtl_15_n066kz74'.
INFO: [IP_Flow 19-1700] Loaded user IP repository '/tmp/finn_dev_ug_lab/code_gen_ipgen_StreamingDataWidthConverter_rtl_6_rmh661_y'.
INFO: [IP_Flow 19-1700] Loaded user IP repository '/tmp/finn_dev_ug_lab/code_gen_ipgen_StreamingFIFO_rtl_16_tq29gxt1'.
INFO: [IP_Flow 19-1700] Loaded user IP repository '/tmp/finn_dev_ug_lab/code_gen_ipgen_ConvolutionInputGenerator_rtl_2_zj9rsa76'.
INFO: [IP_Flow 19-1700] Loaded user IP repository '/tmp/finn_dev_ug_lab/code_gen_ipgen_StreamingFIFO_rtl_17_0r5o755y'.
INFO: [IP_Flow 19-1700] Loaded user IP repository '/tmp/finn_dev_ug_lab/code_gen_ipgen_StreamingDataWidthConverter_rtl_7_v8az255t'.
INFO: [IP_Flow 19-1700] Loaded user IP repository '/tmp/finn_dev_ug_lab/code_gen_ipgen_StreamingFIFO_rtl_18_0p7kylb4'.
INFO: [IP_Flow 19-1700] Loaded user IP repository '/tmp/finn_dev_ug_lab/code_gen_ipgen_MVAU_hls_2_f4g_g298/project_MVAU_hls_2/sol1/impl/ip'.
INFO: [IP_Flow 19-1700] Loaded user IP repository '/tmp/finn_dev_ug_lab/code_gen_ipgen_StreamingFIFO_rtl_19_3mz5jxq9'.
INFO: [IP_Flow 19-1700] Loaded user IP repository '/tmp/finn_dev_ug_lab/code_gen_ipgen_StreamingDataWidthConverter_rtl_8_arjoxkaz'.
INFO: [IP_Flow 19-1700] Loaded user IP repository '/tmp/finn_dev_ug_lab/code_gen_ipgen_StreamingFIFO_rtl_20_sjken06n'.
INFO: [IP_Flow 19-1700] Loaded user IP repository '/tmp/finn_dev_ug_lab/code_gen_ipgen_StreamingMaxPool_hls_2_ma79cjy7/project_StreamingMaxPool_hls_2/sol1/impl/ip'.
INFO: [IP_Flow 19-1700] Loaded user IP repository '/tmp/finn_dev_ug_lab/code_gen_ipgen_StreamingFIFO_rtl_21_fk_wu8kg'.
INFO: [IP_Flow 19-1700] Loaded user IP repository '/tmp/finn_dev_ug_lab/code_gen_ipgen_FMPadding_rtl_3_awquvonm'.
INFO: [IP_Flow 19-1700] Loaded user IP repository '/tmp/finn_dev_ug_lab/code_gen_ipgen_StreamingFIFO_rtl_22_s1qyqruq'.
INFO: [IP_Flow 19-1700] Loaded user IP repository '/tmp/finn_dev_ug_lab/code_gen_ipgen_StreamingDataWidthConverter_rtl_9_1ak4tvi0'.
INFO: [IP_Flow 19-1700] Loaded user IP repository '/tmp/finn_dev_ug_lab/code_gen_ipgen_StreamingFIFO_rtl_23_sar4u60w'.
INFO: [IP_Flow 19-1700] Loaded user IP repository '/tmp/finn_dev_ug_lab/code_gen_ipgen_ConvolutionInputGenerator_rtl_3_kgxam4t7'.
INFO: [IP_Flow 19-1700] Loaded user IP repository '/tmp/finn_dev_ug_lab/code_gen_ipgen_StreamingFIFO_rtl_24_t5ax6bpu'.
INFO: [IP_Flow 19-1700] Loaded user IP repository '/tmp/finn_dev_ug_lab/code_gen_ipgen_StreamingDataWidthConverter_rtl_10_q6chrc9m'.
INFO: [IP_Flow 19-1700] Loaded user IP repository '/tmp/finn_dev_ug_lab/code_gen_ipgen_StreamingFIFO_rtl_25_9iwrc41r'.
INFO: [IP_Flow 19-1700] Loaded user IP repository '/tmp/finn_dev_ug_lab/code_gen_ipgen_MVAU_hls_3_3x5e4_l0/project_MVAU_hls_3/sol1/impl/ip'.
INFO: [IP_Flow 19-1700] Loaded user IP repository '/tmp/finn_dev_ug_lab/code_gen_ipgen_StreamingFIFO_rtl_26_i1thacc5'.
INFO: [IP_Flow 19-1700] Loaded user IP repository '/tmp/finn_dev_ug_lab/code_gen_ipgen_StreamingDataWidthConverter_rtl_11_5g7eb0n5'.
INFO: [IP_Flow 19-1700] Loaded user IP repository '/tmp/finn_dev_ug_lab/code_gen_ipgen_StreamingFIFO_rtl_27_a4j1sl04'.
INFO: [IP_Flow 19-1700] Loaded user IP repository '/tmp/finn_dev_ug_lab/code_gen_ipgen_StreamingMaxPool_hls_3_t0395dtr/project_StreamingMaxPool_hls_3/sol1/impl/ip'.
INFO: [IP_Flow 19-1700] Loaded user IP repository '/tmp/finn_dev_ug_lab/code_gen_ipgen_StreamingFIFO_rtl_28_68ew_70i'.
INFO: [IP_Flow 19-1700] Loaded user IP repository '/tmp/finn_dev_ug_lab/code_gen_ipgen_FMPadding_rtl_4_qwowe7as'.
INFO: [IP_Flow 19-1700] Loaded user IP repository '/tmp/finn_dev_ug_lab/code_gen_ipgen_StreamingFIFO_rtl_29_movoptca'.
INFO: [IP_Flow 19-1700] Loaded user IP repository '/tmp/finn_dev_ug_lab/code_gen_ipgen_StreamingDataWidthConverter_rtl_12_emcgwqz8'.
INFO: [IP_Flow 19-1700] Loaded user IP repository '/tmp/finn_dev_ug_lab/code_gen_ipgen_StreamingFIFO_rtl_30_mbzs867v'.
INFO: [IP_Flow 19-1700] Loaded user IP repository '/tmp/finn_dev_ug_lab/code_gen_ipgen_ConvolutionInputGenerator_rtl_4_bj9ztzhu'.
INFO: [IP_Flow 19-1700] Loaded user IP repository '/tmp/finn_dev_ug_lab/code_gen_ipgen_StreamingFIFO_rtl_31_do5uzo8p'.
INFO: [IP_Flow 19-1700] Loaded user IP repository '/tmp/finn_dev_ug_lab/code_gen_ipgen_StreamingDataWidthConverter_rtl_13_rcbhwr8r'.
INFO: [IP_Flow 19-1700] Loaded user IP repository '/tmp/finn_dev_ug_lab/code_gen_ipgen_StreamingFIFO_rtl_32_9simff0k'.
INFO: [IP_Flow 19-1700] Loaded user IP repository '/tmp/finn_dev_ug_lab/code_gen_ipgen_MVAU_hls_4_bf8hvydk/project_MVAU_hls_4/sol1/impl/ip'.
INFO: [IP_Flow 19-1700] Loaded user IP repository '/tmp/finn_dev_ug_lab/code_gen_ipgen_StreamingFIFO_rtl_33_wzqr9_0f'.
INFO: [IP_Flow 19-1700] Loaded user IP repository '/tmp/finn_dev_ug_lab/code_gen_ipgen_StreamingDataWidthConverter_rtl_14_ujar58mh'.
INFO: [IP_Flow 19-1700] Loaded user IP repository '/tmp/finn_dev_ug_lab/code_gen_ipgen_StreamingFIFO_rtl_34_v4q_8w0b'.
INFO: [IP_Flow 19-1700] Loaded user IP repository '/tmp/finn_dev_ug_lab/code_gen_ipgen_StreamingMaxPool_hls_4_wjfji4l7/project_StreamingMaxPool_hls_4/sol1/impl/ip'.
INFO: [IP_Flow 19-1700] Loaded user IP repository '/tmp/finn_dev_ug_lab/code_gen_ipgen_StreamingFIFO_rtl_35_rm7qjnsx'.
INFO: [IP_Flow 19-1700] Loaded user IP repository '/tmp/finn_dev_ug_lab/code_gen_ipgen_FMPadding_rtl_5_fe9ourd6'.
INFO: [IP_Flow 19-1700] Loaded user IP repository '/tmp/finn_dev_ug_lab/code_gen_ipgen_StreamingFIFO_rtl_36_xnwbg58o'.
INFO: [IP_Flow 19-1700] Loaded user IP repository '/tmp/finn_dev_ug_lab/code_gen_ipgen_StreamingDataWidthConverter_rtl_15_fh06umud'.
INFO: [IP_Flow 19-1700] Loaded user IP repository '/tmp/finn_dev_ug_lab/code_gen_ipgen_StreamingFIFO_rtl_37_b9s3au7x'.
INFO: [IP_Flow 19-1700] Loaded user IP repository '/tmp/finn_dev_ug_lab/code_gen_ipgen_ConvolutionInputGenerator_rtl_5_ojizvlo5'.
INFO: [IP_Flow 19-1700] Loaded user IP repository '/tmp/finn_dev_ug_lab/code_gen_ipgen_StreamingFIFO_rtl_38_exe95kjt'.
INFO: [IP_Flow 19-1700] Loaded user IP repository '/tmp/finn_dev_ug_lab/code_gen_ipgen_StreamingDataWidthConverter_rtl_16_jlddzc49'.
INFO: [IP_Flow 19-1700] Loaded user IP repository '/tmp/finn_dev_ug_lab/code_gen_ipgen_StreamingFIFO_rtl_39_iobks8ch'.
INFO: [IP_Flow 19-1700] Loaded user IP repository '/tmp/finn_dev_ug_lab/code_gen_ipgen_MVAU_hls_5_z_abwm0r/project_MVAU_hls_5/sol1/impl/ip'.
INFO: [IP_Flow 19-1700] Loaded user IP repository '/tmp/finn_dev_ug_lab/code_gen_ipgen_StreamingFIFO_rtl_40_o2rinf8o'.
INFO: [IP_Flow 19-1700] Loaded user IP repository '/tmp/finn_dev_ug_lab/code_gen_ipgen_StreamingDataWidthConverter_rtl_17_uwet2jtm'.
INFO: [IP_Flow 19-1700] Loaded user IP repository '/tmp/finn_dev_ug_lab/code_gen_ipgen_StreamingFIFO_rtl_41_bg5j4_on'.
INFO: [IP_Flow 19-1700] Loaded user IP repository '/tmp/finn_dev_ug_lab/code_gen_ipgen_FMPadding_rtl_6_0n5o4tx5'.
INFO: [IP_Flow 19-1700] Loaded user IP repository '/tmp/finn_dev_ug_lab/code_gen_ipgen_StreamingFIFO_rtl_42_aei_pg0x'.
INFO: [IP_Flow 19-1700] Loaded user IP repository '/tmp/finn_dev_ug_lab/code_gen_ipgen_StreamingDataWidthConverter_rtl_18_kdka0bt_'.
INFO: [IP_Flow 19-1700] Loaded user IP repository '/tmp/finn_dev_ug_lab/code_gen_ipgen_StreamingFIFO_rtl_43_3nonuy78'.
INFO: [IP_Flow 19-1700] Loaded user IP repository '/tmp/finn_dev_ug_lab/code_gen_ipgen_ConvolutionInputGenerator_rtl_6_ipt78yet'.
INFO: [IP_Flow 19-1700] Loaded user IP repository '/tmp/finn_dev_ug_lab/code_gen_ipgen_StreamingFIFO_rtl_44_yw00fymr'.
INFO: [IP_Flow 19-1700] Loaded user IP repository '/tmp/finn_dev_ug_lab/code_gen_ipgen_StreamingDataWidthConverter_rtl_19_cel8waiz'.
INFO: [IP_Flow 19-1700] Loaded user IP repository '/tmp/finn_dev_ug_lab/code_gen_ipgen_StreamingFIFO_rtl_45_lh8rqd51'.
INFO: [IP_Flow 19-1700] Loaded user IP repository '/tmp/finn_dev_ug_lab/code_gen_ipgen_MVAU_hls_6_4xmley2e/project_MVAU_hls_6/sol1/impl/ip'.
INFO: [IP_Flow 19-1700] Loaded user IP repository '/tmp/finn_dev_ug_lab/code_gen_ipgen_StreamingFIFO_rtl_46_j235m_9j'.
INFO: [IP_Flow 19-1700] Loaded user IP repository '/tmp/finn_dev_ug_lab/code_gen_ipgen_MVAU_hls_7_qsx_7bko/project_MVAU_hls_7/sol1/impl/ip'.
INFO: [IP_Flow 19-1700] Loaded user IP repository '/tmp/finn_dev_ug_lab/code_gen_ipgen_StreamingFIFO_rtl_47__66qt0z7'.
INFO: [IP_Flow 19-1700] Loaded user IP repository '/tmp/finn_dev_ug_lab/code_gen_ipgen_StreamingDataWidthConverter_rtl_20_liukhrfo'.
INFO: [IP_Flow 19-1700] Loaded user IP repository '/tmp/finn_dev_ug_lab/code_gen_ipgen_StreamingFIFO_rtl_48_fbubumj8'.
INFO: [IP_Flow 19-1700] Loaded user IP repository '/tmp/finn_dev_ug_lab/code_gen_ipgen_FMPadding_rtl_7_kvaz2c7r'.
INFO: [IP_Flow 19-1700] Loaded user IP repository '/tmp/finn_dev_ug_lab/code_gen_ipgen_StreamingFIFO_rtl_49_e1jambqq'.
INFO: [Common 17-14] Message 'IP_Flow 19-1700' appears 100 times and further instances of the messages will be disabled. Use the Tcl command set_msg_config to change the current settings.
INFO: [IP_Flow 19-2313] Loaded Vivado IP repository '/opt/Xilinx/Vivado/2022.2/data/ip'.
INFO: [IP_Flow 19-6924] IPCACHE: Running cache check for IP inst: finn_design_FMPadding_rtl_7_0
Command: synth_design -top finn_design_FMPadding_rtl_7_0 -part xc7z020clg400-1 -incremental_mode off -mode out_of_context
Starting synth_design
Attempting to get a license for feature 'Synthesis' and/or device 'xc7z020'
INFO: [Common 17-349] Got license for feature 'Synthesis' and/or device 'xc7z020'
INFO: [Designutils 20-5008] Incremental synthesis strategy off
INFO: [Synth 8-7079] Multithreading enabled for synth_design using a maximum of 4 processes.
INFO: [Synth 8-7078] Launching helper process for spawning children vivado processes
INFO: [Synth 8-7075] Helper process launched with PID 771995
INFO: [Synth 8-11241] undeclared symbol 'REGCCE', assumed default net type 'wire' [/opt/Xilinx/Vivado/2022.2/data/verilog/src/unimacro/BRAM_SINGLE_MACRO.v:2170]
WARNING: [Synth 8-9661] initial value of parameter 'ADDR_BITS' is omitted [/tmp/finn_dev_ug_lab/code_gen_ipgen_FMPadding_rtl_8_8h9771dh/axi2we.sv:36]
WARNING: [Synth 8-9661] initial value of parameter 'XCOUNTER_BITS' is omitted [/tmp/finn_dev_ug_lab/code_gen_ipgen_FMPadding_rtl_8_8h9771dh/fmpadding.sv:36]
WARNING: [Synth 8-9661] initial value of parameter 'YCOUNTER_BITS' is omitted [/tmp/finn_dev_ug_lab/code_gen_ipgen_FMPadding_rtl_8_8h9771dh/fmpadding.sv:37]
WARNING: [Synth 8-9661] initial value of parameter 'NUM_CHANNELS' is omitted [/tmp/finn_dev_ug_lab/code_gen_ipgen_FMPadding_rtl_8_8h9771dh/fmpadding.sv:38]
WARNING: [Synth 8-9661] initial value of parameter 'SIMD' is omitted [/tmp/finn_dev_ug_lab/code_gen_ipgen_FMPadding_rtl_8_8h9771dh/fmpadding.sv:39]
WARNING: [Synth 8-9661] initial value of parameter 'ELEM_BITS' is omitted [/tmp/finn_dev_ug_lab/code_gen_ipgen_FMPadding_rtl_8_8h9771dh/fmpadding.sv:40]
WARNING: [Synth 8-9661] initial value of parameter 'INIT_XON' is omitted [/tmp/finn_dev_ug_lab/code_gen_ipgen_FMPadding_rtl_8_8h9771dh/fmpadding.sv:41]
WARNING: [Synth 8-9661] initial value of parameter 'INIT_XOFF' is omitted [/tmp/finn_dev_ug_lab/code_gen_ipgen_FMPadding_rtl_8_8h9771dh/fmpadding.sv:42]
WARNING: [Synth 8-9661] initial value of parameter 'INIT_XEND' is omitted [/tmp/finn_dev_ug_lab/code_gen_ipgen_FMPadding_rtl_8_8h9771dh/fmpadding.sv:43]
WARNING: [Synth 8-9661] initial value of parameter 'INIT_YON' is omitted [/tmp/finn_dev_ug_lab/code_gen_ipgen_FMPadding_rtl_8_8h9771dh/fmpadding.sv:44]
WARNING: [Synth 8-9661] initial value of parameter 'INIT_YOFF' is omitted [/tmp/finn_dev_ug_lab/code_gen_ipgen_FMPadding_rtl_8_8h9771dh/fmpadding.sv:45]
WARNING: [Synth 8-9661] initial value of parameter 'INIT_YEND' is omitted [/tmp/finn_dev_ug_lab/code_gen_ipgen_FMPadding_rtl_8_8h9771dh/fmpadding.sv:46]
WARNING: [Synth 8-9661] initial value of parameter 'XCOUNTER_BITS' is omitted [/tmp/finn_dev_ug_lab/code_gen_ipgen_FMPadding_rtl_8_8h9771dh/fmpadding_axi.sv:36]
WARNING: [Synth 8-9661] initial value of parameter 'YCOUNTER_BITS' is omitted [/tmp/finn_dev_ug_lab/code_gen_ipgen_FMPadding_rtl_8_8h9771dh/fmpadding_axi.sv:37]
WARNING: [Synth 8-9661] initial value of parameter 'NUM_CHANNELS' is omitted [/tmp/finn_dev_ug_lab/code_gen_ipgen_FMPadding_rtl_8_8h9771dh/fmpadding_axi.sv:38]
WARNING: [Synth 8-9661] initial value of parameter 'SIMD' is omitted [/tmp/finn_dev_ug_lab/code_gen_ipgen_FMPadding_rtl_8_8h9771dh/fmpadding_axi.sv:39]
WARNING: [Synth 8-9661] initial value of parameter 'ELEM_BITS' is omitted [/tmp/finn_dev_ug_lab/code_gen_ipgen_FMPadding_rtl_8_8h9771dh/fmpadding_axi.sv:40]
WARNING: [Synth 8-9661] initial value of parameter 'INIT_XON' is omitted [/tmp/finn_dev_ug_lab/code_gen_ipgen_FMPadding_rtl_8_8h9771dh/fmpadding_axi.sv:41]
WARNING: [Synth 8-9661] initial value of parameter 'INIT_XOFF' is omitted [/tmp/finn_dev_ug_lab/code_gen_ipgen_FMPadding_rtl_8_8h9771dh/fmpadding_axi.sv:42]
WARNING: [Synth 8-9661] initial value of parameter 'INIT_XEND' is omitted [/tmp/finn_dev_ug_lab/code_gen_ipgen_FMPadding_rtl_8_8h9771dh/fmpadding_axi.sv:43]
WARNING: [Synth 8-9661] initial value of parameter 'INIT_YON' is omitted [/tmp/finn_dev_ug_lab/code_gen_ipgen_FMPadding_rtl_8_8h9771dh/fmpadding_axi.sv:44]
WARNING: [Synth 8-9661] initial value of parameter 'INIT_YOFF' is omitted [/tmp/finn_dev_ug_lab/code_gen_ipgen_FMPadding_rtl_8_8h9771dh/fmpadding_axi.sv:45]
WARNING: [Synth 8-9661] initial value of parameter 'INIT_YEND' is omitted [/tmp/finn_dev_ug_lab/code_gen_ipgen_FMPadding_rtl_8_8h9771dh/fmpadding_axi.sv:46]
---------------------------------------------------------------------------------
Starting Synthesize : Time (s): cpu = 00:00:04 ; elapsed = 00:00:07 . Memory (MB): peak = 1648.398 ; gain = 320.832 ; free physical = 2399 ; free virtual = 5651
Synthesis current peak Physical Memory [PSS] (MB): peak = 843.133; parent = 718.792; children = 124.341
Synthesis current peak Virtual Memory [VSS] (MB): peak = 2647.766; parent = 1651.371; children = 996.395
---------------------------------------------------------------------------------
INFO: [Synth 8-6157] synthesizing module 'finn_design_FMPadding_rtl_7_0' [/home/ug_lab/finn/notebooks/pls5/output/stitched_ip/finn_vivado_stitch_proj.gen/sources_1/bd/finn_design/ip/finn_design_FMPadding_rtl_7_0/synth/finn_design_FMPadding_rtl_7_0.v:53]
INFO: [Synth 8-6157] synthesizing module 'FMPadding_rtl_7' [/tmp/finn_dev_ug_lab/code_gen_ipgen_FMPadding_rtl_7_kvaz2c7r/FMPadding_rtl_7.v:32]
INFO: [Synth 8-6157] synthesizing module 'fmpadding_axi' [/tmp/finn_dev_ug_lab/code_gen_ipgen_FMPadding_rtl_8_8h9771dh/fmpadding_axi.sv:35]
INFO: [Synth 8-6157] synthesizing module 'axi2we' [/tmp/finn_dev_ug_lab/code_gen_ipgen_FMPadding_rtl_8_8h9771dh/axi2we.sv:35]
INFO: [Synth 8-6155] done synthesizing module 'axi2we' (0#1) [/tmp/finn_dev_ug_lab/code_gen_ipgen_FMPadding_rtl_8_8h9771dh/axi2we.sv:35]
INFO: [Synth 8-6157] synthesizing module 'fmpadding' [/tmp/finn_dev_ug_lab/code_gen_ipgen_FMPadding_rtl_8_8h9771dh/fmpadding.sv:35]
INFO: [Synth 8-294] found qualifier unique on case statement: implementing as parallel_case [/tmp/finn_dev_ug_lab/code_gen_ipgen_FMPadding_rtl_8_8h9771dh/fmpadding.sv:127]
INFO: [Synth 8-6155] done synthesizing module 'fmpadding' (0#1) [/tmp/finn_dev_ug_lab/code_gen_ipgen_FMPadding_rtl_8_8h9771dh/fmpadding.sv:35]
INFO: [Synth 8-6155] done synthesizing module 'fmpadding_axi' (0#1) [/tmp/finn_dev_ug_lab/code_gen_ipgen_FMPadding_rtl_8_8h9771dh/fmpadding_axi.sv:35]
INFO: [Synth 8-6155] done synthesizing module 'FMPadding_rtl_7' (0#1) [/tmp/finn_dev_ug_lab/code_gen_ipgen_FMPadding_rtl_7_kvaz2c7r/FMPadding_rtl_7.v:32]
INFO: [Synth 8-6155] done synthesizing module 'finn_design_FMPadding_rtl_7_0' (0#1) [/home/ug_lab/finn/notebooks/pls5/output/stitched_ip/finn_vivado_stitch_proj.gen/sources_1/bd/finn_design/ip/finn_design_FMPadding_rtl_7_0/synth/finn_design_FMPadding_rtl_7_0.v:53]
WARNING: [Synth 8-7129] Port wd[31] in module fmpadding is either unconnected or has no load
WARNING: [Synth 8-7129] Port wd[30] in module fmpadding is either unconnected or has no load
WARNING: [Synth 8-7129] Port wd[29] in module fmpadding is either unconnected or has no load
WARNING: [Synth 8-7129] Port wd[28] in module fmpadding is either unconnected or has no load
WARNING: [Synth 8-7129] Port wd[27] in module fmpadding is either unconnected or has no load
WARNING: [Synth 8-7129] Port wd[26] in module fmpadding is either unconnected or has no load
WARNING: [Synth 8-7129] Port wd[25] in module fmpadding is either unconnected or has no load
WARNING: [Synth 8-7129] Port wd[24] in module fmpadding is either unconnected or has no load
WARNING: [Synth 8-7129] Port wd[23] in module fmpadding is either unconnected or has no load
WARNING: [Synth 8-7129] Port wd[22] in module fmpadding is either unconnected or has no load
WARNING: [Synth 8-7129] Port wd[21] in module fmpadding is either unconnected or has no load
WARNING: [Synth 8-7129] Port wd[20] in module fmpadding is either unconnected or has no load
WARNING: [Synth 8-7129] Port wd[19] in module fmpadding is either unconnected or has no load
WARNING: [Synth 8-7129] Port wd[18] in module fmpadding is either unconnected or has no load
WARNING: [Synth 8-7129] Port wd[17] in module fmpadding is either unconnected or has no load
WARNING: [Synth 8-7129] Port wd[16] in module fmpadding is either unconnected or has no load
WARNING: [Synth 8-7129] Port wd[15] in module fmpadding is either unconnected or has no load
WARNING: [Synth 8-7129] Port wd[14] in module fmpadding is either unconnected or has no load
WARNING: [Synth 8-7129] Port wd[13] in module fmpadding is either unconnected or has no load
WARNING: [Synth 8-7129] Port wd[12] in module fmpadding is either unconnected or has no load
WARNING: [Synth 8-7129] Port wd[11] in module fmpadding is either unconnected or has no load
WARNING: [Synth 8-7129] Port wd[10] in module fmpadding is either unconnected or has no load
WARNING: [Synth 8-7129] Port wd[9] in module fmpadding is either unconnected or has no load
WARNING: [Synth 8-7129] Port wd[8] in module fmpadding is either unconnected or has no load
WARNING: [Synth 8-7129] Port wd[7] in module fmpadding is either unconnected or has no load
WARNING: [Synth 8-7129] Port wd[6] in module fmpadding is either unconnected or has no load
WARNING: [Synth 8-7129] Port wd[5] in module fmpadding is either unconnected or has no load
WARNING: [Synth 8-7129] Port wd[4] in module fmpadding is either unconnected or has no load
WARNING: [Synth 8-7129] Port s_axilite_WSTRB[3] in module axi2we is either unconnected or has no load
WARNING: [Synth 8-7129] Port s_axilite_WSTRB[2] in module axi2we is either unconnected or has no load
WARNING: [Synth 8-7129] Port s_axilite_WSTRB[1] in module axi2we is either unconnected or has no load
WARNING: [Synth 8-7129] Port s_axilite_WSTRB[0] in module axi2we is either unconnected or has no load
WARNING: [Synth 8-7129] Port s_axilite_ARADDR[4] in module axi2we is either unconnected or has no load
WARNING: [Synth 8-7129] Port s_axilite_ARADDR[3] in module axi2we is either unconnected or has no load
WARNING: [Synth 8-7129] Port s_axilite_ARADDR[2] in module axi2we is either unconnected or has no load
WARNING: [Synth 8-7129] Port s_axilite_ARADDR[1] in module axi2we is either unconnected or has no load
WARNING: [Synth 8-7129] Port s_axilite_ARADDR[0] in module axi2we is either unconnected or has no load
---------------------------------------------------------------------------------
Finished Synthesize : Time (s): cpu = 00:00:05 ; elapsed = 00:00:10 . Memory (MB): peak = 1717.336 ; gain = 389.770 ; free physical = 1913 ; free virtual = 5153
Synthesis current peak Physical Memory [PSS] (MB): peak = 843.133; parent = 718.792; children = 124.924
Synthesis current peak Virtual Memory [VSS] (MB): peak = 2713.734; parent = 1717.340; children = 996.395
---------------------------------------------------------------------------------
---------------------------------------------------------------------------------
Finished Constraint Validation : Time (s): cpu = 00:00:06 ; elapsed = 00:00:11 . Memory (MB): peak = 1732.180 ; gain = 404.613 ; free physical = 2006 ; free virtual = 5245
Synthesis current peak Physical Memory [PSS] (MB): peak = 843.133; parent = 718.792; children = 125.413
Synthesis current peak Virtual Memory [VSS] (MB): peak = 2728.578; parent = 1732.184; children = 996.395
---------------------------------------------------------------------------------
---------------------------------------------------------------------------------
Start Loading Part and Timing Information
---------------------------------------------------------------------------------
Loading part: xc7z020clg400-1
---------------------------------------------------------------------------------
Finished Loading Part and Timing Information : Time (s): cpu = 00:00:06 ; elapsed = 00:00:11 . Memory (MB): peak = 1740.184 ; gain = 412.617 ; free physical = 2000 ; free virtual = 5240
INFO: [Device 21-403] Loading part xc7z020clg400-1
Synthesis current peak Physical Memory [PSS] (MB): peak = 843.133; parent = 718.792; children = 125.413
Synthesis current peak Virtual Memory [VSS] (MB): peak = 2736.582; parent = 1740.188; children = 996.395
---------------------------------------------------------------------------------
---------------------------------------------------------------------------------
Finished RTL Optimization Phase 2 : Time (s): cpu = 00:00:06 ; elapsed = 00:00:11 . Memory (MB): peak = 1748.191 ; gain = 420.625 ; free physical = 1958 ; free virtual = 5199
Synthesis current peak Physical Memory [PSS] (MB): peak = 843.133; parent = 718.792; children = 125.413
Synthesis current peak Virtual Memory [VSS] (MB): peak = 2744.590; parent = 1748.195; children = 996.395
---------------------------------------------------------------------------------
No constraint files found.
---------------------------------------------------------------------------------
Start RTL Component Statistics 
---------------------------------------------------------------------------------
Detailed RTL Component Info : 
+---Adders : 
	   2 Input    4 Bit       Adders := 2     
	   2 Input    1 Bit       Adders := 1     
+---Registers : 
	              168 Bit    Registers := 2     
	               32 Bit    Registers := 1     
	                5 Bit    Registers := 1     
	                4 Bit    Registers := 8     
	                1 Bit    Registers := 6     
+---Muxes : 
	   2 Input  168 Bit        Muxes := 1     
	   7 Input    1 Bit        Muxes := 6     
---------------------------------------------------------------------------------
Finished RTL Component Statistics 
---------------------------------------------------------------------------------
---------------------------------------------------------------------------------
Start Part Resource Summary
---------------------------------------------------------------------------------
Part Resources:
DSPs: 220 (col length:60)
BRAMs: 280 (col length: RAMB18 60 RAMB36 30)
---------------------------------------------------------------------------------
Finished Part Resource Summary
---------------------------------------------------------------------------------
No constraint files found.
---------------------------------------------------------------------------------
Start Cross Boundary and Area Optimization
---------------------------------------------------------------------------------
WARNING: [Synth 8-7080] Parallel synthesis criteria is not met
INFO: [Synth 8-3936] Found unconnected internal register 'inst/impl/axilight_adapter/Data_reg' and it is trimmed from '32' to '4' bits. [/tmp/finn_dev_ug_lab/code_gen_ipgen_FMPadding_rtl_8_8h9771dh/axi2we.sv:84]
INFO: [Synth 8-3917] design finn_design_FMPadding_rtl_7_0 has port s_axilite_BRESP[1] driven by constant 0
INFO: [Synth 8-3917] design finn_design_FMPadding_rtl_7_0 has port s_axilite_BRESP[0] driven by constant 0
INFO: [Synth 8-3917] design finn_design_FMPadding_rtl_7_0 has port s_axilite_RDATA[31] driven by constant 1
INFO: [Synth 8-3917] design finn_design_FMPadding_rtl_7_0 has port s_axilite_RDATA[30] driven by constant 1
INFO: [Synth 8-3917] design finn_design_FMPadding_rtl_7_0 has port s_axilite_RDATA[29] driven by constant 1
INFO: [Synth 8-3917] design finn_design_FMPadding_rtl_7_0 has port s_axilite_RDATA[28] driven by constant 1
INFO: [Synth 8-3917] design finn_design_FMPadding_rtl_7_0 has port s_axilite_RDATA[27] driven by constant 1
INFO: [Synth 8-3917] design finn_design_FMPadding_rtl_7_0 has port s_axilite_RDATA[26] driven by constant 1
INFO: [Synth 8-3917] design finn_design_FMPadding_rtl_7_0 has port s_axilite_RDATA[25] driven by constant 1
INFO: [Synth 8-3917] design finn_design_FMPadding_rtl_7_0 has port s_axilite_RDATA[24] driven by constant 1
INFO: [Synth 8-3917] design finn_design_FMPadding_rtl_7_0 has port s_axilite_RDATA[23] driven by constant 1
INFO: [Synth 8-3917] design finn_design_FMPadding_rtl_7_0 has port s_axilite_RDATA[22] driven by constant 1
INFO: [Synth 8-3917] design finn_design_FMPadding_rtl_7_0 has port s_axilite_RDATA[21] driven by constant 1
INFO: [Synth 8-3917] design finn_design_FMPadding_rtl_7_0 has port s_axilite_RDATA[20] driven by constant 1
INFO: [Synth 8-3917] design finn_design_FMPadding_rtl_7_0 has port s_axilite_RDATA[19] driven by constant 1
INFO: [Synth 8-3917] design finn_design_FMPadding_rtl_7_0 has port s_axilite_RDATA[18] driven by constant 1
INFO: [Synth 8-3917] design finn_design_FMPadding_rtl_7_0 has port s_axilite_RDATA[17] driven by constant 1
INFO: [Synth 8-3917] design finn_design_FMPadding_rtl_7_0 has port s_axilite_RDATA[16] driven by constant 1
INFO: [Synth 8-3917] design finn_design_FMPadding_rtl_7_0 has port s_axilite_RDATA[15] driven by constant 1
INFO: [Synth 8-3917] design finn_design_FMPadding_rtl_7_0 has port s_axilite_RDATA[14] driven by constant 1
INFO: [Synth 8-3917] design finn_design_FMPadding_rtl_7_0 has port s_axilite_RDATA[13] driven by constant 1
INFO: [Synth 8-3917] design finn_design_FMPadding_rtl_7_0 has port s_axilite_RDATA[12] driven by constant 1
INFO: [Synth 8-3917] design finn_design_FMPadding_rtl_7_0 has port s_axilite_RDATA[11] driven by constant 1
INFO: [Synth 8-3917] design finn_design_FMPadding_rtl_7_0 has port s_axilite_RDATA[10] driven by constant 1
INFO: [Synth 8-3917] design finn_design_FMPadding_rtl_7_0 has port s_axilite_RDATA[9] driven by constant 1
INFO: [Synth 8-3917] design finn_design_FMPadding_rtl_7_0 has port s_axilite_RDATA[8] driven by constant 1
INFO: [Synth 8-3917] design finn_design_FMPadding_rtl_7_0 has port s_axilite_RDATA[7] driven by constant 1
INFO: [Synth 8-3917] design finn_design_FMPadding_rtl_7_0 has port s_axilite_RDATA[6] driven by constant 1
INFO: [Synth 8-3917] design finn_design_FMPadding_rtl_7_0 has port s_axilite_RDATA[5] driven by constant 1
INFO: [Synth 8-3917] design finn_design_FMPadding_rtl_7_0 has port s_axilite_RDATA[4] driven by constant 1
INFO: [Synth 8-3917] design finn_design_FMPadding_rtl_7_0 has port s_axilite_RDATA[3] driven by constant 1
INFO: [Synth 8-3917] design finn_design_FMPadding_rtl_7_0 has port s_axilite_RDATA[2] driven by constant 1
INFO: [Synth 8-3917] design finn_design_FMPadding_rtl_7_0 has port s_axilite_RDATA[1] driven by constant 1
INFO: [Synth 8-3917] design finn_design_FMPadding_rtl_7_0 has port s_axilite_RDATA[0] driven by constant 1
INFO: [Synth 8-3917] design finn_design_FMPadding_rtl_7_0 has port s_axilite_RRESP[1] driven by constant 0
INFO: [Synth 8-3917] design finn_design_FMPadding_rtl_7_0 has port s_axilite_RRESP[0] driven by constant 0
WARNING: [Synth 8-7129] Port s_axilite_WDATA[31] in module finn_design_FMPadding_rtl_7_0 is either unconnected or has no load
WARNING: [Synth 8-7129] Port s_axilite_WDATA[30] in module finn_design_FMPadding_rtl_7_0 is either unconnected or has no load
WARNING: [Synth 8-7129] Port s_axilite_WDATA[29] in module finn_design_FMPadding_rtl_7_0 is either unconnected or has no load
WARNING: [Synth 8-7129] Port s_axilite_WDATA[28] in module finn_design_FMPadding_rtl_7_0 is either unconnected or has no load
WARNING: [Synth 8-7129] Port s_axilite_WDATA[27] in module finn_design_FMPadding_rtl_7_0 is either unconnected or has no load
WARNING: [Synth 8-7129] Port s_axilite_WDATA[26] in module finn_design_FMPadding_rtl_7_0 is either unconnected or has no load
WARNING: [Synth 8-7129] Port s_axilite_WDATA[25] in module finn_design_FMPadding_rtl_7_0 is either unconnected or has no load
WARNING: [Synth 8-7129] Port s_axilite_WDATA[24] in module finn_design_FMPadding_rtl_7_0 is either unconnected or has no load
WARNING: [Synth 8-7129] Port s_axilite_WDATA[23] in module finn_design_FMPadding_rtl_7_0 is either unconnected or has no load
WARNING: [Synth 8-7129] Port s_axilite_WDATA[22] in module finn_design_FMPadding_rtl_7_0 is either unconnected or has no load
WARNING: [Synth 8-7129] Port s_axilite_WDATA[21] in module finn_design_FMPadding_rtl_7_0 is either unconnected or has no load
WARNING: [Synth 8-7129] Port s_axilite_WDATA[20] in module finn_design_FMPadding_rtl_7_0 is either unconnected or has no load
WARNING: [Synth 8-7129] Port s_axilite_WDATA[19] in module finn_design_FMPadding_rtl_7_0 is either unconnected or has no load
WARNING: [Synth 8-7129] Port s_axilite_WDATA[18] in module finn_design_FMPadding_rtl_7_0 is either unconnected or has no load
WARNING: [Synth 8-7129] Port s_axilite_WDATA[17] in module finn_design_FMPadding_rtl_7_0 is either unconnected or has no load
WARNING: [Synth 8-7129] Port s_axilite_WDATA[16] in module finn_design_FMPadding_rtl_7_0 is either unconnected or has no load
WARNING: [Synth 8-7129] Port s_axilite_WDATA[15] in module finn_design_FMPadding_rtl_7_0 is either unconnected or has no load
WARNING: [Synth 8-7129] Port s_axilite_WDATA[14] in module finn_design_FMPadding_rtl_7_0 is either unconnected or has no load
WARNING: [Synth 8-7129] Port s_axilite_WDATA[13] in module finn_design_FMPadding_rtl_7_0 is either unconnected or has no load
WARNING: [Synth 8-7129] Port s_axilite_WDATA[12] in module finn_design_FMPadding_rtl_7_0 is either unconnected or has no load
WARNING: [Synth 8-7129] Port s_axilite_WDATA[11] in module finn_design_FMPadding_rtl_7_0 is either unconnected or has no load
WARNING: [Synth 8-7129] Port s_axilite_WDATA[10] in module finn_design_FMPadding_rtl_7_0 is either unconnected or has no load
WARNING: [Synth 8-7129] Port s_axilite_WDATA[9] in module finn_design_FMPadding_rtl_7_0 is either unconnected or has no load
WARNING: [Synth 8-7129] Port s_axilite_WDATA[8] in module finn_design_FMPadding_rtl_7_0 is either unconnected or has no load
WARNING: [Synth 8-7129] Port s_axilite_WDATA[7] in module finn_design_FMPadding_rtl_7_0 is either unconnected or has no load
WARNING: [Synth 8-7129] Port s_axilite_WDATA[6] in module finn_design_FMPadding_rtl_7_0 is either unconnected or has no load
WARNING: [Synth 8-7129] Port s_axilite_WDATA[5] in module finn_design_FMPadding_rtl_7_0 is either unconnected or has no load
WARNING: [Synth 8-7129] Port s_axilite_WDATA[4] in module finn_design_FMPadding_rtl_7_0 is either unconnected or has no load
WARNING: [Synth 8-7129] Port s_axilite_WSTRB[3] in module finn_design_FMPadding_rtl_7_0 is either unconnected or has no load
WARNING: [Synth 8-7129] Port s_axilite_WSTRB[2] in module finn_design_FMPadding_rtl_7_0 is either unconnected or has no load
WARNING: [Synth 8-7129] Port s_axilite_WSTRB[1] in module finn_design_FMPadding_rtl_7_0 is either unconnected or has no load
WARNING: [Synth 8-7129] Port s_axilite_WSTRB[0] in module finn_design_FMPadding_rtl_7_0 is either unconnected or has no load
WARNING: [Synth 8-7129] Port s_axilite_ARADDR[4] in module finn_design_FMPadding_rtl_7_0 is either unconnected or has no load
WARNING: [Synth 8-7129] Port s_axilite_ARADDR[3] in module finn_design_FMPadding_rtl_7_0 is either unconnected or has no load
WARNING: [Synth 8-7129] Port s_axilite_ARADDR[2] in module finn_design_FMPadding_rtl_7_0 is either unconnected or has no load
WARNING: [Synth 8-7129] Port s_axilite_ARADDR[1] in module finn_design_FMPadding_rtl_7_0 is either unconnected or has no load
WARNING: [Synth 8-7129] Port s_axilite_ARADDR[0] in module finn_design_FMPadding_rtl_7_0 is either unconnected or has no load
---------------------------------------------------------------------------------
Finished Cross Boundary and Area Optimization : Time (s): cpu = 00:00:09 ; elapsed = 00:00:16 . Memory (MB): peak = 1902.262 ; gain = 574.695 ; free physical = 2681 ; free virtual = 5927
Synthesis current peak Physical Memory [PSS] (MB): peak = 1088.574; parent = 960.762; children = 127.812
Synthesis current peak Virtual Memory [VSS] (MB): peak = 2898.660; parent = 1902.266; children = 996.395
---------------------------------------------------------------------------------
No constraint files found.
---------------------------------------------------------------------------------
Start Timing Optimization
---------------------------------------------------------------------------------
---------------------------------------------------------------------------------
Finished Timing Optimization : Time (s): cpu = 00:00:10 ; elapsed = 00:00:16 . Memory (MB): peak = 1905.230 ; gain = 577.664 ; free physical = 2839 ; free virtual = 6085
Synthesis current peak Physical Memory [PSS] (MB): peak = 1091.067; parent = 963.359; children = 127.812
Synthesis current peak Virtual Memory [VSS] (MB): peak = 2901.629; parent = 1905.234; children = 996.395
---------------------------------------------------------------------------------
---------------------------------------------------------------------------------
Start Technology Mapping
---------------------------------------------------------------------------------
---------------------------------------------------------------------------------
Finished Technology Mapping : Time (s): cpu = 00:00:10 ; elapsed = 00:00:16 . Memory (MB): peak = 1906.238 ; gain = 578.672 ; free physical = 2796 ; free virtual = 6032
Synthesis current peak Physical Memory [PSS] (MB): peak = 1091.067; parent = 963.359; children = 127.812
Synthesis current peak Virtual Memory [VSS] (MB): peak = 2902.637; parent = 1906.242; children = 996.395
---------------------------------------------------------------------------------
---------------------------------------------------------------------------------
Start IO Insertion
---------------------------------------------------------------------------------
---------------------------------------------------------------------------------
Start Flattening Before IO Insertion
---------------------------------------------------------------------------------
---------------------------------------------------------------------------------
Finished Flattening Before IO Insertion
---------------------------------------------------------------------------------
---------------------------------------------------------------------------------
Start Final Netlist Cleanup
---------------------------------------------------------------------------------
---------------------------------------------------------------------------------
Finished Final Netlist Cleanup
---------------------------------------------------------------------------------
---------------------------------------------------------------------------------
Finished IO Insertion : Time (s): cpu = 00:00:12 ; elapsed = 00:00:19 . Memory (MB): peak = 1906.238 ; gain = 578.672 ; free physical = 7242 ; free virtual = 10487
Synthesis current peak Physical Memory [PSS] (MB): peak = 1101.384; parent = 970.157; children = 131.227
Synthesis current peak Virtual Memory [VSS] (MB): peak = 2902.637; parent = 1906.242; children = 996.395
---------------------------------------------------------------------------------
---------------------------------------------------------------------------------
Start Renaming Generated Instances
---------------------------------------------------------------------------------
---------------------------------------------------------------------------------
Finished Renaming Generated Instances : Time (s): cpu = 00:00:12 ; elapsed = 00:00:19 . Memory (MB): peak = 1906.238 ; gain = 578.672 ; free physical = 7257 ; free virtual = 10501
Synthesis current peak Physical Memory [PSS] (MB): peak = 1101.384; parent = 970.168; children = 131.227
Synthesis current peak Virtual Memory [VSS] (MB): peak = 2902.637; parent = 1906.242; children = 996.395
---------------------------------------------------------------------------------
---------------------------------------------------------------------------------
Start Rebuilding User Hierarchy
---------------------------------------------------------------------------------
---------------------------------------------------------------------------------
Finished Rebuilding User Hierarchy : Time (s): cpu = 00:00:12 ; elapsed = 00:00:19 . Memory (MB): peak = 1906.238 ; gain = 578.672 ; free physical = 7253 ; free virtual = 10497
Synthesis current peak Physical Memory [PSS] (MB): peak = 1101.457; parent = 970.276; children = 131.227
Synthesis current peak Virtual Memory [VSS] (MB): peak = 2902.637; parent = 1906.242; children = 996.395
---------------------------------------------------------------------------------
---------------------------------------------------------------------------------
Start Renaming Generated Ports
---------------------------------------------------------------------------------
---------------------------------------------------------------------------------
Finished Renaming Generated Ports : Time (s): cpu = 00:00:12 ; elapsed = 00:00:19 . Memory (MB): peak = 1906.238 ; gain = 578.672 ; free physical = 7241 ; free virtual = 10485
Synthesis current peak Physical Memory [PSS] (MB): peak = 1103.164; parent = 970.574; children = 132.590
Synthesis current peak Virtual Memory [VSS] (MB): peak = 2902.637; parent = 1906.242; children = 996.395
---------------------------------------------------------------------------------
---------------------------------------------------------------------------------
Start Handling Custom Attributes
---------------------------------------------------------------------------------
---------------------------------------------------------------------------------
Finished Handling Custom Attributes : Time (s): cpu = 00:00:12 ; elapsed = 00:00:19 . Memory (MB): peak = 1906.238 ; gain = 578.672 ; free physical = 7313 ; free virtual = 10557
Synthesis current peak Physical Memory [PSS] (MB): peak = 1104.228; parent = 971.641; children = 132.590
Synthesis current peak Virtual Memory [VSS] (MB): peak = 2902.637; parent = 1906.242; children = 996.395
---------------------------------------------------------------------------------
---------------------------------------------------------------------------------
Start Renaming Generated Nets
---------------------------------------------------------------------------------
---------------------------------------------------------------------------------
Finished Renaming Generated Nets : Time (s): cpu = 00:00:12 ; elapsed = 00:00:20 . Memory (MB): peak = 1906.238 ; gain = 578.672 ; free physical = 7286 ; free virtual = 10530
Synthesis current peak Physical Memory [PSS] (MB): peak = 1104.228; parent = 971.641; children = 132.590
Synthesis current peak Virtual Memory [VSS] (MB): peak = 2902.637; parent = 1906.242; children = 996.395
---------------------------------------------------------------------------------
---------------------------------------------------------------------------------
Start Writing Synthesis Report
---------------------------------------------------------------------------------

Report BlackBoxes: 
+-+--------------+----------+
| |BlackBox name |Instances |
+-+--------------+----------+
+-+--------------+----------+

Report Cell Usage: 
+------+-----+------+
|      |Cell |Count |
+------+-----+------+
|1     |LUT1 |     3|
|2     |LUT2 |     8|
|3     |LUT3 |   172|
|4     |LUT4 |     4|
|5     |LUT5 |     3|
|6     |LUT6 |    19|
|7     |FDRE |   383|
+------+-----+------+

Report Instance Areas: 
+------+-----------------------+----------------+------+
|      |Instance               |Module          |Cells |
+------+-----------------------+----------------+------+
|1     |top                    |                |   592|
|2     |  inst                 |FMPadding_rtl_7 |   592|
|3     |    impl               |fmpadding_axi   |   592|
|4     |      axilight_adapter |axi2we          |    24|
|5     |      padding          |fmpadding       |   568|
+------+-----------------------+----------------+------+
---------------------------------------------------------------------------------
Finished Writing Synthesis Report : Time (s): cpu = 00:00:12 ; elapsed = 00:00:20 . Memory (MB): peak = 1906.238 ; gain = 578.672 ; free physical = 7298 ; free virtual = 10542
Synthesis current peak Physical Memory [PSS] (MB): peak = 1104.354; parent = 971.726; children = 132.629
Synthesis current peak Virtual Memory [VSS] (MB): peak = 2902.637; parent = 1906.242; children = 996.395
---------------------------------------------------------------------------------
Synthesis finished with 0 errors, 0 critical warnings and 98 warnings.
Synthesis Optimization Runtime : Time (s): cpu = 00:00:12 ; elapsed = 00:00:20 . Memory (MB): peak = 1906.238 ; gain = 578.672 ; free physical = 7273 ; free virtual = 10518
Synthesis Optimization Complete : Time (s): cpu = 00:00:12 ; elapsed = 00:00:20 . Memory (MB): peak = 1906.246 ; gain = 578.672 ; free physical = 7262 ; free virtual = 10506
INFO: [Project 1-571] Translating synthesized netlist
Netlist sorting complete. Time (s): cpu = 00:00:00 ; elapsed = 00:00:00 . Memory (MB): peak = 1916.145 ; gain = 0.000 ; free physical = 7304 ; free virtual = 10547
INFO: [Project 1-570] Preparing netlist for logic optimization
INFO: [Opt 31-138] Pushed 0 inverter(s) to 0 load pin(s).
Netlist sorting complete. Time (s): cpu = 00:00:00 ; elapsed = 00:00:00 . Memory (MB): peak = 2048.793 ; gain = 0.000 ; free physical = 6859 ; free virtual = 10105
INFO: [Project 1-111] Unisim Transformation Summary:
No Unisim elements were transformed.

Synth Design complete, checksum: 6a0f1a57
INFO: [Common 17-83] Releasing license: Synthesis
164 Infos, 98 Warnings, 0 Critical Warnings and 0 Errors encountered.
synth_design completed successfully
synth_design: Time (s): cpu = 00:00:16 ; elapsed = 00:00:22 . Memory (MB): peak = 2048.793 ; gain = 721.227 ; free physical = 7211 ; free virtual = 10457
INFO: [Timing 38-35] Done setting XDC timing constraints.
INFO: [Common 17-1381] The checkpoint '/home/ug_lab/finn/notebooks/pls5/output/stitched_ip/finn_vivado_stitch_proj.runs/finn_design_FMPadding_rtl_7_0_synth_1/finn_design_FMPadding_rtl_7_0.dcp' has been generated.
write_checkpoint: Time (s): cpu = 00:00:05 ; elapsed = 00:00:07 . Memory (MB): peak = 2425.785 ; gain = 376.992 ; free physical = 9115 ; free virtual = 12367
INFO: [Coretcl 2-1648] Added synthesis output to IP cache for IP finn_design_FMPadding_rtl_7_0, cache-ID = 1bb011b6926550d4
INFO: [Coretcl 2-1174] Renamed 4 cell refs.
INFO: [Common 17-1381] The checkpoint '/home/ug_lab/finn/notebooks/pls5/output/stitched_ip/finn_vivado_stitch_proj.runs/finn_design_FMPadding_rtl_7_0_synth_1/finn_design_FMPadding_rtl_7_0.dcp' has been generated.
INFO: [runtcl-4] Executing : report_utilization -file finn_design_FMPadding_rtl_7_0_utilization_synth.rpt -pb finn_design_FMPadding_rtl_7_0_utilization_synth.pb
INFO: [Common 17-206] Exiting Vivado at Mon Feb 16 18:39:29 2026...
