
*** Running vivado
    with args -log finn_design_MVAU_hls_2_wstrm_0.vds -m64 -product Vivado -mode batch -messageDb vivado.pb -notrace -source finn_design_MVAU_hls_2_wstrm_0.tcl


****** Vivado v2022.2 (64-bit)
  **** SW Build 3671981 on Fri Oct 14 04:59:54 MDT 2022
  **** IP Build 3669848 on Fri Oct 14 08:30:02 MDT 2022
    ** Copyright 1986-2022 Xilinx, Inc. All Rights Reserved.

source finn_design_MVAU_hls_2_wstrm_0.tcl -notrace
create_project: Time (s): cpu = 00:00:04 ; elapsed = 00:00:06 . Memory (MB): peak = 1261.176 ; gain = 0.023 ; free physical = 8693 ; free virtual = 11860
INFO: [IP_Flow 19-234] Refreshing IP repositories
INFO: [IP_Flow 19-1700] Loaded user IP repository '/home/ug_lab/finn/finn-rtllib/memstream'.
INFO: [IP_Flow 19-1700] Loaded user IP repository '/tmp/finn_dev_ug_lab/code_gen_ipgen_StreamingFIFO_rtl_0_nwarn1of'.
INFO: [IP_Flow 19-1700] Loaded user IP repository '/tmp/finn_dev_ug_lab/code_gen_ipgen_FMPadding_rtl_0_m4tsajpn'.
INFO: [IP_Flow 19-1700] Loaded user IP repository '/tmp/finn_dev_ug_lab/code_gen_ipgen_StreamingFIFO_rtl_1_ce0phr1n'.
INFO: [IP_Flow 19-1700] Loaded user IP repository '/tmp/finn_dev_ug_lab/code_gen_ipgen_StreamingDataWidthConverter_rtl_0_xb56_y14'.
INFO: [IP_Flow 19-1700] Loaded user IP repository '/tmp/finn_dev_ug_lab/code_gen_ipgen_StreamingFIFO_rtl_2_md_geplu'.
INFO: [IP_Flow 19-1700] Loaded user IP repository '/tmp/finn_dev_ug_lab/code_gen_ipgen_ConvolutionInputGenerator_rtl_0__m9uugb_'.
INFO: [IP_Flow 19-1700] Loaded user IP repository '/tmp/finn_dev_ug_lab/code_gen_ipgen_StreamingFIFO_rtl_3_d7gay76z'.
INFO: [IP_Flow 19-1700] Loaded user IP repository '/tmp/finn_dev_ug_lab/code_gen_ipgen_StreamingDataWidthConverter_rtl_1_fegyvytd'.
INFO: [IP_Flow 19-1700] Loaded user IP repository '/tmp/finn_dev_ug_lab/code_gen_ipgen_StreamingFIFO_rtl_4_z2phmwkt'.
INFO: [IP_Flow 19-1700] Loaded user IP repository '/tmp/finn_dev_ug_lab/code_gen_ipgen_MVAU_hls_0_4ucdkcbi/project_MVAU_hls_0/sol1/impl/ip'.
INFO: [IP_Flow 19-1700] Loaded user IP repository '/tmp/finn_dev_ug_lab/code_gen_ipgen_StreamingFIFO_rtl_5_v0u59d5q'.
INFO: [IP_Flow 19-1700] Loaded user IP repository '/tmp/finn_dev_ug_lab/code_gen_ipgen_StreamingDataWidthConverter_rtl_2_2eop8rfu'.
INFO: [IP_Flow 19-1700] Loaded user IP repository '/tmp/finn_dev_ug_lab/code_gen_ipgen_StreamingFIFO_rtl_6_08mvw34m'.
INFO: [IP_Flow 19-1700] Loaded user IP repository '/tmp/finn_dev_ug_lab/code_gen_ipgen_StreamingMaxPool_hls_0_9fxgdm82/project_StreamingMaxPool_hls_0/sol1/impl/ip'.
INFO: [IP_Flow 19-1700] Loaded user IP repository '/tmp/finn_dev_ug_lab/code_gen_ipgen_StreamingFIFO_rtl_7_cc_qe40p'.
INFO: [IP_Flow 19-1700] Loaded user IP repository '/tmp/finn_dev_ug_lab/code_gen_ipgen_FMPadding_rtl_1_zfv65kux'.
INFO: [IP_Flow 19-1700] Loaded user IP repository '/tmp/finn_dev_ug_lab/code_gen_ipgen_StreamingFIFO_rtl_8_i8h3cc93'.
INFO: [IP_Flow 19-1700] Loaded user IP repository '/tmp/finn_dev_ug_lab/code_gen_ipgen_StreamingDataWidthConverter_rtl_3_exbgsvmw'.
INFO: [IP_Flow 19-1700] Loaded user IP repository '/tmp/finn_dev_ug_lab/code_gen_ipgen_StreamingFIFO_rtl_9_g39pvxnr'.
INFO: [IP_Flow 19-1700] Loaded user IP repository '/tmp/finn_dev_ug_lab/code_gen_ipgen_ConvolutionInputGenerator_rtl_1_93_d4s_i'.
INFO: [IP_Flow 19-1700] Loaded user IP repository '/tmp/finn_dev_ug_lab/code_gen_ipgen_StreamingFIFO_rtl_10_v_an4hwg'.
INFO: [IP_Flow 19-1700] Loaded user IP repository '/tmp/finn_dev_ug_lab/code_gen_ipgen_StreamingDataWidthConverter_rtl_4_uq_dcmmv'.
INFO: [IP_Flow 19-1700] Loaded user IP repository '/tmp/finn_dev_ug_lab/code_gen_ipgen_StreamingFIFO_rtl_11_n9hqx_9q'.
INFO: [IP_Flow 19-1700] Loaded user IP repository '/tmp/finn_dev_ug_lab/code_gen_ipgen_MVAU_hls_1_4z9tob4g/project_MVAU_hls_1/sol1/impl/ip'.
INFO: [IP_Flow 19-1700] Loaded user IP repository '/tmp/finn_dev_ug_lab/code_gen_ipgen_StreamingFIFO_rtl_12_3bg1zlmb'.
INFO: [IP_Flow 19-1700] Loaded user IP repository '/tmp/finn_dev_ug_lab/code_gen_ipgen_StreamingDataWidthConverter_rtl_5_gxxih1y7'.
INFO: [IP_Flow 19-1700] Loaded user IP repository '/tmp/finn_dev_ug_lab/code_gen_ipgen_StreamingFIFO_rtl_13_ysxez98f'.
INFO: [IP_Flow 19-1700] Loaded user IP repository '/tmp/finn_dev_ug_lab/code_gen_ipgen_StreamingMaxPool_hls_1_5u5657md/project_StreamingMaxPool_hls_1/sol1/impl/ip'.
INFO: [IP_Flow 19-1700] Loaded user IP repository '/tmp/finn_dev_ug_lab/code_gen_ipgen_StreamingFIFO_rtl_14_v1tc3b4o'.
INFO: [IP_Flow 19-1700] Loaded user IP repository '/tmp/finn_dev_ug_lab/code_gen_ipgen_FMPadding_rtl_2_l3u0ieyj'.
INFO: [IP_Flow 19-1700] Loaded user IP repository '/tmp/finn_dev_ug_lab/code_gen_ipgen_StreamingFIFO_rtl_15_n066kz74'.
INFO: [IP_Flow 19-1700] Loaded user IP repository '/tmp/finn_dev_ug_lab/code_gen_ipgen_StreamingDataWidthConverter_rtl_6_rmh661_y'.
INFO: [IP_Flow 19-1700] Loaded user IP repository '/tmp/finn_dev_ug_lab/code_gen_ipgen_StreamingFIFO_rtl_16_tq29gxt1'.
INFO: [IP_Flow 19-1700] Loaded user IP repository '/tmp/finn_dev_ug_lab/code_gen_ipgen_ConvolutionInputGenerator_rtl_2_zj9rsa76'.
INFO: [IP_Flow 19-1700] Loaded user IP repository '/tmp/finn_dev_ug_lab/code_gen_ipgen_StreamingFIFO_rtl_17_0r5o755y'.
INFO: [IP_Flow 19-1700] Loaded user IP repository '/tmp/finn_dev_ug_lab/code_gen_ipgen_StreamingDataWidthConverter_rtl_7_v8az255t'.
INFO: [IP_Flow 19-1700] Loaded user IP repository '/tmp/finn_dev_ug_lab/code_gen_ipgen_StreamingFIFO_rtl_18_0p7kylb4'.
INFO: [IP_Flow 19-1700] Loaded user IP repository '/tmp/finn_dev_ug_lab/code_gen_ipgen_MVAU_hls_2_f4g_g298/project_MVAU_hls_2/sol1/impl/ip'.
INFO: [IP_Flow 19-1700] Loaded user IP repository '/tmp/finn_dev_ug_lab/code_gen_ipgen_StreamingFIFO_rtl_19_3mz5jxq9'.
INFO: [IP_Flow 19-1700] Loaded user IP repository '/tmp/finn_dev_ug_lab/code_gen_ipgen_StreamingDataWidthConverter_rtl_8_arjoxkaz'.
INFO: [IP_Flow 19-1700] Loaded user IP repository '/tmp/finn_dev_ug_lab/code_gen_ipgen_StreamingFIFO_rtl_20_sjken06n'.
INFO: [IP_Flow 19-1700] Loaded user IP repository '/tmp/finn_dev_ug_lab/code_gen_ipgen_StreamingMaxPool_hls_2_ma79cjy7/project_StreamingMaxPool_hls_2/sol1/impl/ip'.
INFO: [IP_Flow 19-1700] Loaded user IP repository '/tmp/finn_dev_ug_lab/code_gen_ipgen_StreamingFIFO_rtl_21_fk_wu8kg'.
INFO: [IP_Flow 19-1700] Loaded user IP repository '/tmp/finn_dev_ug_lab/code_gen_ipgen_FMPadding_rtl_3_awquvonm'.
INFO: [IP_Flow 19-1700] Loaded user IP repository '/tmp/finn_dev_ug_lab/code_gen_ipgen_StreamingFIFO_rtl_22_s1qyqruq'.
INFO: [IP_Flow 19-1700] Loaded user IP repository '/tmp/finn_dev_ug_lab/code_gen_ipgen_StreamingDataWidthConverter_rtl_9_1ak4tvi0'.
INFO: [IP_Flow 19-1700] Loaded user IP repository '/tmp/finn_dev_ug_lab/code_gen_ipgen_StreamingFIFO_rtl_23_sar4u60w'.
INFO: [IP_Flow 19-1700] Loaded user IP repository '/tmp/finn_dev_ug_lab/code_gen_ipgen_ConvolutionInputGenerator_rtl_3_kgxam4t7'.
INFO: [IP_Flow 19-1700] Loaded user IP repository '/tmp/finn_dev_ug_lab/code_gen_ipgen_StreamingFIFO_rtl_24_t5ax6bpu'.
INFO: [IP_Flow 19-1700] Loaded user IP repository '/tmp/finn_dev_ug_lab/code_gen_ipgen_StreamingDataWidthConverter_rtl_10_q6chrc9m'.
INFO: [IP_Flow 19-1700] Loaded user IP repository '/tmp/finn_dev_ug_lab/code_gen_ipgen_StreamingFIFO_rtl_25_9iwrc41r'.
INFO: [IP_Flow 19-1700] Loaded user IP repository '/tmp/finn_dev_ug_lab/code_gen_ipgen_MVAU_hls_3_3x5e4_l0/project_MVAU_hls_3/sol1/impl/ip'.
INFO: [IP_Flow 19-1700] Loaded user IP repository '/tmp/finn_dev_ug_lab/code_gen_ipgen_StreamingFIFO_rtl_26_i1thacc5'.
INFO: [IP_Flow 19-1700] Loaded user IP repository '/tmp/finn_dev_ug_lab/code_gen_ipgen_StreamingDataWidthConverter_rtl_11_5g7eb0n5'.
INFO: [IP_Flow 19-1700] Loaded user IP repository '/tmp/finn_dev_ug_lab/code_gen_ipgen_StreamingFIFO_rtl_27_a4j1sl04'.
INFO: [IP_Flow 19-1700] Loaded user IP repository '/tmp/finn_dev_ug_lab/code_gen_ipgen_StreamingMaxPool_hls_3_t0395dtr/project_StreamingMaxPool_hls_3/sol1/impl/ip'.
INFO: [IP_Flow 19-1700] Loaded user IP repository '/tmp/finn_dev_ug_lab/code_gen_ipgen_StreamingFIFO_rtl_28_68ew_70i'.
INFO: [IP_Flow 19-1700] Loaded user IP repository '/tmp/finn_dev_ug_lab/code_gen_ipgen_FMPadding_rtl_4_qwowe7as'.
INFO: [IP_Flow 19-1700] Loaded user IP repository '/tmp/finn_dev_ug_lab/code_gen_ipgen_StreamingFIFO_rtl_29_movoptca'.
INFO: [IP_Flow 19-1700] Loaded user IP repository '/tmp/finn_dev_ug_lab/code_gen_ipgen_StreamingDataWidthConverter_rtl_12_emcgwqz8'.
INFO: [IP_Flow 19-1700] Loaded user IP repository '/tmp/finn_dev_ug_lab/code_gen_ipgen_StreamingFIFO_rtl_30_mbzs867v'.
INFO: [IP_Flow 19-1700] Loaded user IP repository '/tmp/finn_dev_ug_lab/code_gen_ipgen_ConvolutionInputGenerator_rtl_4_bj9ztzhu'.
INFO: [IP_Flow 19-1700] Loaded user IP repository '/tmp/finn_dev_ug_lab/code_gen_ipgen_StreamingFIFO_rtl_31_do5uzo8p'.
INFO: [IP_Flow 19-1700] Loaded user IP repository '/tmp/finn_dev_ug_lab/code_gen_ipgen_StreamingDataWidthConverter_rtl_13_rcbhwr8r'.
INFO: [IP_Flow 19-1700] Loaded user IP repository '/tmp/finn_dev_ug_lab/code_gen_ipgen_StreamingFIFO_rtl_32_9simff0k'.
INFO: [IP_Flow 19-1700] Loaded user IP repository '/tmp/finn_dev_ug_lab/code_gen_ipgen_MVAU_hls_4_bf8hvydk/project_MVAU_hls_4/sol1/impl/ip'.
INFO: [IP_Flow 19-1700] Loaded user IP repository '/tmp/finn_dev_ug_lab/code_gen_ipgen_StreamingFIFO_rtl_33_wzqr9_0f'.
INFO: [IP_Flow 19-1700] Loaded user IP repository '/tmp/finn_dev_ug_lab/code_gen_ipgen_StreamingDataWidthConverter_rtl_14_ujar58mh'.
INFO: [IP_Flow 19-1700] Loaded user IP repository '/tmp/finn_dev_ug_lab/code_gen_ipgen_StreamingFIFO_rtl_34_v4q_8w0b'.
INFO: [IP_Flow 19-1700] Loaded user IP repository '/tmp/finn_dev_ug_lab/code_gen_ipgen_StreamingMaxPool_hls_4_wjfji4l7/project_StreamingMaxPool_hls_4/sol1/impl/ip'.
INFO: [IP_Flow 19-1700] Loaded user IP repository '/tmp/finn_dev_ug_lab/code_gen_ipgen_StreamingFIFO_rtl_35_rm7qjnsx'.
INFO: [IP_Flow 19-1700] Loaded user IP repository '/tmp/finn_dev_ug_lab/code_gen_ipgen_FMPadding_rtl_5_fe9ourd6'.
INFO: [IP_Flow 19-1700] Loaded user IP repository '/tmp/finn_dev_ug_lab/code_gen_ipgen_StreamingFIFO_rtl_36_xnwbg58o'.
INFO: [IP_Flow 19-1700] Loaded user IP repository '/tmp/finn_dev_ug_lab/code_gen_ipgen_StreamingDataWidthConverter_rtl_15_fh06umud'.
INFO: [IP_Flow 19-1700] Loaded user IP repository '/tmp/finn_dev_ug_lab/code_gen_ipgen_StreamingFIFO_rtl_37_b9s3au7x'.
INFO: [IP_Flow 19-1700] Loaded user IP repository '/tmp/finn_dev_ug_lab/code_gen_ipgen_ConvolutionInputGenerator_rtl_5_ojizvlo5'.
INFO: [IP_Flow 19-1700] Loaded user IP repository '/tmp/finn_dev_ug_lab/code_gen_ipgen_StreamingFIFO_rtl_38_exe95kjt'.
INFO: [IP_Flow 19-1700] Loaded user IP repository '/tmp/finn_dev_ug_lab/code_gen_ipgen_StreamingDataWidthConverter_rtl_16_jlddzc49'.
INFO: [IP_Flow 19-1700] Loaded user IP repository '/tmp/finn_dev_ug_lab/code_gen_ipgen_StreamingFIFO_rtl_39_iobks8ch'.
INFO: [IP_Flow 19-1700] Loaded user IP repository '/tmp/finn_dev_ug_lab/code_gen_ipgen_MVAU_hls_5_z_abwm0r/project_MVAU_hls_5/sol1/impl/ip'.
INFO: [IP_Flow 19-1700] Loaded user IP repository '/tmp/finn_dev_ug_lab/code_gen_ipgen_StreamingFIFO_rtl_40_o2rinf8o'.
INFO: [IP_Flow 19-1700] Loaded user IP repository '/tmp/finn_dev_ug_lab/code_gen_ipgen_StreamingDataWidthConverter_rtl_17_uwet2jtm'.
INFO: [IP_Flow 19-1700] Loaded user IP repository '/tmp/finn_dev_ug_lab/code_gen_ipgen_StreamingFIFO_rtl_41_bg5j4_on'.
INFO: [IP_Flow 19-1700] Loaded user IP repository '/tmp/finn_dev_ug_lab/code_gen_ipgen_FMPadding_rtl_6_0n5o4tx5'.
INFO: [IP_Flow 19-1700] Loaded user IP repository '/tmp/finn_dev_ug_lab/code_gen_ipgen_StreamingFIFO_rtl_42_aei_pg0x'.
INFO: [IP_Flow 19-1700] Loaded user IP repository '/tmp/finn_dev_ug_lab/code_gen_ipgen_StreamingDataWidthConverter_rtl_18_kdka0bt_'.
INFO: [IP_Flow 19-1700] Loaded user IP repository '/tmp/finn_dev_ug_lab/code_gen_ipgen_StreamingFIFO_rtl_43_3nonuy78'.
INFO: [IP_Flow 19-1700] Loaded user IP repository '/tmp/finn_dev_ug_lab/code_gen_ipgen_ConvolutionInputGenerator_rtl_6_ipt78yet'.
INFO: [IP_Flow 19-1700] Loaded user IP repository '/tmp/finn_dev_ug_lab/code_gen_ipgen_StreamingFIFO_rtl_44_yw00fymr'.
INFO: [IP_Flow 19-1700] Loaded user IP repository '/tmp/finn_dev_ug_lab/code_gen_ipgen_StreamingDataWidthConverter_rtl_19_cel8waiz'.
INFO: [IP_Flow 19-1700] Loaded user IP repository '/tmp/finn_dev_ug_lab/code_gen_ipgen_StreamingFIFO_rtl_45_lh8rqd51'.
INFO: [IP_Flow 19-1700] Loaded user IP repository '/tmp/finn_dev_ug_lab/code_gen_ipgen_MVAU_hls_6_4xmley2e/project_MVAU_hls_6/sol1/impl/ip'.
INFO: [IP_Flow 19-1700] Loaded user IP repository '/tmp/finn_dev_ug_lab/code_gen_ipgen_StreamingFIFO_rtl_46_j235m_9j'.
INFO: [IP_Flow 19-1700] Loaded user IP repository '/tmp/finn_dev_ug_lab/code_gen_ipgen_MVAU_hls_7_qsx_7bko/project_MVAU_hls_7/sol1/impl/ip'.
INFO: [IP_Flow 19-1700] Loaded user IP repository '/tmp/finn_dev_ug_lab/code_gen_ipgen_StreamingFIFO_rtl_47__66qt0z7'.
INFO: [IP_Flow 19-1700] Loaded user IP repository '/tmp/finn_dev_ug_lab/code_gen_ipgen_StreamingDataWidthConverter_rtl_20_liukhrfo'.
INFO: [IP_Flow 19-1700] Loaded user IP repository '/tmp/finn_dev_ug_lab/code_gen_ipgen_StreamingFIFO_rtl_48_fbubumj8'.
INFO: [IP_Flow 19-1700] Loaded user IP repository '/tmp/finn_dev_ug_lab/code_gen_ipgen_FMPadding_rtl_7_kvaz2c7r'.
INFO: [IP_Flow 19-1700] Loaded user IP repository '/tmp/finn_dev_ug_lab/code_gen_ipgen_StreamingFIFO_rtl_49_e1jambqq'.
INFO: [Common 17-14] Message 'IP_Flow 19-1700' appears 100 times and further instances of the messages will be disabled. Use the Tcl command set_msg_config to change the current settings.
INFO: [IP_Flow 19-2313] Loaded Vivado IP repository '/opt/Xilinx/Vivado/2022.2/data/ip'.
INFO: [IP_Flow 19-6924] IPCACHE: Running cache check for IP inst: finn_design_MVAU_hls_2_wstrm_0
Command: synth_design -top finn_design_MVAU_hls_2_wstrm_0 -part xc7z020clg400-1 -incremental_mode off -mode out_of_context
Starting synth_design
Attempting to get a license for feature 'Synthesis' and/or device 'xc7z020'
INFO: [Common 17-349] Got license for feature 'Synthesis' and/or device 'xc7z020'
INFO: [Designutils 20-5008] Incremental synthesis strategy off
INFO: [Synth 8-7079] Multithreading enabled for synth_design using a maximum of 4 processes.
INFO: [Synth 8-7078] Launching helper process for spawning children vivado processes
INFO: [Synth 8-7075] Helper process launched with PID 771226
INFO: [Synth 8-11241] undeclared symbol 'REGCCE', assumed default net type 'wire' [/opt/Xilinx/Vivado/2022.2/data/verilog/src/unimacro/BRAM_SINGLE_MACRO.v:2170]
WARNING: [Synth 8-9661] initial value of parameter 'DEPTH' is omitted [/home/ug_lab/finn/notebooks/pls5/output/stitched_ip/finn_vivado_stitch_proj.gen/sources_1/bd/finn_design/ipshared/bcb1/hdl/memstream.sv:34]
WARNING: [Synth 8-9661] initial value of parameter 'WIDTH' is omitted [/home/ug_lab/finn/notebooks/pls5/output/stitched_ip/finn_vivado_stitch_proj.gen/sources_1/bd/finn_design/ipshared/bcb1/hdl/memstream.sv:35]
WARNING: [Synth 8-10636] default field of an assignment pattern cannot contain another assignment pattern [/home/ug_lab/finn/notebooks/pls5/output/stitched_ip/finn_vivado_stitch_proj.gen/sources_1/bd/finn_design/ipshared/bcb1/hdl/memstream.sv:73]
WARNING: [Synth 8-9661] initial value of parameter 'DEPTH' is omitted [/home/ug_lab/finn/notebooks/pls5/output/stitched_ip/finn_vivado_stitch_proj.gen/sources_1/bd/finn_design/ipshared/bcb1/hdl/memstream_axi.sv:34]
WARNING: [Synth 8-9661] initial value of parameter 'WIDTH' is omitted [/home/ug_lab/finn/notebooks/pls5/output/stitched_ip/finn_vivado_stitch_proj.gen/sources_1/bd/finn_design/ipshared/bcb1/hdl/memstream_axi.sv:35]
WARNING: [Synth 8-10592] closing label :memstream_axi_wrapper is only allowed in SystemVerilog mode [/home/ug_lab/finn/notebooks/pls5/output/stitched_ip/finn_vivado_stitch_proj.gen/sources_1/bd/finn_design/ipshared/bcb1/hdl/memstream_axi_wrapper.v:123]
WARNING: [Synth 8-10592] closing label :memstream_axi_wrapper is only allowed in SystemVerilog mode [/home/ug_lab/finn/notebooks/pls5/output/stitched_ip/finn_vivado_stitch_proj.gen/sources_1/bd/finn_design/ipshared/bcb1/hdl/memstream_axi_wrapper.v:123]
---------------------------------------------------------------------------------
Starting Synthesize : Time (s): cpu = 00:00:03 ; elapsed = 00:00:05 . Memory (MB): peak = 1645.852 ; gain = 375.770 ; free physical = 6968 ; free virtual = 10145
Synthesis current peak Physical Memory [PSS] (MB): peak = 840.556; parent = 716.482; children = 124.073
Synthesis current peak Virtual Memory [VSS] (MB): peak = 2621.051; parent = 1645.855; children = 975.195
---------------------------------------------------------------------------------
INFO: [Synth 8-6157] synthesizing module 'finn_design_MVAU_hls_2_wstrm_0' [/home/ug_lab/finn/notebooks/pls5/output/stitched_ip/finn_vivado_stitch_proj.gen/sources_1/bd/finn_design/ip/finn_design_MVAU_hls_2_wstrm_0/synth/finn_design_MVAU_hls_2_wstrm_0.v:53]
INFO: [Synth 8-6157] synthesizing module 'memstream_axi_wrapper' [/home/ug_lab/finn/notebooks/pls5/output/stitched_ip/finn_vivado_stitch_proj.gen/sources_1/bd/finn_design/ipshared/bcb1/hdl/memstream_axi_wrapper.v:33]
INFO: [Synth 8-6157] synthesizing module 'memstream_axi' [/home/ug_lab/finn/notebooks/pls5/output/stitched_ip/finn_vivado_stitch_proj.gen/sources_1/bd/finn_design/ipshared/bcb1/hdl/memstream_axi.sv:33]
INFO: [Synth 8-6157] synthesizing module 'axi4lite_if' [/home/ug_lab/finn/notebooks/pls5/output/stitched_ip/finn_vivado_stitch_proj.gen/sources_1/bd/finn_design/ipshared/bcb1/hdl/axilite_if.v:31]
INFO: [Synth 8-6155] done synthesizing module 'axi4lite_if' (0#1) [/home/ug_lab/finn/notebooks/pls5/output/stitched_ip/finn_vivado_stitch_proj.gen/sources_1/bd/finn_design/ipshared/bcb1/hdl/axilite_if.v:31]
WARNING: [Synth 8-689] width (32) of port connection 'ip_addr' does not match port width (12) of module 'axi4lite_if' [/home/ug_lab/finn/notebooks/pls5/output/stitched_ip/finn_vivado_stitch_proj.gen/sources_1/bd/finn_design/ipshared/bcb1/hdl/memstream_axi.sv:105]
INFO: [Synth 8-6157] synthesizing module 'memstream' [/home/ug_lab/finn/notebooks/pls5/output/stitched_ip/finn_vivado_stitch_proj.gen/sources_1/bd/finn_design/ipshared/bcb1/hdl/memstream.sv:33]
INFO: [Synth 8-3876] $readmem data file '/tmp/finn_dev_ug_lab/code_gen_ipgen_MVAU_hls_2_f4g_g298/memblock.dat' is read successfully [/home/ug_lab/finn/notebooks/pls5/output/stitched_ip/finn_vivado_stitch_proj.gen/sources_1/bd/finn_design/ipshared/bcb1/hdl/memstream.sv:138]
INFO: [Synth 8-6155] done synthesizing module 'memstream' (0#1) [/home/ug_lab/finn/notebooks/pls5/output/stitched_ip/finn_vivado_stitch_proj.gen/sources_1/bd/finn_design/ipshared/bcb1/hdl/memstream.sv:33]
INFO: [Synth 8-6155] done synthesizing module 'memstream_axi' (0#1) [/home/ug_lab/finn/notebooks/pls5/output/stitched_ip/finn_vivado_stitch_proj.gen/sources_1/bd/finn_design/ipshared/bcb1/hdl/memstream_axi.sv:33]
INFO: [Synth 8-6155] done synthesizing module 'memstream_axi_wrapper' (0#1) [/home/ug_lab/finn/notebooks/pls5/output/stitched_ip/finn_vivado_stitch_proj.gen/sources_1/bd/finn_design/ipshared/bcb1/hdl/memstream_axi_wrapper.v:33]
INFO: [Synth 8-6155] done synthesizing module 'finn_design_MVAU_hls_2_wstrm_0' (0#1) [/home/ug_lab/finn/notebooks/pls5/output/stitched_ip/finn_vivado_stitch_proj.gen/sources_1/bd/finn_design/ip/finn_design_MVAU_hls_2_wstrm_0/synth/finn_design_MVAU_hls_2_wstrm_0.v:53]
WARNING: [Synth 8-6014] Unused sequential element wready_reg was removed.  [/home/ug_lab/finn/notebooks/pls5/output/stitched_ip/finn_vivado_stitch_proj.gen/sources_1/bd/finn_design/ipshared/bcb1/hdl/axilite_if.v:135]
WARNING: [Synth 8-6014] Unused sequential element internal_wack_reg was removed.  [/home/ug_lab/finn/notebooks/pls5/output/stitched_ip/finn_vivado_stitch_proj.gen/sources_1/bd/finn_design/ipshared/bcb1/hdl/axilite_if.v:154]
WARNING: [Synth 8-3936] Found unconnected internal register 'no_fold.ip_wdata_wide_reg' and it is trimmed from '32' to '16' bits. [/home/ug_lab/finn/notebooks/pls5/output/stitched_ip/finn_vivado_stitch_proj.gen/sources_1/bd/finn_design/ipshared/bcb1/hdl/axilite_if.v:164]
WARNING: [Synth 8-3936] Found unconnected internal register 'internal_wdata_reg' and it is trimmed from '32' to '16' bits. [/home/ug_lab/finn/notebooks/pls5/output/stitched_ip/finn_vivado_stitch_proj.gen/sources_1/bd/finn_design/ipshared/bcb1/hdl/axilite_if.v:129]
WARNING: [Synth 8-7129] Port config_address[31] in module memstream is either unconnected or has no load
WARNING: [Synth 8-7129] Port config_address[30] in module memstream is either unconnected or has no load
WARNING: [Synth 8-7129] Port config_address[29] in module memstream is either unconnected or has no load
WARNING: [Synth 8-7129] Port config_address[28] in module memstream is either unconnected or has no load
WARNING: [Synth 8-7129] Port config_address[27] in module memstream is either unconnected or has no load
WARNING: [Synth 8-7129] Port config_address[26] in module memstream is either unconnected or has no load
WARNING: [Synth 8-7129] Port config_address[25] in module memstream is either unconnected or has no load
WARNING: [Synth 8-7129] Port config_address[24] in module memstream is either unconnected or has no load
WARNING: [Synth 8-7129] Port config_address[23] in module memstream is either unconnected or has no load
WARNING: [Synth 8-7129] Port config_address[22] in module memstream is either unconnected or has no load
WARNING: [Synth 8-7129] Port config_address[21] in module memstream is either unconnected or has no load
WARNING: [Synth 8-7129] Port config_address[20] in module memstream is either unconnected or has no load
WARNING: [Synth 8-7129] Port config_address[19] in module memstream is either unconnected or has no load
WARNING: [Synth 8-7129] Port config_address[18] in module memstream is either unconnected or has no load
WARNING: [Synth 8-7129] Port config_address[17] in module memstream is either unconnected or has no load
WARNING: [Synth 8-7129] Port config_address[16] in module memstream is either unconnected or has no load
WARNING: [Synth 8-7129] Port config_address[15] in module memstream is either unconnected or has no load
WARNING: [Synth 8-7129] Port config_address[14] in module memstream is either unconnected or has no load
WARNING: [Synth 8-7129] Port config_address[13] in module memstream is either unconnected or has no load
WARNING: [Synth 8-7129] Port config_address[12] in module memstream is either unconnected or has no load
WARNING: [Synth 8-7129] Port config_address[11] in module memstream is either unconnected or has no load
WARNING: [Synth 8-7129] Port config_address[10] in module memstream is either unconnected or has no load
WARNING: [Synth 8-7129] Port awprot[2] in module axi4lite_if is either unconnected or has no load
WARNING: [Synth 8-7129] Port awprot[1] in module axi4lite_if is either unconnected or has no load
WARNING: [Synth 8-7129] Port awprot[0] in module axi4lite_if is either unconnected or has no load
WARNING: [Synth 8-7129] Port wdata[31] in module axi4lite_if is either unconnected or has no load
WARNING: [Synth 8-7129] Port wdata[30] in module axi4lite_if is either unconnected or has no load
WARNING: [Synth 8-7129] Port wdata[29] in module axi4lite_if is either unconnected or has no load
WARNING: [Synth 8-7129] Port wdata[28] in module axi4lite_if is either unconnected or has no load
WARNING: [Synth 8-7129] Port wdata[27] in module axi4lite_if is either unconnected or has no load
WARNING: [Synth 8-7129] Port wdata[26] in module axi4lite_if is either unconnected or has no load
WARNING: [Synth 8-7129] Port wdata[25] in module axi4lite_if is either unconnected or has no load
WARNING: [Synth 8-7129] Port wdata[24] in module axi4lite_if is either unconnected or has no load
WARNING: [Synth 8-7129] Port wdata[23] in module axi4lite_if is either unconnected or has no load
WARNING: [Synth 8-7129] Port wdata[22] in module axi4lite_if is either unconnected or has no load
WARNING: [Synth 8-7129] Port wdata[21] in module axi4lite_if is either unconnected or has no load
WARNING: [Synth 8-7129] Port wdata[20] in module axi4lite_if is either unconnected or has no load
WARNING: [Synth 8-7129] Port wdata[19] in module axi4lite_if is either unconnected or has no load
WARNING: [Synth 8-7129] Port wdata[18] in module axi4lite_if is either unconnected or has no load
WARNING: [Synth 8-7129] Port wdata[17] in module axi4lite_if is either unconnected or has no load
WARNING: [Synth 8-7129] Port wdata[16] in module axi4lite_if is either unconnected or has no load
WARNING: [Synth 8-7129] Port wstrb[3] in module axi4lite_if is either unconnected or has no load
WARNING: [Synth 8-7129] Port wstrb[2] in module axi4lite_if is either unconnected or has no load
WARNING: [Synth 8-7129] Port wstrb[1] in module axi4lite_if is either unconnected or has no load
WARNING: [Synth 8-7129] Port wstrb[0] in module axi4lite_if is either unconnected or has no load
WARNING: [Synth 8-7129] Port arprot[2] in module axi4lite_if is either unconnected or has no load
WARNING: [Synth 8-7129] Port arprot[1] in module axi4lite_if is either unconnected or has no load
WARNING: [Synth 8-7129] Port arprot[0] in module axi4lite_if is either unconnected or has no load
---------------------------------------------------------------------------------
Finished Synthesize : Time (s): cpu = 00:00:04 ; elapsed = 00:00:06 . Memory (MB): peak = 1714.820 ; gain = 444.738 ; free physical = 6096 ; free virtual = 9270
Synthesis current peak Physical Memory [PSS] (MB): peak = 840.556; parent = 716.482; children = 124.073
Synthesis current peak Virtual Memory [VSS] (MB): peak = 2690.020; parent = 1714.824; children = 975.195
---------------------------------------------------------------------------------
---------------------------------------------------------------------------------
Finished Constraint Validation : Time (s): cpu = 00:00:05 ; elapsed = 00:00:07 . Memory (MB): peak = 1732.633 ; gain = 462.551 ; free physical = 5946 ; free virtual = 9120
Synthesis current peak Physical Memory [PSS] (MB): peak = 840.556; parent = 716.482; children = 124.073
Synthesis current peak Virtual Memory [VSS] (MB): peak = 2707.832; parent = 1732.637; children = 975.195
---------------------------------------------------------------------------------
---------------------------------------------------------------------------------
Start Loading Part and Timing Information
---------------------------------------------------------------------------------
Loading part: xc7z020clg400-1
---------------------------------------------------------------------------------
Finished Loading Part and Timing Information : Time (s): cpu = 00:00:05 ; elapsed = 00:00:07 . Memory (MB): peak = 1740.637 ; gain = 470.555 ; free physical = 5942 ; free virtual = 9119
INFO: [Device 21-403] Loading part xc7z020clg400-1
Synthesis current peak Physical Memory [PSS] (MB): peak = 840.556; parent = 716.482; children = 124.073
Synthesis current peak Virtual Memory [VSS] (MB): peak = 2715.836; parent = 1740.641; children = 975.195
---------------------------------------------------------------------------------
INFO: [Synth 8-802] inferred FSM for state register 'state_reg' in module 'axi4lite_if'
---------------------------------------------------------------------------------------------------
                   State |                     New Encoding |                Previous Encoding 
---------------------------------------------------------------------------------------------------
              STATE_IDLE |                               00 |                               00
             STATE_WRITE |                               01 |                               10
              STATE_READ |                               10 |                               01
---------------------------------------------------------------------------------------------------
INFO: [Synth 8-3354] encoded FSM with state register 'state_reg' using encoding 'sequential' in module 'axi4lite_if'
---------------------------------------------------------------------------------
Finished RTL Optimization Phase 2 : Time (s): cpu = 00:00:05 ; elapsed = 00:00:07 . Memory (MB): peak = 1749.543 ; gain = 479.461 ; free physical = 5959 ; free virtual = 9138
Synthesis current peak Physical Memory [PSS] (MB): peak = 840.556; parent = 716.482; children = 124.073
Synthesis current peak Virtual Memory [VSS] (MB): peak = 2724.742; parent = 1749.547; children = 975.195
---------------------------------------------------------------------------------
No constraint files found.
---------------------------------------------------------------------------------
Start RTL Component Statistics 
---------------------------------------------------------------------------------
Detailed RTL Component Info : 
+---Adders : 
	   2 Input   10 Bit       Adders := 1     
+---Registers : 
	               32 Bit    Registers := 1     
	               16 Bit    Registers := 2     
	               12 Bit    Registers := 1     
	               10 Bit    Registers := 2     
	                2 Bit    Registers := 2     
	                1 Bit    Registers := 13    
+---RAMs : 
	               9K Bit	(576 X 16 bit)          RAMs := 1     
+---Muxes : 
	   2 Input   16 Bit        Muxes := 1     
	   2 Input   12 Bit        Muxes := 1     
	   2 Input   10 Bit        Muxes := 3     
	   3 Input    9 Bit        Muxes := 1     
	   3 Input    2 Bit        Muxes := 1     
	   2 Input    2 Bit        Muxes := 1     
	   2 Input    1 Bit        Muxes := 10    
	   3 Input    1 Bit        Muxes := 1     
---------------------------------------------------------------------------------
Finished RTL Component Statistics 
---------------------------------------------------------------------------------
---------------------------------------------------------------------------------
Start Part Resource Summary
---------------------------------------------------------------------------------
Part Resources:
DSPs: 220 (col length:60)
BRAMs: 280 (col length: RAMB18 60 RAMB36 30)
---------------------------------------------------------------------------------
Finished Part Resource Summary
---------------------------------------------------------------------------------
No constraint files found.
---------------------------------------------------------------------------------
Start Cross Boundary and Area Optimization
---------------------------------------------------------------------------------
WARNING: [Synth 8-7080] Parallel synthesis criteria is not met
INFO: [Synth 8-3936] Found unconnected internal register 'inst/core/config_if/ip_addr_reg' and it is trimmed from '12' to '10' bits. [/home/ug_lab/finn/notebooks/pls5/output/stitched_ip/finn_vivado_stitch_proj.gen/sources_1/bd/finn_design/ipshared/bcb1/hdl/axilite_if.v:153]
WARNING: [Synth 8-7129] Port awprot[2] in module finn_design_MVAU_hls_2_wstrm_0 is either unconnected or has no load
WARNING: [Synth 8-7129] Port awprot[1] in module finn_design_MVAU_hls_2_wstrm_0 is either unconnected or has no load
WARNING: [Synth 8-7129] Port awprot[0] in module finn_design_MVAU_hls_2_wstrm_0 is either unconnected or has no load
WARNING: [Synth 8-7129] Port awaddr[1] in module finn_design_MVAU_hls_2_wstrm_0 is either unconnected or has no load
WARNING: [Synth 8-7129] Port awaddr[0] in module finn_design_MVAU_hls_2_wstrm_0 is either unconnected or has no load
WARNING: [Synth 8-7129] Port wdata[31] in module finn_design_MVAU_hls_2_wstrm_0 is either unconnected or has no load
WARNING: [Synth 8-7129] Port wdata[30] in module finn_design_MVAU_hls_2_wstrm_0 is either unconnected or has no load
WARNING: [Synth 8-7129] Port wdata[29] in module finn_design_MVAU_hls_2_wstrm_0 is either unconnected or has no load
WARNING: [Synth 8-7129] Port wdata[28] in module finn_design_MVAU_hls_2_wstrm_0 is either unconnected or has no load
WARNING: [Synth 8-7129] Port wdata[27] in module finn_design_MVAU_hls_2_wstrm_0 is either unconnected or has no load
WARNING: [Synth 8-7129] Port wdata[26] in module finn_design_MVAU_hls_2_wstrm_0 is either unconnected or has no load
WARNING: [Synth 8-7129] Port wdata[25] in module finn_design_MVAU_hls_2_wstrm_0 is either unconnected or has no load
WARNING: [Synth 8-7129] Port wdata[24] in module finn_design_MVAU_hls_2_wstrm_0 is either unconnected or has no load
WARNING: [Synth 8-7129] Port wdata[23] in module finn_design_MVAU_hls_2_wstrm_0 is either unconnected or has no load
WARNING: [Synth 8-7129] Port wdata[22] in module finn_design_MVAU_hls_2_wstrm_0 is either unconnected or has no load
WARNING: [Synth 8-7129] Port wdata[21] in module finn_design_MVAU_hls_2_wstrm_0 is either unconnected or has no load
WARNING: [Synth 8-7129] Port wdata[20] in module finn_design_MVAU_hls_2_wstrm_0 is either unconnected or has no load
WARNING: [Synth 8-7129] Port wdata[19] in module finn_design_MVAU_hls_2_wstrm_0 is either unconnected or has no load
WARNING: [Synth 8-7129] Port wdata[18] in module finn_design_MVAU_hls_2_wstrm_0 is either unconnected or has no load
WARNING: [Synth 8-7129] Port wdata[17] in module finn_design_MVAU_hls_2_wstrm_0 is either unconnected or has no load
WARNING: [Synth 8-7129] Port wdata[16] in module finn_design_MVAU_hls_2_wstrm_0 is either unconnected or has no load
WARNING: [Synth 8-7129] Port wstrb[3] in module finn_design_MVAU_hls_2_wstrm_0 is either unconnected or has no load
WARNING: [Synth 8-7129] Port wstrb[2] in module finn_design_MVAU_hls_2_wstrm_0 is either unconnected or has no load
WARNING: [Synth 8-7129] Port wstrb[1] in module finn_design_MVAU_hls_2_wstrm_0 is either unconnected or has no load
WARNING: [Synth 8-7129] Port wstrb[0] in module finn_design_MVAU_hls_2_wstrm_0 is either unconnected or has no load
WARNING: [Synth 8-7129] Port arprot[2] in module finn_design_MVAU_hls_2_wstrm_0 is either unconnected or has no load
WARNING: [Synth 8-7129] Port arprot[1] in module finn_design_MVAU_hls_2_wstrm_0 is either unconnected or has no load
WARNING: [Synth 8-7129] Port arprot[0] in module finn_design_MVAU_hls_2_wstrm_0 is either unconnected or has no load
WARNING: [Synth 8-7129] Port araddr[1] in module finn_design_MVAU_hls_2_wstrm_0 is either unconnected or has no load
WARNING: [Synth 8-7129] Port araddr[0] in module finn_design_MVAU_hls_2_wstrm_0 is either unconnected or has no load
---------------------------------------------------------------------------------
Finished Cross Boundary and Area Optimization : Time (s): cpu = 00:00:08 ; elapsed = 00:00:11 . Memory (MB): peak = 1890.637 ; gain = 620.555 ; free physical = 4474 ; free virtual = 7707
Synthesis current peak Physical Memory [PSS] (MB): peak = 1070.649; parent = 947.744; children = 124.073
Synthesis current peak Virtual Memory [VSS] (MB): peak = 2865.836; parent = 1890.641; children = 975.195
---------------------------------------------------------------------------------
---------------------------------------------------------------------------------
Start ROM, RAM, DSP, Shift Register and Retiming Reporting
---------------------------------------------------------------------------------

Block RAM: Preliminary Mapping Report (see note below)
+-------------------------------+---------------------------------+------------------------+---+---+------------------------+---+---+------------------+--------+--------+
|Module Name                    | RTL Object                      | PORT A (Depth x Width) | W | R | PORT B (Depth x Width) | W | R | Ports driving FF | RAMB18 | RAMB36 | 
+-------------------------------+---------------------------------+------------------------+---+---+------------------------+---+---+------------------+--------+--------+
|finn_design_MVAU_hls_2_wstrm_0 | inst/core/mem/blkStage2.Mem_reg | 0 K x 16(READ_FIRST)   | W | R |                        |   |   | Port A           | 1      | 0      | 
+-------------------------------+---------------------------------+------------------------+---+---+------------------------+---+---+------------------+--------+--------+

Note: The table above is a preliminary report that shows the Block RAMs at the current stage of the synthesis flow. Some Block RAMs may be reimplemented as non Block RAM primitives later in the synthesis flow. Multiple instantiated Block RAMs are reported only once. 
---------------------------------------------------------------------------------
Finished ROM, RAM, DSP, Shift Register and Retiming Reporting
---------------------------------------------------------------------------------
No constraint files found.
---------------------------------------------------------------------------------
Start Timing Optimization
---------------------------------------------------------------------------------
---------------------------------------------------------------------------------
Finished Timing Optimization : Time (s): cpu = 00:00:08 ; elapsed = 00:00:12 . Memory (MB): peak = 1890.637 ; gain = 620.555 ; free physical = 4427 ; free virtual = 7662
Synthesis current peak Physical Memory [PSS] (MB): peak = 1073.410; parent = 950.521; children = 124.073
Synthesis current peak Virtual Memory [VSS] (MB): peak = 2865.836; parent = 1890.641; children = 975.195
---------------------------------------------------------------------------------
---------------------------------------------------------------------------------
Start ROM, RAM, DSP, Shift Register and Retiming Reporting
---------------------------------------------------------------------------------

Block RAM: Final Mapping Report
+-------------------------------+---------------------------------+------------------------+---+---+------------------------+---+---+------------------+--------+--------+
|Module Name                    | RTL Object                      | PORT A (Depth x Width) | W | R | PORT B (Depth x Width) | W | R | Ports driving FF | RAMB18 | RAMB36 | 
+-------------------------------+---------------------------------+------------------------+---+---+------------------------+---+---+------------------+--------+--------+
|finn_design_MVAU_hls_2_wstrm_0 | inst/core/mem/blkStage2.Mem_reg | 0 K x 16(READ_FIRST)   | W | R |                        |   |   | Port A           | 1      | 0      | 
+-------------------------------+---------------------------------+------------------------+---+---+------------------------+---+---+------------------+--------+--------+

---------------------------------------------------------------------------------
Finished ROM, RAM, DSP, Shift Register and Retiming Reporting
---------------------------------------------------------------------------------
---------------------------------------------------------------------------------
Start Technology Mapping
---------------------------------------------------------------------------------
INFO: [Synth 8-7052] The timing for the instance inst/core/mem/blkStage2.Mem_reg (implemented as a Block RAM) might be sub-optimal as no optional output register could be merged into the ram block. Providing additional output register may help in improving timing.
---------------------------------------------------------------------------------
Finished Technology Mapping : Time (s): cpu = 00:00:08 ; elapsed = 00:00:12 . Memory (MB): peak = 1898.645 ; gain = 628.562 ; free physical = 4377 ; free virtual = 7617
Synthesis current peak Physical Memory [PSS] (MB): peak = 1074.114; parent = 951.244; children = 124.073
Synthesis current peak Virtual Memory [VSS] (MB): peak = 2873.844; parent = 1898.648; children = 975.195
---------------------------------------------------------------------------------
---------------------------------------------------------------------------------
Start IO Insertion
---------------------------------------------------------------------------------
---------------------------------------------------------------------------------
Start Flattening Before IO Insertion
---------------------------------------------------------------------------------
---------------------------------------------------------------------------------
Finished Flattening Before IO Insertion
---------------------------------------------------------------------------------
---------------------------------------------------------------------------------
Start Final Netlist Cleanup
---------------------------------------------------------------------------------
---------------------------------------------------------------------------------
Finished Final Netlist Cleanup
---------------------------------------------------------------------------------
---------------------------------------------------------------------------------
Finished IO Insertion : Time (s): cpu = 00:00:11 ; elapsed = 00:00:16 . Memory (MB): peak = 1898.645 ; gain = 628.562 ; free physical = 2765 ; free virtual = 6024
Synthesis current peak Physical Memory [PSS] (MB): peak = 1074.114; parent = 951.244; children = 124.073
Synthesis current peak Virtual Memory [VSS] (MB): peak = 2873.844; parent = 1898.648; children = 975.195
---------------------------------------------------------------------------------
---------------------------------------------------------------------------------
Start Renaming Generated Instances
---------------------------------------------------------------------------------
---------------------------------------------------------------------------------
Finished Renaming Generated Instances : Time (s): cpu = 00:00:11 ; elapsed = 00:00:16 . Memory (MB): peak = 1898.645 ; gain = 628.562 ; free physical = 2746 ; free virtual = 6005
Synthesis current peak Physical Memory [PSS] (MB): peak = 1074.114; parent = 951.244; children = 124.073
Synthesis current peak Virtual Memory [VSS] (MB): peak = 2873.844; parent = 1898.648; children = 975.195
---------------------------------------------------------------------------------
---------------------------------------------------------------------------------
Start Rebuilding User Hierarchy
---------------------------------------------------------------------------------
---------------------------------------------------------------------------------
Finished Rebuilding User Hierarchy : Time (s): cpu = 00:00:11 ; elapsed = 00:00:16 . Memory (MB): peak = 1898.645 ; gain = 628.562 ; free physical = 2685 ; free virtual = 5944
Synthesis current peak Physical Memory [PSS] (MB): peak = 1074.114; parent = 951.244; children = 124.073
Synthesis current peak Virtual Memory [VSS] (MB): peak = 2873.844; parent = 1898.648; children = 975.195
---------------------------------------------------------------------------------
---------------------------------------------------------------------------------
Start Renaming Generated Ports
---------------------------------------------------------------------------------
---------------------------------------------------------------------------------
Finished Renaming Generated Ports : Time (s): cpu = 00:00:11 ; elapsed = 00:00:16 . Memory (MB): peak = 1898.645 ; gain = 628.562 ; free physical = 2667 ; free virtual = 5926
Synthesis current peak Physical Memory [PSS] (MB): peak = 1074.114; parent = 951.244; children = 124.073
Synthesis current peak Virtual Memory [VSS] (MB): peak = 2873.844; parent = 1898.648; children = 975.195
---------------------------------------------------------------------------------
---------------------------------------------------------------------------------
Start Handling Custom Attributes
---------------------------------------------------------------------------------
---------------------------------------------------------------------------------
Finished Handling Custom Attributes : Time (s): cpu = 00:00:11 ; elapsed = 00:00:16 . Memory (MB): peak = 1898.645 ; gain = 628.562 ; free physical = 2683 ; free virtual = 5943
Synthesis current peak Physical Memory [PSS] (MB): peak = 1074.114; parent = 951.244; children = 124.073
Synthesis current peak Virtual Memory [VSS] (MB): peak = 2873.844; parent = 1898.648; children = 975.195
---------------------------------------------------------------------------------
---------------------------------------------------------------------------------
Start Renaming Generated Nets
---------------------------------------------------------------------------------
---------------------------------------------------------------------------------
Finished Renaming Generated Nets : Time (s): cpu = 00:00:11 ; elapsed = 00:00:17 . Memory (MB): peak = 1898.645 ; gain = 628.562 ; free physical = 2800 ; free virtual = 6059
Synthesis current peak Physical Memory [PSS] (MB): peak = 1074.114; parent = 951.244; children = 124.073
Synthesis current peak Virtual Memory [VSS] (MB): peak = 2873.844; parent = 1898.648; children = 975.195
---------------------------------------------------------------------------------
---------------------------------------------------------------------------------
Start Writing Synthesis Report
---------------------------------------------------------------------------------

Report BlackBoxes: 
+-+--------------+----------+
| |BlackBox name |Instances |
+-+--------------+----------+
+-+--------------+----------+

Report Cell Usage: 
+------+---------+------+
|      |Cell     |Count |
+------+---------+------+
|1     |CARRY4   |     3|
|2     |LUT1     |     1|
|3     |LUT2     |    19|
|4     |LUT3     |    12|
|5     |LUT4     |     4|
|6     |LUT5     |     7|
|7     |LUT6     |    33|
|8     |RAMB18E1 |     1|
|9     |FDCE     |    20|
|10    |FDRE     |    83|
+------+---------+------+

Report Instance Areas: 
+------+----------------+----------------------+------+
|      |Instance        |Module                |Cells |
+------+----------------+----------------------+------+
|1     |top             |                      |   183|
|2     |  inst          |memstream_axi_wrapper |   183|
|3     |    core        |memstream_axi         |   183|
|4     |      config_if |axi4lite_if           |    70|
|5     |      mem       |memstream             |   113|
+------+----------------+----------------------+------+
---------------------------------------------------------------------------------
Finished Writing Synthesis Report : Time (s): cpu = 00:00:11 ; elapsed = 00:00:17 . Memory (MB): peak = 1898.645 ; gain = 628.562 ; free physical = 2819 ; free virtual = 6081
Synthesis current peak Physical Memory [PSS] (MB): peak = 1074.114; parent = 951.244; children = 124.073
Synthesis current peak Virtual Memory [VSS] (MB): peak = 2873.844; parent = 1898.648; children = 975.195
---------------------------------------------------------------------------------
Synthesis finished with 0 errors, 0 critical warnings and 91 warnings.
Synthesis Optimization Runtime : Time (s): cpu = 00:00:11 ; elapsed = 00:00:17 . Memory (MB): peak = 1898.645 ; gain = 628.562 ; free physical = 2772 ; free virtual = 6036
Synthesis Optimization Complete : Time (s): cpu = 00:00:11 ; elapsed = 00:00:17 . Memory (MB): peak = 1898.652 ; gain = 628.562 ; free physical = 2781 ; free virtual = 6046
INFO: [Project 1-571] Translating synthesized netlist
Netlist sorting complete. Time (s): cpu = 00:00:00 ; elapsed = 00:00:00 . Memory (MB): peak = 1905.582 ; gain = 0.000 ; free physical = 2833 ; free virtual = 6093
INFO: [Netlist 29-17] Analyzing 4 Unisim elements for replacement
INFO: [Netlist 29-28] Unisim Transformation completed in 0 CPU seconds
INFO: [Project 1-570] Preparing netlist for logic optimization
INFO: [Opt 31-138] Pushed 0 inverter(s) to 0 load pin(s).
Netlist sorting complete. Time (s): cpu = 00:00:00 ; elapsed = 00:00:00 . Memory (MB): peak = 2036.230 ; gain = 0.000 ; free physical = 2232 ; free virtual = 5483
INFO: [Project 1-111] Unisim Transformation Summary:
No Unisim elements were transformed.

Synth Design complete, checksum: 979a8178
INFO: [Common 17-83] Releasing license: Synthesis
133 Infos, 91 Warnings, 0 Critical Warnings and 0 Errors encountered.
synth_design completed successfully
synth_design: Time (s): cpu = 00:00:15 ; elapsed = 00:00:19 . Memory (MB): peak = 2036.230 ; gain = 769.117 ; free physical = 2160 ; free virtual = 5412
INFO: [Timing 38-35] Done setting XDC timing constraints.
INFO: [Common 17-1381] The checkpoint '/home/ug_lab/finn/notebooks/pls5/output/stitched_ip/finn_vivado_stitch_proj.runs/finn_design_MVAU_hls_2_wstrm_0_synth_1/finn_design_MVAU_hls_2_wstrm_0.dcp' has been generated.
write_checkpoint: Time (s): cpu = 00:00:04 ; elapsed = 00:00:07 . Memory (MB): peak = 2375.215 ; gain = 338.984 ; free physical = 3097 ; free virtual = 6344
INFO: [Coretcl 2-1648] Added synthesis output to IP cache for IP finn_design_MVAU_hls_2_wstrm_0, cache-ID = 7aa97e12f9801843
INFO: [Coretcl 2-1174] Renamed 4 cell refs.
INFO: [Common 17-1381] The checkpoint '/home/ug_lab/finn/notebooks/pls5/output/stitched_ip/finn_vivado_stitch_proj.runs/finn_design_MVAU_hls_2_wstrm_0_synth_1/finn_design_MVAU_hls_2_wstrm_0.dcp' has been generated.
INFO: [runtcl-4] Executing : report_utilization -file finn_design_MVAU_hls_2_wstrm_0_utilization_synth.rpt -pb finn_design_MVAU_hls_2_wstrm_0_utilization_synth.pb
INFO: [Common 17-206] Exiting Vivado at Mon Feb 16 18:39:14 2026...
